
*** Running vivado
    with args -log fpga_basicIO_mems.vdi -applog -m64 -product Vivado -messageDb vivado.pb -mode batch -source fpga_basicIO_mems.tcl -notrace


ECHO est† desativado.
ECHO est† desativado.

****** Vivado v2023.2 (64-bit)
  **** SW Build 4029153 on Fri Oct 13 20:14:34 MDT 2023
  **** IP Build 4028589 on Sat Oct 14 00:45:43 MDT 2023
  **** SharedData Build 4025554 on Tue Oct 10 17:18:54 MDT 2023
    ** Copyright 1986-2022 Xilinx, Inc. All Rights Reserved.
    ** Copyright 2022-2023 Advanced Micro Devices, Inc. All Rights Reserved.

source fpga_basicIO_mems.tcl -notrace
create_project: Time (s): cpu = 00:00:04 ; elapsed = 00:00:06 . Memory (MB): peak = 451.301 ; gain = 183.379
Command: link_design -top fpga_basicIO_mems -part xc7a35tcpg236-1
Design is defaulting to srcset: sources_1
Design is defaulting to constrset: constrs_1
INFO: [Device 21-403] Loading part xc7a35tcpg236-1
INFO: [Project 1-454] Reading design checkpoint 'c:/Users/guivi/Downloads/P3_baseline/nn_rd_mems.xpr/nn_rd_mems/nn_rd_mems.gen/sources_1/ip/Q08toBCD/Q08toBCD.dcp' for cell 'instance_toBCD'
INFO: [Project 1-454] Reading design checkpoint 'c:/Users/guivi/Downloads/P3_baseline/nn_rd_mems.xpr/nn_rd_mems/nn_rd_mems.gen/sources_1/ip/images_mem/images_mem.dcp' for cell 'inst_circuito/inst_datapath/inst_datapath/instance_images'
INFO: [Project 1-454] Reading design checkpoint 'c:/Users/guivi/Downloads/P3_baseline/nn_rd_mems.xpr/nn_rd_mems/nn_rd_mems.gen/sources_1/ip/weights1/weights1.dcp' for cell 'inst_circuito/inst_datapath/inst_datapath/instance_weights1'
INFO: [Project 1-454] Reading design checkpoint 'c:/Users/guivi/Downloads/P3_baseline/nn_rd_mems.xpr/nn_rd_mems/nn_rd_mems.gen/sources_1/ip/weights2/weights2.dcp' for cell 'inst_circuito/inst_datapath/inst_datapath/instance_weights2'
Netlist sorting complete. Time (s): cpu = 00:00:00 ; elapsed = 00:00:00.047 . Memory (MB): peak = 888.176 ; gain = 0.000
INFO: [Netlist 29-17] Analyzing 56 Unisim elements for replacement
INFO: [Netlist 29-28] Unisim Transformation completed in 0 CPU seconds
INFO: [Project 1-479] Netlist was created with Vivado 2023.2
INFO: [Project 1-570] Preparing netlist for logic optimization
Parsing XDC File [C:/Users/guivi/Downloads/P3_baseline/nn_rd_mems.xpr/nn_rd_mems/nn_rd_mems.srcs/constrs_1/imports/P3/Basys3_Master.xdc]
Finished Parsing XDC File [C:/Users/guivi/Downloads/P3_baseline/nn_rd_mems.xpr/nn_rd_mems/nn_rd_mems.srcs/constrs_1/imports/P3/Basys3_Master.xdc]
INFO: [Opt 31-138] Pushed 0 inverter(s) to 0 load pin(s).
Netlist sorting complete. Time (s): cpu = 00:00:00 ; elapsed = 00:00:00 . Memory (MB): peak = 1013.598 ; gain = 0.000
INFO: [Project 1-111] Unisim Transformation Summary:
No Unisim elements were transformed.

O sistema n∆o pode encontrar o caminho especificado.
11 Infos, 0 Warnings, 0 Critical Warnings and 0 Errors encountered.
link_design completed successfully
link_design: Time (s): cpu = 00:00:06 ; elapsed = 00:00:07 . Memory (MB): peak = 1013.598 ; gain = 546.746
Command: opt_design
Attempting to get a license for feature 'Implementation' and/or device 'xc7a35t'
INFO: [Common 17-349] Got license for feature 'Implementation' and/or device 'xc7a35t'
Running DRC as a precondition to command opt_design

Starting DRC Task
INFO: [DRC 23-27] Running DRC with 2 threads
INFO: [Project 1-461] DRC finished with 0 Errors
INFO: [Project 1-462] Please refer to the DRC report (report_drc) for more information.

Time (s): cpu = 00:00:01 ; elapsed = 00:00:01 . Memory (MB): peak = 1039.648 ; gain = 26.051

Starting Cache Timing Information Task
INFO: [Timing 38-35] Done setting XDC timing constraints.
Ending Cache Timing Information Task | Checksum: 1352dccd7

Time (s): cpu = 00:00:07 ; elapsed = 00:00:08 . Memory (MB): peak = 1562.848 ; gain = 523.199

Starting Logic Optimization Task

Phase 1 Initialization

Phase 1.1 Core Generation And Design Setup
Phase 1.1 Core Generation And Design Setup | Checksum: 1352dccd7

Time (s): cpu = 00:00:00 ; elapsed = 00:00:00.005 . Memory (MB): peak = 1930.145 ; gain = 0.000

Phase 1.2 Setup Constraints And Sort Netlist
Phase 1.2 Setup Constraints And Sort Netlist | Checksum: 1352dccd7

Time (s): cpu = 00:00:00 ; elapsed = 00:00:00.008 . Memory (MB): peak = 1930.145 ; gain = 0.000
Phase 1 Initialization | Checksum: 1352dccd7

Time (s): cpu = 00:00:00 ; elapsed = 00:00:00.008 . Memory (MB): peak = 1930.145 ; gain = 0.000

Phase 2 Timer Update And Timing Data Collection

Phase 2.1 Timer Update
Phase 2.1 Timer Update | Checksum: 1352dccd7

Time (s): cpu = 00:00:00 ; elapsed = 00:00:00.030 . Memory (MB): peak = 1930.145 ; gain = 0.000

Phase 2.2 Timing Data Collection
Phase 2.2 Timing Data Collection | Checksum: 1352dccd7

Time (s): cpu = 00:00:00 ; elapsed = 00:00:00.048 . Memory (MB): peak = 1930.145 ; gain = 0.000
Phase 2 Timer Update And Timing Data Collection | Checksum: 1352dccd7

Time (s): cpu = 00:00:00 ; elapsed = 00:00:00.048 . Memory (MB): peak = 1930.145 ; gain = 0.000

Phase 3 Retarget
WARNING: [Opt 31-155] Driverless net inst_circuito/inst_datapath/inst_datapath/instance_weights1/U0/inst_blk_mem_gen/gnbram.gnativebmg.native_blk_mem_gen/valid.cstr/ramloop[2].ram.r/prim_init.ram/addra[12] is driving LUT input pin I0 which is used by the LUT equation. If the LUT is not removed or a driver added, this warning will become an error. LUT cell name: inst_circuito/inst_datapath/inst_datapath/instance_weights1/U0/inst_blk_mem_gen/gnbram.gnativebmg.native_blk_mem_gen/valid.cstr/ramloop[2].ram.r/prim_init.ram/DEVICE_7SERIES.NO_BMM_INFO.TRUE_DP.SIMPLE_PRIM36.ram_i_1
WARNING: [Opt 31-155] Driverless net inst_mems/instance_weights1/U0/inst_blk_mem_gen/gnbram.gnativebmg.native_blk_mem_gen/valid.cstr/ramloop[2].ram.r/prim_init.ram/addra[12] is driving LUT input pin I0 which is used by the LUT equation. If the LUT is not removed or a driver added, this warning will become an error. LUT cell name: inst_mems/instance_weights1/U0/inst_blk_mem_gen/gnbram.gnativebmg.native_blk_mem_gen/valid.cstr/ramloop[2].ram.r/prim_init.ram/DEVICE_7SERIES.NO_BMM_INFO.TRUE_DP.SIMPLE_PRIM36.ram_i_1
INFO: [Opt 31-138] Pushed 2 inverter(s) to 4 load pin(s).
CRITICAL WARNING: [Opt 31-430] Found a FDRE that its data pin is undriven. Driver is required to prevent unexpected behavior:inst_circuito/inst_datapath/inst_datapath/instance_weights1/U0/inst_blk_mem_gen/gnbram.gnativebmg.native_blk_mem_gen/valid.cstr/has_mux_a.A/no_softecc_sel_reg.ce_pri.sel_pipe_reg[0]
CRITICAL WARNING: [Opt 31-430] Found a FDRE that its data pin is undriven. Driver is required to prevent unexpected behavior:inst_mems/instance_weights1/U0/inst_blk_mem_gen/gnbram.gnativebmg.native_blk_mem_gen/valid.cstr/has_mux_a.A/no_softecc_sel_reg.ce_pri.sel_pipe_reg[0]
INFO: [Opt 31-49] Retargeted 0 cell(s).
Phase 3 Retarget | Checksum: 15a4f8748

Time (s): cpu = 00:00:00 ; elapsed = 00:00:00.111 . Memory (MB): peak = 1930.145 ; gain = 0.000
Retarget | Checksum: 15a4f8748
INFO: [Opt 31-389] Phase Retarget created 4 cells and removed 8 cells

Phase 4 Constant propagation
CRITICAL WARNING: [Opt 31-430] Found a FDRE that its data pin is undriven. Driver is required to prevent unexpected behavior:inst_circuito/inst_datapath/inst_datapath/instance_weights1/U0/inst_blk_mem_gen/gnbram.gnativebmg.native_blk_mem_gen/valid.cstr/has_mux_a.A/no_softecc_sel_reg.ce_pri.sel_pipe_reg[0]
CRITICAL WARNING: [Opt 31-430] Found a FDRE that its data pin is undriven. Driver is required to prevent unexpected behavior:inst_mems/instance_weights1/U0/inst_blk_mem_gen/gnbram.gnativebmg.native_blk_mem_gen/valid.cstr/has_mux_a.A/no_softecc_sel_reg.ce_pri.sel_pipe_reg[0]
INFO: [Opt 31-138] Pushed 0 inverter(s) to 0 load pin(s).
Phase 4 Constant propagation | Checksum: 11f12b66e

Time (s): cpu = 00:00:00 ; elapsed = 00:00:00.122 . Memory (MB): peak = 1930.145 ; gain = 0.000
Constant propagation | Checksum: 11f12b66e
INFO: [Opt 31-389] Phase Constant propagation created 0 cells and removed 34 cells

Phase 5 Sweep
Phase 5 Sweep | Checksum: 10225fcbf

Time (s): cpu = 00:00:01 ; elapsed = 00:00:00.236 . Memory (MB): peak = 1930.145 ; gain = 0.000
Sweep | Checksum: 10225fcbf
INFO: [Opt 31-389] Phase Sweep created 0 cells and removed 149 cells

Phase 6 BUFG optimization
Phase 6 BUFG optimization | Checksum: 10225fcbf

Time (s): cpu = 00:00:01 ; elapsed = 00:00:00.295 . Memory (MB): peak = 1930.145 ; gain = 0.000
BUFG optimization | Checksum: 10225fcbf
INFO: [Opt 31-662] Phase BUFG optimization created 0 cells of which 0 are BUFGs and removed 0 cells.

Phase 7 Shift Register Optimization
INFO: [Opt 31-1064] SRL Remap converted 0 SRLs to 0 registers and converted 0 registers of register chains to 0 SRLs
Phase 7 Shift Register Optimization | Checksum: 10225fcbf

Time (s): cpu = 00:00:01 ; elapsed = 00:00:00.298 . Memory (MB): peak = 1930.145 ; gain = 0.000
Shift Register Optimization | Checksum: 10225fcbf
INFO: [Opt 31-389] Phase Shift Register Optimization created 0 cells and removed 0 cells

Phase 8 Post Processing Netlist
Phase 8 Post Processing Netlist | Checksum: 10225fcbf

Time (s): cpu = 00:00:01 ; elapsed = 00:00:00.302 . Memory (MB): peak = 1930.145 ; gain = 0.000
Post Processing Netlist | Checksum: 10225fcbf
INFO: [Opt 31-389] Phase Post Processing Netlist created 0 cells and removed 0 cells

Phase 9 Finalization

Phase 9.1 Finalizing Design Cores and Updating Shapes
Phase 9.1 Finalizing Design Cores and Updating Shapes | Checksum: 249ee01e8

Time (s): cpu = 00:00:01 ; elapsed = 00:00:00.315 . Memory (MB): peak = 1930.145 ; gain = 0.000

Phase 9.2 Verifying Netlist Connectivity

Starting Connectivity Check Task

Time (s): cpu = 00:00:00 ; elapsed = 00:00:00.002 . Memory (MB): peak = 1930.145 ; gain = 0.000
Phase 9.2 Verifying Netlist Connectivity | Checksum: 249ee01e8

Time (s): cpu = 00:00:01 ; elapsed = 00:00:00.317 . Memory (MB): peak = 1930.145 ; gain = 0.000
Phase 9 Finalization | Checksum: 249ee01e8

Time (s): cpu = 00:00:01 ; elapsed = 00:00:00.317 . Memory (MB): peak = 1930.145 ; gain = 0.000
Opt_design Change Summary
=========================


-------------------------------------------------------------------------------------------------------------------------
|  Phase                        |  #Cells created  |  #Cells Removed  |  #Constrained objects preventing optimizations  |
-------------------------------------------------------------------------------------------------------------------------
|  Retarget                     |               4  |               8  |                                              0  |
|  Constant propagation         |               0  |              34  |                                              0  |
|  Sweep                        |               0  |             149  |                                              0  |
|  BUFG optimization            |               0  |               0  |                                              0  |
|  Shift Register Optimization  |               0  |               0  |                                              0  |
|  Post Processing Netlist      |               0  |               0  |                                              0  |
-------------------------------------------------------------------------------------------------------------------------


Ending Logic Optimization Task | Checksum: 249ee01e8

Time (s): cpu = 00:00:01 ; elapsed = 00:00:00.319 . Memory (MB): peak = 1930.145 ; gain = 0.000
INFO: [Constraints 18-11670] Building netlist checker database with flags, 0x8
Done building netlist checker database: Time (s): cpu = 00:00:00 ; elapsed = 00:00:00.001 . Memory (MB): peak = 1930.145 ; gain = 0.000

Starting Power Optimization Task
INFO: [Pwropt 34-132] Skipping clock gating for clocks with a period < 2.00 ns.
INFO: [Timing 38-35] Done setting XDC timing constraints.
Running Vector-less Activity Propagation...

Finished Running Vector-less Activity Propagation
INFO: [Pwropt 34-9] Applying IDT optimizations ...
INFO: [Pwropt 34-10] Applying ODC optimizations ...


Starting PowerOpt Patch Enables Task
INFO: [Pwropt 34-162] WRITE_MODE attribute of 0 BRAM(s) out of a total of 9 has been updated to save power. Run report_power_opt to get a complete listing of the BRAMs updated.
INFO: [Pwropt 34-201] Structural ODC has moved 7 WE to EN ports
Number of BRAM Ports augmented: 2 newly gated: 8 Total Ports: 18
Number of Flops added for Enable Generation: 1

Ending PowerOpt Patch Enables Task | Checksum: 1a7b9b005

Time (s): cpu = 00:00:00 ; elapsed = 00:00:00.054 . Memory (MB): peak = 2006.215 ; gain = 0.000
Ending Power Optimization Task | Checksum: 1a7b9b005

Time (s): cpu = 00:00:01 ; elapsed = 00:00:01 . Memory (MB): peak = 2006.215 ; gain = 76.070

Starting Final Cleanup Task

Starting Logic Optimization Task
INFO: [Timing 38-35] Done setting XDC timing constraints.
Ending Logic Optimization Task | Checksum: 215b0950e

Time (s): cpu = 00:00:00 ; elapsed = 00:00:00.124 . Memory (MB): peak = 2006.215 ; gain = 0.000
INFO: [Constraints 18-11670] Building netlist checker database with flags, 0x8
Done building netlist checker database: Time (s): cpu = 00:00:00 ; elapsed = 00:00:00.001 . Memory (MB): peak = 2006.215 ; gain = 0.000
Ending Final Cleanup Task | Checksum: 215b0950e

Time (s): cpu = 00:00:03 ; elapsed = 00:00:04 . Memory (MB): peak = 2006.215 ; gain = 0.000

Starting Netlist Obfuscation Task
Netlist sorting complete. Time (s): cpu = 00:00:00 ; elapsed = 00:00:00 . Memory (MB): peak = 2006.215 ; gain = 0.000
Ending Netlist Obfuscation Task | Checksum: 215b0950e

Time (s): cpu = 00:00:00 ; elapsed = 00:00:00.001 . Memory (MB): peak = 2006.215 ; gain = 0.000
INFO: [Common 17-83] Releasing license: Implementation
36 Infos, 2 Warnings, 4 Critical Warnings and 0 Errors encountered.
opt_design completed successfully
opt_design: Time (s): cpu = 00:00:16 ; elapsed = 00:00:18 . Memory (MB): peak = 2006.215 ; gain = 992.617
INFO: [runtcl-4] Executing : report_drc -file fpga_basicIO_mems_drc_opted.rpt -pb fpga_basicIO_mems_drc_opted.pb -rpx fpga_basicIO_mems_drc_opted.rpx
Command: report_drc -file fpga_basicIO_mems_drc_opted.rpt -pb fpga_basicIO_mems_drc_opted.pb -rpx fpga_basicIO_mems_drc_opted.rpx
INFO: [IP_Flow 19-1839] IP Catalog is up to date.
INFO: [DRC 23-27] Running DRC with 2 threads
INFO: [Vivado_Tcl 2-168] The results of DRC are in file C:/Users/guivi/Downloads/P3_baseline/nn_rd_mems.xpr/nn_rd_mems/nn_rd_mems.runs/impl_1/fpga_basicIO_mems_drc_opted.rpt.
report_drc completed successfully
INFO: [Timing 38-480] Writing timing data to binary archive.
Write ShapeDB Complete: Time (s): cpu = 00:00:00 ; elapsed = 00:00:00.005 . Memory (MB): peak = 2006.215 ; gain = 0.000
Wrote PlaceDB: Time (s): cpu = 00:00:00 ; elapsed = 00:00:00.005 . Memory (MB): peak = 2006.215 ; gain = 0.000
Wrote PulsedLatchDB: Time (s): cpu = 00:00:00 ; elapsed = 00:00:00.002 . Memory (MB): peak = 2006.215 ; gain = 0.000
Writing XDEF routing.
Writing XDEF routing logical nets.
Writing XDEF routing special nets.
Wrote RouteStorage: Time (s): cpu = 00:00:00 ; elapsed = 00:00:00.055 . Memory (MB): peak = 2006.215 ; gain = 0.000
Wrote Netlist Cache: Time (s): cpu = 00:00:00 ; elapsed = 00:00:00 . Memory (MB): peak = 2006.215 ; gain = 0.000
Wrote Device Cache: Time (s): cpu = 00:00:00 ; elapsed = 00:00:00.007 . Memory (MB): peak = 2006.215 ; gain = 0.000
Write Physdb Complete: Time (s): cpu = 00:00:00 ; elapsed = 00:00:00.080 . Memory (MB): peak = 2006.215 ; gain = 0.000
INFO: [Common 17-1381] The checkpoint 'C:/Users/guivi/Downloads/P3_baseline/nn_rd_mems.xpr/nn_rd_mems/nn_rd_mems.runs/impl_1/fpga_basicIO_mems_opt.dcp' has been generated.
Command: place_design
Attempting to get a license for feature 'Implementation' and/or device 'xc7a35t'
INFO: [Common 17-349] Got license for feature 'Implementation' and/or device 'xc7a35t'
INFO: [Common 17-83] Releasing license: Implementation
INFO: [DRC 23-27] Running DRC with 2 threads
INFO: [Vivado_Tcl 4-198] DRC finished with 0 Errors
INFO: [Vivado_Tcl 4-199] Please refer to the DRC report (report_drc) for more information.
Running DRC as a precondition to command place_design
INFO: [DRC 23-27] Running DRC with 2 threads
INFO: [Vivado_Tcl 4-198] DRC finished with 0 Errors
INFO: [Vivado_Tcl 4-199] Please refer to the DRC report (report_drc) for more information.
INFO: [Place 30-611] Multithreading enabled for place_design using a maximum of 2 CPUs

Starting Placer Task

Phase 1 Placer Initialization

Phase 1.1 Placer Initialization Netlist Sorting
Netlist sorting complete. Time (s): cpu = 00:00:00 ; elapsed = 00:00:00.001 . Memory (MB): peak = 2006.215 ; gain = 0.000
Phase 1.1 Placer Initialization Netlist Sorting | Checksum: 1836b3150

Time (s): cpu = 00:00:00 ; elapsed = 00:00:00.007 . Memory (MB): peak = 2006.215 ; gain = 0.000
Netlist sorting complete. Time (s): cpu = 00:00:00 ; elapsed = 00:00:00 . Memory (MB): peak = 2006.215 ; gain = 0.000

Phase 1.2 IO Placement/ Clock Placement/ Build Placer Device
INFO: [Timing 38-35] Done setting XDC timing constraints.
Phase 1.2 IO Placement/ Clock Placement/ Build Placer Device | Checksum: 13bb8b080

Time (s): cpu = 00:00:01 ; elapsed = 00:00:00.286 . Memory (MB): peak = 2006.215 ; gain = 0.000

Phase 1.3 Build Placer Netlist Model
Phase 1.3 Build Placer Netlist Model | Checksum: 1e74a87c5

Time (s): cpu = 00:00:01 ; elapsed = 00:00:00.507 . Memory (MB): peak = 2006.215 ; gain = 0.000

Phase 1.4 Constrain Clocks/Macros
Phase 1.4 Constrain Clocks/Macros | Checksum: 1e74a87c5

Time (s): cpu = 00:00:01 ; elapsed = 00:00:00.511 . Memory (MB): peak = 2006.215 ; gain = 0.000
Phase 1 Placer Initialization | Checksum: 1e74a87c5

Time (s): cpu = 00:00:01 ; elapsed = 00:00:00.520 . Memory (MB): peak = 2006.215 ; gain = 0.000

Phase 2 Global Placement

Phase 2.1 Floorplanning
Phase 2.1 Floorplanning | Checksum: 15313f4fd

Time (s): cpu = 00:00:01 ; elapsed = 00:00:00.618 . Memory (MB): peak = 2006.215 ; gain = 0.000

Phase 2.2 Update Timing before SLR Path Opt
Phase 2.2 Update Timing before SLR Path Opt | Checksum: 194dbe20d

Time (s): cpu = 00:00:01 ; elapsed = 00:00:00.694 . Memory (MB): peak = 2006.215 ; gain = 0.000

Phase 2.3 Post-Processing in Floorplanning
Phase 2.3 Post-Processing in Floorplanning | Checksum: 194dbe20d

Time (s): cpu = 00:00:01 ; elapsed = 00:00:00.696 . Memory (MB): peak = 2006.215 ; gain = 0.000

Phase 2.4 Global Placement Core

Phase 2.4.1 UpdateTiming Before Physical Synthesis
Phase 2.4.1 UpdateTiming Before Physical Synthesis | Checksum: 24132f460

Time (s): cpu = 00:00:02 ; elapsed = 00:00:02 . Memory (MB): peak = 2006.215 ; gain = 0.000

Phase 2.4.2 Physical Synthesis In Placer
INFO: [Physopt 32-1035] Found 0 LUTNM shape to break, 4 LUT instances to create LUTNM shape
INFO: [Physopt 32-1044] Break lutnm for timing: one critical 0, two critical 0, total 0, new lutff created 0
INFO: [Physopt 32-1138] End 1 Pass. Optimized 2 nets or LUTs. Breaked 0 LUT, combined 2 existing LUTs and moved 0 existing LUT
INFO: [Physopt 32-65] No nets found for high-fanout optimization.
INFO: [Physopt 32-232] Optimized 0 net. Created 0 new instance.
INFO: [Physopt 32-775] End 1 Pass. Optimized 0 net or cell. Created 0 new cell, deleted 0 existing cell and moved 0 existing cell
INFO: [Physopt 32-670] No setup violation found.  DSP Register Optimization was not performed.
INFO: [Physopt 32-670] No setup violation found.  Shift Register to Pipeline Optimization was not performed.
INFO: [Physopt 32-670] No setup violation found.  Shift Register Optimization was not performed.
INFO: [Physopt 32-670] No setup violation found.  BRAM Register Optimization was not performed.
INFO: [Physopt 32-670] No setup violation found.  URAM Register Optimization was not performed.
INFO: [Physopt 32-949] No candidate nets found for dynamic/static region interface net replication
INFO: [Physopt 32-775] End 1 Pass. Optimized 0 net or cell. Created 0 new cell, deleted 0 existing cell and moved 0 existing cell
Netlist sorting complete. Time (s): cpu = 00:00:00 ; elapsed = 00:00:00.001 . Memory (MB): peak = 2006.215 ; gain = 0.000

Summary of Physical Synthesis Optimizations
============================================


-----------------------------------------------------------------------------------------------------------------------------------------------------------
|  Optimization                                     |  Added Cells  |  Removed Cells  |  Optimized Cells/Nets  |  Dont Touch  |  Iterations  |  Elapsed   |
-----------------------------------------------------------------------------------------------------------------------------------------------------------
|  LUT Combining                                    |            0  |              2  |                     2  |           0  |           1  |  00:00:00  |
|  Retime                                           |            0  |              0  |                     0  |           0  |           1  |  00:00:00  |
|  Very High Fanout                                 |            0  |              0  |                     0  |           0  |           1  |  00:00:00  |
|  DSP Register                                     |            0  |              0  |                     0  |           0  |           0  |  00:00:00  |
|  Shift Register to Pipeline                       |            0  |              0  |                     0  |           0  |           0  |  00:00:00  |
|  Shift Register                                   |            0  |              0  |                     0  |           0  |           0  |  00:00:00  |
|  BRAM Register                                    |            0  |              0  |                     0  |           0  |           0  |  00:00:00  |
|  URAM Register                                    |            0  |              0  |                     0  |           0  |           0  |  00:00:00  |
|  Dynamic/Static Region Interface Net Replication  |            0  |              0  |                     0  |           0  |           1  |  00:00:00  |
|  Total                                            |            0  |              2  |                     2  |           0  |           4  |  00:00:00  |
-----------------------------------------------------------------------------------------------------------------------------------------------------------


Phase 2.4.2 Physical Synthesis In Placer | Checksum: 15f8ed4cb

Time (s): cpu = 00:00:02 ; elapsed = 00:00:02 . Memory (MB): peak = 2006.215 ; gain = 0.000
Phase 2.4 Global Placement Core | Checksum: 19f123579

Time (s): cpu = 00:00:02 ; elapsed = 00:00:02 . Memory (MB): peak = 2006.215 ; gain = 0.000
Phase 2 Global Placement | Checksum: 19f123579

Time (s): cpu = 00:00:02 ; elapsed = 00:00:02 . Memory (MB): peak = 2006.215 ; gain = 0.000

Phase 3 Detail Placement

Phase 3.1 Commit Multi Column Macros
Phase 3.1 Commit Multi Column Macros | Checksum: 1b066bd64

Time (s): cpu = 00:00:02 ; elapsed = 00:00:02 . Memory (MB): peak = 2006.215 ; gain = 0.000

Phase 3.2 Commit Most Macros & LUTRAMs
Phase 3.2 Commit Most Macros & LUTRAMs | Checksum: 22ab86926

Time (s): cpu = 00:00:02 ; elapsed = 00:00:02 . Memory (MB): peak = 2006.215 ; gain = 0.000

Phase 3.3 Area Swap Optimization
Phase 3.3 Area Swap Optimization | Checksum: 1f1690a0f

Time (s): cpu = 00:00:02 ; elapsed = 00:00:02 . Memory (MB): peak = 2006.215 ; gain = 0.000

Phase 3.4 Pipeline Register Optimization
Phase 3.4 Pipeline Register Optimization | Checksum: 19bc4df26

Time (s): cpu = 00:00:02 ; elapsed = 00:00:02 . Memory (MB): peak = 2006.215 ; gain = 0.000

Phase 3.5 Small Shape Detail Placement
Phase 3.5 Small Shape Detail Placement | Checksum: 14ccaa0f1

Time (s): cpu = 00:00:02 ; elapsed = 00:00:02 . Memory (MB): peak = 2006.215 ; gain = 0.000

Phase 3.6 Re-assign LUT pins
Phase 3.6 Re-assign LUT pins | Checksum: 11275565e

Time (s): cpu = 00:00:02 ; elapsed = 00:00:02 . Memory (MB): peak = 2006.215 ; gain = 0.000

Phase 3.7 Pipeline Register Optimization
Phase 3.7 Pipeline Register Optimization | Checksum: 138308373

Time (s): cpu = 00:00:02 ; elapsed = 00:00:02 . Memory (MB): peak = 2006.215 ; gain = 0.000
Phase 3 Detail Placement | Checksum: 138308373

Time (s): cpu = 00:00:02 ; elapsed = 00:00:02 . Memory (MB): peak = 2006.215 ; gain = 0.000

Phase 4 Post Placement Optimization and Clean-Up

Phase 4.1 Post Commit Optimization
INFO: [Timing 38-35] Done setting XDC timing constraints.

Phase 4.1.1 Post Placement Optimization
Post Placement Optimization Initialization | Checksum: 1463e63bb

Phase 4.1.1.1 BUFG Insertion

Starting Physical Synthesis Task

Phase 1 Physical Synthesis Initialization
INFO: [Physopt 32-721] Multithreading enabled for phys_opt_design using a maximum of 2 CPUs
INFO: [Physopt 32-619] Estimated Timing Summary | WNS=7.468 | TNS=0.000 |
Phase 1 Physical Synthesis Initialization | Checksum: 167db77c9

Time (s): cpu = 00:00:00 ; elapsed = 00:00:00.030 . Memory (MB): peak = 2006.215 ; gain = 0.000
INFO: [Place 46-56] BUFG insertion identified 0 candidate nets. Inserted BUFG: 0, Replicated BUFG Driver: 0, Skipped due to Placement/Routing Conflicts: 0, Skipped due to Timing Degradation: 0, Skipped due to netlist editing failed: 0.
Ending Physical Synthesis Task | Checksum: 167db77c9

Time (s): cpu = 00:00:00 ; elapsed = 00:00:00.036 . Memory (MB): peak = 2006.215 ; gain = 0.000
Phase 4.1.1.1 BUFG Insertion | Checksum: 1463e63bb

Time (s): cpu = 00:00:02 ; elapsed = 00:00:02 . Memory (MB): peak = 2006.215 ; gain = 0.000

Phase 4.1.1.2 Post Placement Timing Optimization
INFO: [Place 30-746] Post Placement Timing Summary WNS=7.468. For the most accurate timing information please run report_timing.
Phase 4.1.1.2 Post Placement Timing Optimization | Checksum: 1a8bf13af

Time (s): cpu = 00:00:02 ; elapsed = 00:00:02 . Memory (MB): peak = 2006.215 ; gain = 0.000

Time (s): cpu = 00:00:02 ; elapsed = 00:00:02 . Memory (MB): peak = 2006.215 ; gain = 0.000
Phase 4.1 Post Commit Optimization | Checksum: 1a8bf13af

Time (s): cpu = 00:00:02 ; elapsed = 00:00:02 . Memory (MB): peak = 2006.215 ; gain = 0.000

Phase 4.2 Post Placement Cleanup
Phase 4.2 Post Placement Cleanup | Checksum: 1a8bf13af

Time (s): cpu = 00:00:02 ; elapsed = 00:00:02 . Memory (MB): peak = 2006.215 ; gain = 0.000

Phase 4.3 Placer Reporting

Phase 4.3.1 Print Estimated Congestion
INFO: [Place 30-612] Post-Placement Estimated Congestion 
 ____________________________________________________
|           | Global Congestion | Short Congestion  |
| Direction | Region Size       | Region Size       |
|___________|___________________|___________________|
|      North|                1x1|                1x1|
|___________|___________________|___________________|
|      South|                1x1|                1x1|
|___________|___________________|___________________|
|       East|                1x1|                1x1|
|___________|___________________|___________________|
|       West|                1x1|                1x1|
|___________|___________________|___________________|

Phase 4.3.1 Print Estimated Congestion | Checksum: 1a8bf13af

Time (s): cpu = 00:00:02 ; elapsed = 00:00:02 . Memory (MB): peak = 2006.215 ; gain = 0.000
Phase 4.3 Placer Reporting | Checksum: 1a8bf13af

Time (s): cpu = 00:00:02 ; elapsed = 00:00:02 . Memory (MB): peak = 2006.215 ; gain = 0.000

Phase 4.4 Final Placement Cleanup
Netlist sorting complete. Time (s): cpu = 00:00:00 ; elapsed = 00:00:00 . Memory (MB): peak = 2006.215 ; gain = 0.000

Time (s): cpu = 00:00:02 ; elapsed = 00:00:03 . Memory (MB): peak = 2006.215 ; gain = 0.000
Phase 4 Post Placement Optimization and Clean-Up | Checksum: 166ee112c

Time (s): cpu = 00:00:02 ; elapsed = 00:00:03 . Memory (MB): peak = 2006.215 ; gain = 0.000
Ending Placer Task | Checksum: 93c51188

Time (s): cpu = 00:00:02 ; elapsed = 00:00:03 . Memory (MB): peak = 2006.215 ; gain = 0.000
71 Infos, 2 Warnings, 4 Critical Warnings and 0 Errors encountered.
place_design completed successfully
INFO: [runtcl-4] Executing : report_io -file fpga_basicIO_mems_io_placed.rpt
report_io: Time (s): cpu = 00:00:00 ; elapsed = 00:00:00.058 . Memory (MB): peak = 2006.215 ; gain = 0.000
INFO: [runtcl-4] Executing : report_utilization -file fpga_basicIO_mems_utilization_placed.rpt -pb fpga_basicIO_mems_utilization_placed.pb
INFO: [runtcl-4] Executing : report_control_sets -verbose -file fpga_basicIO_mems_control_sets_placed.rpt
report_control_sets: Time (s): cpu = 00:00:00 ; elapsed = 00:00:00.003 . Memory (MB): peak = 2006.215 ; gain = 0.000
INFO: [Timing 38-480] Writing timing data to binary archive.
Write ShapeDB Complete: Time (s): cpu = 00:00:00 ; elapsed = 00:00:00.003 . Memory (MB): peak = 2006.215 ; gain = 0.000
Wrote PlaceDB: Time (s): cpu = 00:00:00 ; elapsed = 00:00:00.030 . Memory (MB): peak = 2006.215 ; gain = 0.000
Wrote PulsedLatchDB: Time (s): cpu = 00:00:00 ; elapsed = 00:00:00 . Memory (MB): peak = 2006.215 ; gain = 0.000
Writing XDEF routing.
Writing XDEF routing logical nets.
Writing XDEF routing special nets.
Wrote RouteStorage: Time (s): cpu = 00:00:00 ; elapsed = 00:00:00.019 . Memory (MB): peak = 2006.215 ; gain = 0.000
Wrote Netlist Cache: Time (s): cpu = 00:00:00 ; elapsed = 00:00:00 . Memory (MB): peak = 2006.215 ; gain = 0.000
Wrote Device Cache: Time (s): cpu = 00:00:00 ; elapsed = 00:00:00.007 . Memory (MB): peak = 2006.215 ; gain = 0.000
Write Physdb Complete: Time (s): cpu = 00:00:00 ; elapsed = 00:00:00.066 . Memory (MB): peak = 2006.215 ; gain = 0.000
INFO: [Common 17-1381] The checkpoint 'C:/Users/guivi/Downloads/P3_baseline/nn_rd_mems.xpr/nn_rd_mems/nn_rd_mems.runs/impl_1/fpga_basicIO_mems_placed.dcp' has been generated.
Command: phys_opt_design
Attempting to get a license for feature 'Implementation' and/or device 'xc7a35t'
INFO: [Common 17-349] Got license for feature 'Implementation' and/or device 'xc7a35t'

Starting Initial Update Timing Task

Time (s): cpu = 00:00:00 ; elapsed = 00:00:00.076 . Memory (MB): peak = 2006.215 ; gain = 0.000
INFO: [Vivado_Tcl 4-383] Design worst setup slack (WNS) is greater than or equal to 0.000 ns. Skipping all physical synthesis optimizations.
INFO: [Vivado_Tcl 4-232] No setup violation found. The netlist was not modified.
INFO: [Common 17-83] Releasing license: Implementation
80 Infos, 2 Warnings, 4 Critical Warnings and 0 Errors encountered.
phys_opt_design completed successfully
INFO: [Timing 38-480] Writing timing data to binary archive.
Write ShapeDB Complete: Time (s): cpu = 00:00:00 ; elapsed = 00:00:00.002 . Memory (MB): peak = 2006.215 ; gain = 0.000
Wrote PlaceDB: Time (s): cpu = 00:00:00 ; elapsed = 00:00:00.027 . Memory (MB): peak = 2006.215 ; gain = 0.000
Wrote PulsedLatchDB: Time (s): cpu = 00:00:00 ; elapsed = 00:00:00.001 . Memory (MB): peak = 2006.215 ; gain = 0.000
Writing XDEF routing.
Writing XDEF routing logical nets.
Writing XDEF routing special nets.
Wrote RouteStorage: Time (s): cpu = 00:00:00 ; elapsed = 00:00:00.019 . Memory (MB): peak = 2006.215 ; gain = 0.000
Wrote Netlist Cache: Time (s): cpu = 00:00:00 ; elapsed = 00:00:00 . Memory (MB): peak = 2006.215 ; gain = 0.000
Wrote Device Cache: Time (s): cpu = 00:00:00 ; elapsed = 00:00:00.009 . Memory (MB): peak = 2006.215 ; gain = 0.000
Write Physdb Complete: Time (s): cpu = 00:00:00 ; elapsed = 00:00:00.064 . Memory (MB): peak = 2006.215 ; gain = 0.000
INFO: [Common 17-1381] The checkpoint 'C:/Users/guivi/Downloads/P3_baseline/nn_rd_mems.xpr/nn_rd_mems/nn_rd_mems.runs/impl_1/fpga_basicIO_mems_physopt.dcp' has been generated.
Command: route_design
Attempting to get a license for feature 'Implementation' and/or device 'xc7a35t'
INFO: [Common 17-349] Got license for feature 'Implementation' and/or device 'xc7a35t'
Running DRC as a precondition to command route_design
INFO: [DRC 23-27] Running DRC with 2 threads
INFO: [Vivado_Tcl 4-198] DRC finished with 0 Errors
INFO: [Vivado_Tcl 4-199] Please refer to the DRC report (report_drc) for more information.


Starting Routing Task
INFO: [Route 35-254] Multithreading enabled for route_design using a maximum of 8 CPUs

Phase 1 Build RT Design
Checksum: PlaceDB: 1004f43e ConstDB: 0 ShapeSum: 83c01d4a RouteDB: 0
Post Restoration Checksum: NetGraph: c9fb26ee | NumContArr: 94ef630a | Constraints: c2a8fa9d | Timing: c2a8fa9d
Phase 1 Build RT Design | Checksum: 2e43c7f32

Time (s): cpu = 00:00:23 ; elapsed = 00:00:21 . Memory (MB): peak = 2068.754 ; gain = 62.539

Phase 2 Router Initialization

Phase 2.1 Fix Topology Constraints
Phase 2.1 Fix Topology Constraints | Checksum: 2e43c7f32

Time (s): cpu = 00:00:23 ; elapsed = 00:00:21 . Memory (MB): peak = 2068.754 ; gain = 62.539

Phase 2.2 Pre Route Cleanup
Phase 2.2 Pre Route Cleanup | Checksum: 2e43c7f32

Time (s): cpu = 00:00:23 ; elapsed = 00:00:21 . Memory (MB): peak = 2068.754 ; gain = 62.539
 Number of Nodes with overlaps = 0

Phase 2.3 Update Timing
Phase 2.3 Update Timing | Checksum: 2589c8ef7

Time (s): cpu = 00:00:23 ; elapsed = 00:00:22 . Memory (MB): peak = 2102.906 ; gain = 96.691
INFO: [Route 35-416] Intermediate Timing Summary | WNS=7.413  | TNS=0.000  | WHS=-0.111 | THS=-0.967 |


Router Utilization Summary
  Global Vertical Routing Utilization    = 0 %
  Global Horizontal Routing Utilization  = 0 %
  Routable Net Status*
  *Does not include unroutable nets such as driverless and loadless.
  Run report_route_status for detailed report.
  Number of Failed Nets               = 252
    (Failed Nets is the sum of unrouted and partially routed nets)
  Number of Unrouted Nets             = 252
  Number of Partially Routed Nets     = 0
  Number of Node Overlaps             = 0

Phase 2 Router Initialization | Checksum: 23fbd19c5

Time (s): cpu = 00:00:24 ; elapsed = 00:00:22 . Memory (MB): peak = 2111.566 ; gain = 105.352

Phase 3 Initial Routing

Phase 3.1 Global Routing
Phase 3.1 Global Routing | Checksum: 23fbd19c5

Time (s): cpu = 00:00:24 ; elapsed = 00:00:22 . Memory (MB): peak = 2111.566 ; gain = 105.352

Phase 3.2 Initial Net Routing
Phase 3.2 Initial Net Routing | Checksum: 251505418

Time (s): cpu = 00:00:24 ; elapsed = 00:00:22 . Memory (MB): peak = 2111.566 ; gain = 105.352
Phase 3 Initial Routing | Checksum: 251505418

Time (s): cpu = 00:00:24 ; elapsed = 00:00:22 . Memory (MB): peak = 2111.566 ; gain = 105.352

Phase 4 Rip-up And Reroute

Phase 4.1 Global Iteration 0
 Number of Nodes with overlaps = 15
 Number of Nodes with overlaps = 0
INFO: [Route 35-416] Intermediate Timing Summary | WNS=7.133  | TNS=0.000  | WHS=N/A    | THS=N/A    |

Phase 4.1 Global Iteration 0 | Checksum: 1a061ba6c

Time (s): cpu = 00:00:24 ; elapsed = 00:00:22 . Memory (MB): peak = 2111.566 ; gain = 105.352
Phase 4 Rip-up And Reroute | Checksum: 1a061ba6c

Time (s): cpu = 00:00:24 ; elapsed = 00:00:22 . Memory (MB): peak = 2111.566 ; gain = 105.352

Phase 5 Delay and Skew Optimization

Phase 5.1 Delay CleanUp
Phase 5.1 Delay CleanUp | Checksum: 1a061ba6c

Time (s): cpu = 00:00:24 ; elapsed = 00:00:22 . Memory (MB): peak = 2111.566 ; gain = 105.352

Phase 5.2 Clock Skew Optimization
Phase 5.2 Clock Skew Optimization | Checksum: 1a061ba6c

Time (s): cpu = 00:00:24 ; elapsed = 00:00:22 . Memory (MB): peak = 2111.566 ; gain = 105.352
Phase 5 Delay and Skew Optimization | Checksum: 1a061ba6c

Time (s): cpu = 00:00:24 ; elapsed = 00:00:22 . Memory (MB): peak = 2111.566 ; gain = 105.352

Phase 6 Post Hold Fix

Phase 6.1 Hold Fix Iter

Phase 6.1.1 Update Timing
Phase 6.1.1 Update Timing | Checksum: 1ed2c2a5d

Time (s): cpu = 00:00:24 ; elapsed = 00:00:22 . Memory (MB): peak = 2111.566 ; gain = 105.352
INFO: [Route 35-416] Intermediate Timing Summary | WNS=7.212  | TNS=0.000  | WHS=0.149  | THS=0.000  |

Phase 6.1 Hold Fix Iter | Checksum: 1ed2c2a5d

Time (s): cpu = 00:00:24 ; elapsed = 00:00:22 . Memory (MB): peak = 2111.566 ; gain = 105.352
Phase 6 Post Hold Fix | Checksum: 1ed2c2a5d

Time (s): cpu = 00:00:24 ; elapsed = 00:00:22 . Memory (MB): peak = 2111.566 ; gain = 105.352

Phase 7 Route finalize

Router Utilization Summary
  Global Vertical Routing Utilization    = 0.102448 %
  Global Horizontal Routing Utilization  = 0.126627 %
  Routable Net Status*
  *Does not include unroutable nets such as driverless and loadless.
  Run report_route_status for detailed report.
  Number of Failed Nets               = 0
    (Failed Nets is the sum of unrouted and partially routed nets)
  Number of Unrouted Nets             = 0
  Number of Partially Routed Nets     = 0
  Number of Node Overlaps             = 0

Phase 7 Route finalize | Checksum: 1ed2c2a5d

Time (s): cpu = 00:00:24 ; elapsed = 00:00:22 . Memory (MB): peak = 2111.566 ; gain = 105.352

Phase 8 Verifying routed nets

 Verification completed successfully
Phase 8 Verifying routed nets | Checksum: 1ed2c2a5d

Time (s): cpu = 00:00:24 ; elapsed = 00:00:22 . Memory (MB): peak = 2111.566 ; gain = 105.352

Phase 9 Depositing Routes
Phase 9 Depositing Routes | Checksum: 2bd4a4725

Time (s): cpu = 00:00:24 ; elapsed = 00:00:22 . Memory (MB): peak = 2111.566 ; gain = 105.352

Phase 10 Post Router Timing
INFO: [Route 35-57] Estimated Timing Summary | WNS=7.212  | TNS=0.000  | WHS=0.149  | THS=0.000  |

INFO: [Route 35-327] The final timing numbers are based on the router estimated timing analysis. For a complete and accurate timing signoff, please run report_timing_summary.
Phase 10 Post Router Timing | Checksum: 2bd4a4725

Time (s): cpu = 00:00:24 ; elapsed = 00:00:22 . Memory (MB): peak = 2111.566 ; gain = 105.352
INFO: [Route 35-16] Router Completed Successfully

Phase 11 Post-Route Event Processing
Phase 11 Post-Route Event Processing | Checksum: 13430b1db

Time (s): cpu = 00:00:24 ; elapsed = 00:00:22 . Memory (MB): peak = 2111.566 ; gain = 105.352
Ending Routing Task | Checksum: 13430b1db

Time (s): cpu = 00:00:24 ; elapsed = 00:00:22 . Memory (MB): peak = 2111.566 ; gain = 105.352

Routing Is Done.
INFO: [Common 17-83] Releasing license: Implementation
94 Infos, 2 Warnings, 4 Critical Warnings and 0 Errors encountered.
route_design completed successfully
route_design: Time (s): cpu = 00:00:25 ; elapsed = 00:00:23 . Memory (MB): peak = 2111.566 ; gain = 105.352
INFO: [runtcl-4] Executing : report_drc -file fpga_basicIO_mems_drc_routed.rpt -pb fpga_basicIO_mems_drc_routed.pb -rpx fpga_basicIO_mems_drc_routed.rpx
Command: report_drc -file fpga_basicIO_mems_drc_routed.rpt -pb fpga_basicIO_mems_drc_routed.pb -rpx fpga_basicIO_mems_drc_routed.rpx
INFO: [IP_Flow 19-1839] IP Catalog is up to date.
INFO: [DRC 23-27] Running DRC with 2 threads
INFO: [Vivado_Tcl 2-168] The results of DRC are in file C:/Users/guivi/Downloads/P3_baseline/nn_rd_mems.xpr/nn_rd_mems/nn_rd_mems.runs/impl_1/fpga_basicIO_mems_drc_routed.rpt.
report_drc completed successfully
INFO: [runtcl-4] Executing : report_methodology -file fpga_basicIO_mems_methodology_drc_routed.rpt -pb fpga_basicIO_mems_methodology_drc_routed.pb -rpx fpga_basicIO_mems_methodology_drc_routed.rpx
Command: report_methodology -file fpga_basicIO_mems_methodology_drc_routed.rpt -pb fpga_basicIO_mems_methodology_drc_routed.pb -rpx fpga_basicIO_mems_methodology_drc_routed.rpx
INFO: [Timing 38-35] Done setting XDC timing constraints.
INFO: [DRC 23-133] Running Methodology with 2 threads
INFO: [Vivado_Tcl 2-1520] The results of Report Methodology are in file C:/Users/guivi/Downloads/P3_baseline/nn_rd_mems.xpr/nn_rd_mems/nn_rd_mems.runs/impl_1/fpga_basicIO_mems_methodology_drc_routed.rpt.
report_methodology completed successfully
INFO: [runtcl-4] Executing : report_power -file fpga_basicIO_mems_power_routed.rpt -pb fpga_basicIO_mems_power_summary_routed.pb -rpx fpga_basicIO_mems_power_routed.rpx
Command: report_power -file fpga_basicIO_mems_power_routed.rpt -pb fpga_basicIO_mems_power_summary_routed.pb -rpx fpga_basicIO_mems_power_routed.rpx
INFO: [Timing 38-35] Done setting XDC timing constraints.
Running Vector-less Activity Propagation...

Finished Running Vector-less Activity Propagation
104 Infos, 2 Warnings, 4 Critical Warnings and 0 Errors encountered.
report_power completed successfully
INFO: [runtcl-4] Executing : report_route_status -file fpga_basicIO_mems_route_status.rpt -pb fpga_basicIO_mems_route_status.pb
INFO: [runtcl-4] Executing : report_timing_summary -max_paths 10 -report_unconstrained -file fpga_basicIO_mems_timing_summary_routed.rpt -pb fpga_basicIO_mems_timing_summary_routed.pb -rpx fpga_basicIO_mems_timing_summary_routed.rpx -warn_on_violation 
INFO: [Timing 38-91] UpdateTimingParams: Speed grade: -1, Delay Type: min_max.
INFO: [Timing 38-191] Multithreading enabled for timing update using a maximum of 2 CPUs
INFO: [runtcl-4] Executing : report_incremental_reuse -file fpga_basicIO_mems_incremental_reuse_routed.rpt
INFO: [Vivado_Tcl 4-1062] Incremental flow is disabled. No incremental reuse Info to report.
INFO: [runtcl-4] Executing : report_clock_utilization -file fpga_basicIO_mems_clock_utilization_routed.rpt
INFO: [runtcl-4] Executing : report_bus_skew -warn_on_violation -file fpga_basicIO_mems_bus_skew_routed.rpt -pb fpga_basicIO_mems_bus_skew_routed.pb -rpx fpga_basicIO_mems_bus_skew_routed.rpx
INFO: [Timing 38-91] UpdateTimingParams: Speed grade: -1, Delay Type: min_max.
INFO: [Timing 38-191] Multithreading enabled for timing update using a maximum of 2 CPUs
INFO: [Timing 38-480] Writing timing data to binary archive.
Write ShapeDB Complete: Time (s): cpu = 00:00:00 ; elapsed = 00:00:00.002 . Memory (MB): peak = 2111.566 ; gain = 0.000
Wrote PlaceDB: Time (s): cpu = 00:00:00 ; elapsed = 00:00:00.031 . Memory (MB): peak = 2111.566 ; gain = 0.000
Wrote PulsedLatchDB: Time (s): cpu = 00:00:00 ; elapsed = 00:00:00 . Memory (MB): peak = 2111.566 ; gain = 0.000
Writing XDEF routing.
Writing XDEF routing logical nets.
Writing XDEF routing special nets.
Wrote RouteStorage: Time (s): cpu = 00:00:00 ; elapsed = 00:00:00.028 . Memory (MB): peak = 2111.566 ; gain = 0.000
Wrote Netlist Cache: Time (s): cpu = 00:00:00 ; elapsed = 00:00:00 . Memory (MB): peak = 2111.566 ; gain = 0.000
Wrote Device Cache: Time (s): cpu = 00:00:00 ; elapsed = 00:00:00.007 . Memory (MB): peak = 2111.566 ; gain = 0.000
Write Physdb Complete: Time (s): cpu = 00:00:00 ; elapsed = 00:00:00.076 . Memory (MB): peak = 2111.566 ; gain = 0.000
INFO: [Common 17-1381] The checkpoint 'C:/Users/guivi/Downloads/P3_baseline/nn_rd_mems.xpr/nn_rd_mems/nn_rd_mems.runs/impl_1/fpga_basicIO_mems_routed.dcp' has been generated.
INFO: [Common 17-206] Exiting Vivado at Fri Oct 27 11:46:24 2023...
