
*** Running vivado
    with args -log fpga_basicIO_mems.vds -m64 -product Vivado -mode batch -messageDb vivado.pb -notrace -source fpga_basicIO_mems.tcl


ECHO est† desativado.
ECHO est† desativado.

****** Vivado v2023.2 (64-bit)
  **** SW Build 4029153 on Fri Oct 13 20:14:34 MDT 2023
  **** IP Build 4028589 on Sat Oct 14 00:45:43 MDT 2023
  **** SharedData Build 4025554 on Tue Oct 10 17:18:54 MDT 2023
    ** Copyright 1986-2022 Xilinx, Inc. All Rights Reserved.
    ** Copyright 2022-2023 Advanced Micro Devices, Inc. All Rights Reserved.

source fpga_basicIO_mems.tcl -notrace
create_project: Time (s): cpu = 00:00:03 ; elapsed = 00:00:07 . Memory (MB): peak = 451.816 ; gain = 182.359
Command: read_checkpoint -auto_incremental -incremental C:/Users/guivi/Downloads/P3_baseline/nn_rd_mems.xpr/nn_rd_mems/nn_rd_mems.srcs/utils_1/imports/synth_1/fpga_basicIO_mems.dcp
INFO: [Vivado 12-5825] Read reference checkpoint from C:/Users/guivi/Downloads/P3_baseline/nn_rd_mems.xpr/nn_rd_mems/nn_rd_mems.srcs/utils_1/imports/synth_1/fpga_basicIO_mems.dcp for incremental synthesis
INFO: [Vivado 12-7989] Please ensure there are no constraint changes
Command: synth_design -top fpga_basicIO_mems -part xc7a35tcpg236-1
Starting synth_design
Attempting to get a license for feature 'Synthesis' and/or device 'xc7a35t'
INFO: [Common 17-349] Got license for feature 'Synthesis' and/or device 'xc7a35t'
INFO: [Device 21-403] Loading part xc7a35tcpg236-1
INFO: [Designutils 20-5440] No compile time benefit to using incremental synthesis; A full resynthesis will be run
INFO: [Designutils 20-4379] Flow is switching to default flow due to incremental criteria not met. If you would like to alter this behaviour and have the flow terminate instead, please set the following parameter config_implementation {autoIncr.Synth.RejectBehavior Terminate}
INFO: [Synth 8-7079] Multithreading enabled for synth_design using a maximum of 2 processes.
INFO: [Synth 8-7078] Launching helper process for spawning children vivado processes
INFO: [Synth 8-7075] Helper process launched with PID 12188
---------------------------------------------------------------------------------
Starting RTL Elaboration : Time (s): cpu = 00:00:04 ; elapsed = 00:00:07 . Memory (MB): peak = 1298.902 ; gain = 440.965
---------------------------------------------------------------------------------
INFO: [Synth 8-638] synthesizing module 'fpga_basicIO_mems' [C:/Users/guivi/Downloads/P3_baseline/nn_rd_mems.xpr/nn_rd_mems/nn_rd_mems.srcs/sources_1/imports/P3/fpga_basicIO_mems.vhd:48]
INFO: [Synth 8-3491] module 'Q08toBCD' declared at 'C:/Users/guivi/Downloads/P3_baseline/nn_rd_mems.xpr/nn_rd_mems/nn_rd_mems.runs/synth_1/.Xil/Vivado-12868-Victor_Yoga/realtime/Q08toBCD_stub.vhdl:6' bound to instance 'instance_toBCD' of component 'Q08toBCD' [C:/Users/guivi/Downloads/P3_baseline/nn_rd_mems.xpr/nn_rd_mems/nn_rd_mems.srcs/sources_1/imports/P3/fpga_basicIO_mems.vhd:148]
INFO: [Synth 8-638] synthesizing module 'Q08toBCD' [C:/Users/guivi/Downloads/P3_baseline/nn_rd_mems.xpr/nn_rd_mems/nn_rd_mems.runs/synth_1/.Xil/Vivado-12868-Victor_Yoga/realtime/Q08toBCD_stub.vhdl:14]
INFO: [Synth 8-3491] module 'disp7m' declared at 'C:/Users/guivi/Downloads/P3_baseline/nn_rd_mems.xpr/nn_rd_mems/nn_rd_mems.srcs/sources_1/imports/P3/disp7m.vhd:9' bound to instance 'inst_disp7m' of component 'disp7m' [C:/Users/guivi/Downloads/P3_baseline/nn_rd_mems.xpr/nn_rd_mems/nn_rd_mems.srcs/sources_1/imports/P3/fpga_basicIO_mems.vhd:153]
INFO: [Synth 8-638] synthesizing module 'disp7m' [C:/Users/guivi/Downloads/P3_baseline/nn_rd_mems.xpr/nn_rd_mems/nn_rd_mems.srcs/sources_1/imports/P3/disp7m.vhd:21]
INFO: [Synth 8-256] done synthesizing module 'disp7m' (0#1) [C:/Users/guivi/Downloads/P3_baseline/nn_rd_mems.xpr/nn_rd_mems/nn_rd_mems.srcs/sources_1/imports/P3/disp7m.vhd:21]
INFO: [Synth 8-3491] module 'mem_acesses' declared at 'C:/Users/guivi/Downloads/P3_baseline/nn_rd_mems.xpr/nn_rd_mems/nn_rd_mems.srcs/sources_1/imports/P3/mem_acesses.vhd:13' bound to instance 'inst_mems' of component 'mem_acesses' [C:/Users/guivi/Downloads/P3_baseline/nn_rd_mems.xpr/nn_rd_mems/nn_rd_mems.srcs/sources_1/imports/P3/fpga_basicIO_mems.vhd:162]
INFO: [Synth 8-638] synthesizing module 'mem_acesses' [C:/Users/guivi/Downloads/P3_baseline/nn_rd_mems.xpr/nn_rd_mems/nn_rd_mems.srcs/sources_1/imports/P3/mem_acesses.vhd:23]
WARNING: [Synth 8-5640] Port 'clk' is missing in component declaration [C:/Users/guivi/Downloads/P3_baseline/nn_rd_mems.xpr/nn_rd_mems/nn_rd_mems.srcs/sources_1/imports/P3/mem_acesses.vhd:66]
WARNING: [Synth 8-5640] Port 'rst_dpath' is missing in component declaration [C:/Users/guivi/Downloads/P3_baseline/nn_rd_mems.xpr/nn_rd_mems/nn_rd_mems.srcs/sources_1/imports/P3/mem_acesses.vhd:66]
WARNING: [Synth 8-5640] Port 'en_count1' is missing in component declaration [C:/Users/guivi/Downloads/P3_baseline/nn_rd_mems.xpr/nn_rd_mems/nn_rd_mems.srcs/sources_1/imports/P3/mem_acesses.vhd:66]
WARNING: [Synth 8-5640] Port 'en_count2' is missing in component declaration [C:/Users/guivi/Downloads/P3_baseline/nn_rd_mems.xpr/nn_rd_mems/nn_rd_mems.srcs/sources_1/imports/P3/mem_acesses.vhd:66]
WARNING: [Synth 8-5640] Port 'res' is missing in component declaration [C:/Users/guivi/Downloads/P3_baseline/nn_rd_mems.xpr/nn_rd_mems/nn_rd_mems.srcs/sources_1/imports/P3/mem_acesses.vhd:66]
WARNING: [Synth 8-5640] Port 'done1' is missing in component declaration [C:/Users/guivi/Downloads/P3_baseline/nn_rd_mems.xpr/nn_rd_mems/nn_rd_mems.srcs/sources_1/imports/P3/mem_acesses.vhd:66]
INFO: [Synth 8-3491] module 'Datapath' declared at 'C:/Users/guivi/Downloads/P3_baseline/nn_rd_mems.xpr/nn_rd_mems/nn_rd_mems.srcs/sources_1/imports/Project_3/Datapath.vhd:5' bound to instance 'inst_datapath' of component 'Datapath' [C:/Users/guivi/Downloads/P3_baseline/nn_rd_mems.xpr/nn_rd_mems/nn_rd_mems.srcs/sources_1/imports/P3/mem_acesses.vhd:85]
INFO: [Synth 8-638] synthesizing module 'Datapath' [C:/Users/guivi/Downloads/P3_baseline/nn_rd_mems.xpr/nn_rd_mems/nn_rd_mems.srcs/sources_1/imports/Project_3/Datapath.vhd:19]
INFO: [Synth 8-256] done synthesizing module 'Datapath' (0#1) [C:/Users/guivi/Downloads/P3_baseline/nn_rd_mems.xpr/nn_rd_mems/nn_rd_mems.srcs/sources_1/imports/Project_3/Datapath.vhd:19]
INFO: [Synth 8-3491] module 'images_mem' declared at 'C:/Users/guivi/Downloads/P3_baseline/nn_rd_mems.xpr/nn_rd_mems/nn_rd_mems.runs/synth_1/.Xil/Vivado-12868-Victor_Yoga/realtime/images_mem_stub.vhdl:6' bound to instance 'instance_images' of component 'images_mem' [C:/Users/guivi/Downloads/P3_baseline/nn_rd_mems.xpr/nn_rd_mems/nn_rd_mems.srcs/sources_1/imports/P3/mem_acesses.vhd:91]
INFO: [Synth 8-638] synthesizing module 'images_mem' [C:/Users/guivi/Downloads/P3_baseline/nn_rd_mems.xpr/nn_rd_mems/nn_rd_mems.runs/synth_1/.Xil/Vivado-12868-Victor_Yoga/realtime/images_mem_stub.vhdl:22]
INFO: [Synth 8-3491] module 'weights1' declared at 'C:/Users/guivi/Downloads/P3_baseline/nn_rd_mems.xpr/nn_rd_mems/nn_rd_mems.runs/synth_1/.Xil/Vivado-12868-Victor_Yoga/realtime/weights1_stub.vhdl:6' bound to instance 'instance_weights1' of component 'weights1' [C:/Users/guivi/Downloads/P3_baseline/nn_rd_mems.xpr/nn_rd_mems/nn_rd_mems.srcs/sources_1/imports/P3/mem_acesses.vhd:105]
INFO: [Synth 8-638] synthesizing module 'weights1' [C:/Users/guivi/Downloads/P3_baseline/nn_rd_mems.xpr/nn_rd_mems/nn_rd_mems.runs/synth_1/.Xil/Vivado-12868-Victor_Yoga/realtime/weights1_stub.vhdl:22]
INFO: [Synth 8-3491] module 'weights2' declared at 'C:/Users/guivi/Downloads/P3_baseline/nn_rd_mems.xpr/nn_rd_mems/nn_rd_mems.runs/synth_1/.Xil/Vivado-12868-Victor_Yoga/realtime/weights2_stub.vhdl:6' bound to instance 'instance_weights2' of component 'weights2' [C:/Users/guivi/Downloads/P3_baseline/nn_rd_mems.xpr/nn_rd_mems/nn_rd_mems.srcs/sources_1/imports/P3/mem_acesses.vhd:119]
INFO: [Synth 8-638] synthesizing module 'weights2' [C:/Users/guivi/Downloads/P3_baseline/nn_rd_mems.xpr/nn_rd_mems/nn_rd_mems.runs/synth_1/.Xil/Vivado-12868-Victor_Yoga/realtime/weights2_stub.vhdl:22]
INFO: [Synth 8-256] done synthesizing module 'mem_acesses' (0#1) [C:/Users/guivi/Downloads/P3_baseline/nn_rd_mems.xpr/nn_rd_mems/nn_rd_mems.srcs/sources_1/imports/P3/mem_acesses.vhd:23]
	Parameter DEBNC_CLOCKS bound to: 1048576 - type: integer 
	Parameter PORT_WIDTH bound to: 5 - type: integer 
INFO: [Synth 8-3491] module 'debouncer' declared at 'C:/Users/guivi/Downloads/P3_baseline/nn_rd_mems.xpr/nn_rd_mems/nn_rd_mems.srcs/sources_1/imports/P3/debouncer.vhd:42' bound to instance 'Inst_btn_debounce' of component 'debouncer' [C:/Users/guivi/Downloads/P3_baseline/nn_rd_mems.xpr/nn_rd_mems/nn_rd_mems.srcs/sources_1/imports/P3/fpga_basicIO_mems.vhd:171]
INFO: [Synth 8-638] synthesizing module 'debouncer' [C:/Users/guivi/Downloads/P3_baseline/nn_rd_mems.xpr/nn_rd_mems/nn_rd_mems.srcs/sources_1/imports/P3/debouncer.vhd:50]
	Parameter DEBNC_CLOCKS bound to: 1048576 - type: integer 
	Parameter PORT_WIDTH bound to: 5 - type: integer 
INFO: [Synth 8-256] done synthesizing module 'debouncer' (0#1) [C:/Users/guivi/Downloads/P3_baseline/nn_rd_mems.xpr/nn_rd_mems/nn_rd_mems.srcs/sources_1/imports/P3/debouncer.vhd:50]
INFO: [Synth 8-3491] module 'Circuit' declared at 'C:/Users/guivi/Downloads/P3_baseline/nn_rd_mems.xpr/nn_rd_mems/nn_rd_mems.srcs/sources_1/imports/Project_3/Circuit.vhd:5' bound to instance 'inst_circuito' of component 'circuit' [C:/Users/guivi/Downloads/P3_baseline/nn_rd_mems.xpr/nn_rd_mems/nn_rd_mems.srcs/sources_1/imports/P3/fpga_basicIO_mems.vhd:180]
INFO: [Synth 8-638] synthesizing module 'Circuit' [C:/Users/guivi/Downloads/P3_baseline/nn_rd_mems.xpr/nn_rd_mems/nn_rd_mems.srcs/sources_1/imports/Project_3/Circuit.vhd:13]
INFO: [Synth 8-3491] module 'ControlUnit' declared at 'C:/Users/guivi/Downloads/P3_baseline/nn_rd_mems.xpr/nn_rd_mems/nn_rd_mems.srcs/sources_1/imports/Project_3/ControlUnit.vhd:5' bound to instance 'inst_control' of component 'ControlUnit' [C:/Users/guivi/Downloads/P3_baseline/nn_rd_mems.xpr/nn_rd_mems/nn_rd_mems.srcs/sources_1/imports/Project_3/Circuit.vhd:34]
INFO: [Synth 8-638] synthesizing module 'ControlUnit' [C:/Users/guivi/Downloads/P3_baseline/nn_rd_mems.xpr/nn_rd_mems/nn_rd_mems.srcs/sources_1/imports/Project_3/ControlUnit.vhd:12]
WARNING: [Synth 8-614] signal 'rst_control' is read in the process but is not in the sensitivity list [C:/Users/guivi/Downloads/P3_baseline/nn_rd_mems.xpr/nn_rd_mems/nn_rd_mems.srcs/sources_1/imports/Project_3/ControlUnit.vhd:32]
WARNING: [Synth 8-614] signal 'done1' is read in the process but is not in the sensitivity list [C:/Users/guivi/Downloads/P3_baseline/nn_rd_mems.xpr/nn_rd_mems/nn_rd_mems.srcs/sources_1/imports/Project_3/ControlUnit.vhd:32]
INFO: [Synth 8-256] done synthesizing module 'ControlUnit' (0#1) [C:/Users/guivi/Downloads/P3_baseline/nn_rd_mems.xpr/nn_rd_mems/nn_rd_mems.srcs/sources_1/imports/Project_3/ControlUnit.vhd:12]
WARNING: [Synth 8-5640] Port 'w1_out' is missing in component declaration [C:/Users/guivi/Downloads/P3_baseline/nn_rd_mems.xpr/nn_rd_mems/nn_rd_mems.srcs/sources_1/imports/Project_3/Circuit.vhd:23]
WARNING: [Synth 8-5640] Port 'w2_out' is missing in component declaration [C:/Users/guivi/Downloads/P3_baseline/nn_rd_mems.xpr/nn_rd_mems/nn_rd_mems.srcs/sources_1/imports/Project_3/Circuit.vhd:23]
WARNING: [Synth 8-5640] Port 'count1' is missing in component declaration [C:/Users/guivi/Downloads/P3_baseline/nn_rd_mems.xpr/nn_rd_mems/nn_rd_mems.srcs/sources_1/imports/Project_3/Circuit.vhd:23]
WARNING: [Synth 8-5640] Port 'count2' is missing in component declaration [C:/Users/guivi/Downloads/P3_baseline/nn_rd_mems.xpr/nn_rd_mems/nn_rd_mems.srcs/sources_1/imports/Project_3/Circuit.vhd:23]
INFO: [Synth 8-3491] module 'Datapath' declared at 'C:/Users/guivi/Downloads/P3_baseline/nn_rd_mems.xpr/nn_rd_mems/nn_rd_mems.srcs/sources_1/imports/Project_3/Datapath.vhd:5' bound to instance 'inst_datapath' of component 'Datapath' [C:/Users/guivi/Downloads/P3_baseline/nn_rd_mems.xpr/nn_rd_mems/nn_rd_mems.srcs/sources_1/imports/Project_3/Circuit.vhd:39]
INFO: [Synth 8-256] done synthesizing module 'Circuit' (0#1) [C:/Users/guivi/Downloads/P3_baseline/nn_rd_mems.xpr/nn_rd_mems/nn_rd_mems.srcs/sources_1/imports/Project_3/Circuit.vhd:13]
INFO: [Synth 8-256] done synthesizing module 'fpga_basicIO_mems' (0#1) [C:/Users/guivi/Downloads/P3_baseline/nn_rd_mems.xpr/nn_rd_mems/nn_rd_mems.srcs/sources_1/imports/P3/fpga_basicIO_mems.vhd:48]
WARNING: [Synth 8-6014] Unused sequential element accum1_reg was removed.  [C:/Users/guivi/Downloads/P3_baseline/nn_rd_mems.xpr/nn_rd_mems/nn_rd_mems.srcs/sources_1/imports/Project_3/Datapath.vhd:73]
WARNING: [Synth 8-6014] Unused sequential element p_reg_reg was removed.  [C:/Users/guivi/Downloads/P3_baseline/nn_rd_mems.xpr/nn_rd_mems/nn_rd_mems.srcs/sources_1/imports/Project_3/Datapath.vhd:89]
WARNING: [Synth 8-6014] Unused sequential element accum1_reg was removed.  [C:/Users/guivi/Downloads/P3_baseline/nn_rd_mems.xpr/nn_rd_mems/nn_rd_mems.srcs/sources_1/imports/Project_3/Datapath.vhd:90]
WARNING: [Synth 8-3848] Net en_count1 in module/entity Circuit does not have driver. [C:/Users/guivi/Downloads/P3_baseline/nn_rd_mems.xpr/nn_rd_mems/nn_rd_mems.srcs/sources_1/imports/Project_3/Circuit.vhd:32]
WARNING: [Synth 8-3848] Net en_count2 in module/entity Circuit does not have driver. [C:/Users/guivi/Downloads/P3_baseline/nn_rd_mems.xpr/nn_rd_mems/nn_rd_mems.srcs/sources_1/imports/Project_3/Circuit.vhd:32]
WARNING: [Synth 8-6014] Unused sequential element btnCreg_reg was removed.  [C:/Users/guivi/Downloads/P3_baseline/nn_rd_mems.xpr/nn_rd_mems/nn_rd_mems.srcs/sources_1/imports/P3/fpga_basicIO_mems.vhd:189]
WARNING: [Synth 8-6014] Unused sequential element btnLreg_reg was removed.  [C:/Users/guivi/Downloads/P3_baseline/nn_rd_mems.xpr/nn_rd_mems/nn_rd_mems.srcs/sources_1/imports/P3/fpga_basicIO_mems.vhd:191]
WARNING: [Synth 8-6014] Unused sequential element btnRreg_reg was removed.  [C:/Users/guivi/Downloads/P3_baseline/nn_rd_mems.xpr/nn_rd_mems/nn_rd_mems.srcs/sources_1/imports/P3/fpga_basicIO_mems.vhd:192]
WARNING: [Synth 8-6014] Unused sequential element btnDreg_reg was removed.  [C:/Users/guivi/Downloads/P3_baseline/nn_rd_mems.xpr/nn_rd_mems/nn_rd_mems.srcs/sources_1/imports/P3/fpga_basicIO_mems.vhd:193]
WARNING: [Synth 8-7129] Port p[31] in module Datapath is either unconnected or has no load
WARNING: [Synth 8-7129] Port p[30] in module Datapath is either unconnected or has no load
WARNING: [Synth 8-7129] Port p[29] in module Datapath is either unconnected or has no load
WARNING: [Synth 8-7129] Port p[28] in module Datapath is either unconnected or has no load
WARNING: [Synth 8-7129] Port p[27] in module Datapath is either unconnected or has no load
WARNING: [Synth 8-7129] Port p[26] in module Datapath is either unconnected or has no load
WARNING: [Synth 8-7129] Port p[25] in module Datapath is either unconnected or has no load
WARNING: [Synth 8-7129] Port p[24] in module Datapath is either unconnected or has no load
WARNING: [Synth 8-7129] Port p[23] in module Datapath is either unconnected or has no load
WARNING: [Synth 8-7129] Port p[22] in module Datapath is either unconnected or has no load
WARNING: [Synth 8-7129] Port p[21] in module Datapath is either unconnected or has no load
WARNING: [Synth 8-7129] Port p[20] in module Datapath is either unconnected or has no load
WARNING: [Synth 8-7129] Port p[19] in module Datapath is either unconnected or has no load
WARNING: [Synth 8-7129] Port p[18] in module Datapath is either unconnected or has no load
WARNING: [Synth 8-7129] Port p[17] in module Datapath is either unconnected or has no load
WARNING: [Synth 8-7129] Port p[16] in module Datapath is either unconnected or has no load
WARNING: [Synth 8-7129] Port p[15] in module Datapath is either unconnected or has no load
WARNING: [Synth 8-7129] Port p[14] in module Datapath is either unconnected or has no load
WARNING: [Synth 8-7129] Port p[13] in module Datapath is either unconnected or has no load
WARNING: [Synth 8-7129] Port p[12] in module Datapath is either unconnected or has no load
WARNING: [Synth 8-7129] Port p[11] in module Datapath is either unconnected or has no load
WARNING: [Synth 8-7129] Port p[10] in module Datapath is either unconnected or has no load
WARNING: [Synth 8-7129] Port p[9] in module Datapath is either unconnected or has no load
WARNING: [Synth 8-7129] Port p[8] in module Datapath is either unconnected or has no load
WARNING: [Synth 8-7129] Port p[7] in module Datapath is either unconnected or has no load
WARNING: [Synth 8-7129] Port p[6] in module Datapath is either unconnected or has no load
WARNING: [Synth 8-7129] Port p[5] in module Datapath is either unconnected or has no load
WARNING: [Synth 8-7129] Port p[4] in module Datapath is either unconnected or has no load
WARNING: [Synth 8-7129] Port p[3] in module Datapath is either unconnected or has no load
WARNING: [Synth 8-7129] Port p[2] in module Datapath is either unconnected or has no load
WARNING: [Synth 8-7129] Port p[1] in module Datapath is either unconnected or has no load
WARNING: [Synth 8-7129] Port p[0] in module Datapath is either unconnected or has no load
WARNING: [Synth 8-7129] Port w1_out[15] in module Datapath is either unconnected or has no load
WARNING: [Synth 8-7129] Port w1_out[14] in module Datapath is either unconnected or has no load
WARNING: [Synth 8-7129] Port w1_out[13] in module Datapath is either unconnected or has no load
WARNING: [Synth 8-7129] Port w1_out[12] in module Datapath is either unconnected or has no load
WARNING: [Synth 8-7129] Port w1_out[11] in module Datapath is either unconnected or has no load
WARNING: [Synth 8-7129] Port w1_out[10] in module Datapath is either unconnected or has no load
WARNING: [Synth 8-7129] Port w1_out[9] in module Datapath is either unconnected or has no load
WARNING: [Synth 8-7129] Port w1_out[8] in module Datapath is either unconnected or has no load
WARNING: [Synth 8-7129] Port w1_out[7] in module Datapath is either unconnected or has no load
WARNING: [Synth 8-7129] Port w1_out[6] in module Datapath is either unconnected or has no load
WARNING: [Synth 8-7129] Port w1_out[5] in module Datapath is either unconnected or has no load
WARNING: [Synth 8-7129] Port w1_out[4] in module Datapath is either unconnected or has no load
WARNING: [Synth 8-7129] Port w1_out[3] in module Datapath is either unconnected or has no load
WARNING: [Synth 8-7129] Port w1_out[2] in module Datapath is either unconnected or has no load
WARNING: [Synth 8-7129] Port w1_out[1] in module Datapath is either unconnected or has no load
WARNING: [Synth 8-7129] Port w1_out[0] in module Datapath is either unconnected or has no load
WARNING: [Synth 8-7129] Port addrin[12] in module mem_acesses is either unconnected or has no load
WARNING: [Synth 8-7129] Port addrin[11] in module mem_acesses is either unconnected or has no load
WARNING: [Synth 8-7129] Port addrin[10] in module mem_acesses is either unconnected or has no load
WARNING: [Synth 8-7129] Port addrin[9] in module mem_acesses is either unconnected or has no load
WARNING: [Synth 8-7129] Port addrin[8] in module mem_acesses is either unconnected or has no load
WARNING: [Synth 8-7129] Port addrin[7] in module mem_acesses is either unconnected or has no load
WARNING: [Synth 8-7129] Port addrin[6] in module mem_acesses is either unconnected or has no load
WARNING: [Synth 8-7129] Port addrin[5] in module mem_acesses is either unconnected or has no load
WARNING: [Synth 8-7129] Port addrin[4] in module mem_acesses is either unconnected or has no load
WARNING: [Synth 8-7129] Port addrin[3] in module mem_acesses is either unconnected or has no load
WARNING: [Synth 8-7129] Port addrin[2] in module mem_acesses is either unconnected or has no load
WARNING: [Synth 8-7129] Port addrin[1] in module mem_acesses is either unconnected or has no load
WARNING: [Synth 8-7129] Port addrin[0] in module mem_acesses is either unconnected or has no load
---------------------------------------------------------------------------------
Finished RTL Elaboration : Time (s): cpu = 00:00:05 ; elapsed = 00:00:10 . Memory (MB): peak = 1413.883 ; gain = 555.945
---------------------------------------------------------------------------------
---------------------------------------------------------------------------------
Start Handling Custom Attributes
---------------------------------------------------------------------------------
---------------------------------------------------------------------------------
Finished Handling Custom Attributes : Time (s): cpu = 00:00:05 ; elapsed = 00:00:10 . Memory (MB): peak = 1413.883 ; gain = 555.945
---------------------------------------------------------------------------------
---------------------------------------------------------------------------------
Finished RTL Optimization Phase 1 : Time (s): cpu = 00:00:05 ; elapsed = 00:00:10 . Memory (MB): peak = 1413.883 ; gain = 555.945
---------------------------------------------------------------------------------
Netlist sorting complete. Time (s): cpu = 00:00:00 ; elapsed = 00:00:00.031 . Memory (MB): peak = 1413.883 ; gain = 0.000
INFO: [Project 1-570] Preparing netlist for logic optimization

Processing XDC Constraints
Initializing timing engine
Parsing XDC File [c:/Users/guivi/Downloads/P3_baseline/nn_rd_mems.xpr/nn_rd_mems/nn_rd_mems.gen/sources_1/ip/images_mem/images_mem/images_mem_in_context.xdc] for cell 'inst_mems/instance_images'
Finished Parsing XDC File [c:/Users/guivi/Downloads/P3_baseline/nn_rd_mems.xpr/nn_rd_mems/nn_rd_mems.gen/sources_1/ip/images_mem/images_mem/images_mem_in_context.xdc] for cell 'inst_mems/instance_images'
Parsing XDC File [c:/Users/guivi/Downloads/P3_baseline/nn_rd_mems.xpr/nn_rd_mems/nn_rd_mems.gen/sources_1/ip/weights1/weights1/weights1_in_context.xdc] for cell 'inst_mems/instance_weights1'
Finished Parsing XDC File [c:/Users/guivi/Downloads/P3_baseline/nn_rd_mems.xpr/nn_rd_mems/nn_rd_mems.gen/sources_1/ip/weights1/weights1/weights1_in_context.xdc] for cell 'inst_mems/instance_weights1'
Parsing XDC File [c:/Users/guivi/Downloads/P3_baseline/nn_rd_mems.xpr/nn_rd_mems/nn_rd_mems.gen/sources_1/ip/Q08toBCD/Q08toBCD/Q08toBCD_in_context.xdc] for cell 'instance_toBCD'
Finished Parsing XDC File [c:/Users/guivi/Downloads/P3_baseline/nn_rd_mems.xpr/nn_rd_mems/nn_rd_mems.gen/sources_1/ip/Q08toBCD/Q08toBCD/Q08toBCD_in_context.xdc] for cell 'instance_toBCD'
Parsing XDC File [c:/Users/guivi/Downloads/P3_baseline/nn_rd_mems.xpr/nn_rd_mems/nn_rd_mems.gen/sources_1/ip/weights2/weights2/weights2_in_context.xdc] for cell 'inst_mems/instance_weights2'
Finished Parsing XDC File [c:/Users/guivi/Downloads/P3_baseline/nn_rd_mems.xpr/nn_rd_mems/nn_rd_mems.gen/sources_1/ip/weights2/weights2/weights2_in_context.xdc] for cell 'inst_mems/instance_weights2'
Parsing XDC File [C:/Users/guivi/Downloads/P3_baseline/nn_rd_mems.xpr/nn_rd_mems/nn_rd_mems.srcs/constrs_1/imports/P3/Basys3_Master.xdc]
Finished Parsing XDC File [C:/Users/guivi/Downloads/P3_baseline/nn_rd_mems.xpr/nn_rd_mems/nn_rd_mems.srcs/constrs_1/imports/P3/Basys3_Master.xdc]
INFO: [Project 1-236] Implementation specific constraints were found while reading constraint file [C:/Users/guivi/Downloads/P3_baseline/nn_rd_mems.xpr/nn_rd_mems/nn_rd_mems.srcs/constrs_1/imports/P3/Basys3_Master.xdc]. These constraints will be ignored for synthesis but will be used in implementation. Impacted constraints are listed in the file [.Xil/fpga_basicIO_mems_propImpl.xdc].
Resolution: To avoid this warning, move constraints listed in [.Xil/fpga_basicIO_mems_propImpl.xdc] to another XDC file and exclude this new file from synthesis with the used_in_synthesis property (File Properties dialog in GUI) and re-run elaboration/synthesis.
Completed Processing XDC Constraints

Netlist sorting complete. Time (s): cpu = 00:00:00 ; elapsed = 00:00:00 . Memory (MB): peak = 1444.102 ; gain = 0.000
INFO: [Project 1-111] Unisim Transformation Summary:
No Unisim elements were transformed.

O sistema n∆o pode encontrar o caminho especificado.
Constraint Validation Runtime : Time (s): cpu = 00:00:00 ; elapsed = 00:00:00.016 . Memory (MB): peak = 1444.102 ; gain = 0.000
WARNING: [Timing 38-316] Clock period '20.000' specified during out-of-context synthesis of instance 'inst_mems/instance_images' at clock pin 'clka' is different from the actual clock period '10.000', this can lead to different synthesis results.
WARNING: [Timing 38-316] Clock period '20.000' specified during out-of-context synthesis of instance 'inst_mems/instance_weights1' at clock pin 'clka' is different from the actual clock period '10.000', this can lead to different synthesis results.
WARNING: [Timing 38-316] Clock period '20.000' specified during out-of-context synthesis of instance 'inst_mems/instance_weights2' at clock pin 'clka' is different from the actual clock period '10.000', this can lead to different synthesis results.
INFO: [Designutils 20-5440] No compile time benefit to using incremental synthesis; A full resynthesis will be run
INFO: [Designutils 20-4379] Flow is switching to default flow due to incremental criteria not met. If you would like to alter this behaviour and have the flow terminate instead, please set the following parameter config_implementation {autoIncr.Synth.RejectBehavior Terminate}
---------------------------------------------------------------------------------
Finished Constraint Validation : Time (s): cpu = 00:00:13 ; elapsed = 00:00:20 . Memory (MB): peak = 1449.188 ; gain = 591.250
---------------------------------------------------------------------------------
---------------------------------------------------------------------------------
Start Loading Part and Timing Information
---------------------------------------------------------------------------------
Loading part: xc7a35tcpg236-1
---------------------------------------------------------------------------------
Finished Loading Part and Timing Information : Time (s): cpu = 00:00:13 ; elapsed = 00:00:20 . Memory (MB): peak = 1449.188 ; gain = 591.250
---------------------------------------------------------------------------------
---------------------------------------------------------------------------------
Start Applying 'set_property' XDC Constraints
---------------------------------------------------------------------------------
Applied set_property KEEP_HIERARCHY = SOFT for inst_mems/instance_images. (constraint file  auto generated constraint).
Applied set_property KEEP_HIERARCHY = SOFT for inst_mems/instance_weights1. (constraint file  auto generated constraint).
Applied set_property KEEP_HIERARCHY = SOFT for instance_toBCD. (constraint file  auto generated constraint).
Applied set_property KEEP_HIERARCHY = SOFT for inst_mems/instance_weights2. (constraint file  auto generated constraint).
---------------------------------------------------------------------------------
Finished applying 'set_property' XDC Constraints : Time (s): cpu = 00:00:13 ; elapsed = 00:00:20 . Memory (MB): peak = 1449.188 ; gain = 591.250
---------------------------------------------------------------------------------
INFO: [Synth 8-802] inferred FSM for state register 'currstate_reg' in module 'ControlUnit'
WARNING: [Synth 8-327] inferring latch for variable 'en_count1_reg' [C:/Users/guivi/Downloads/P3_baseline/nn_rd_mems.xpr/nn_rd_mems/nn_rd_mems.srcs/sources_1/imports/Project_3/ControlUnit.vhd:40]
---------------------------------------------------------------------------------------------------
                   State |                     New Encoding |                Previous Encoding 
---------------------------------------------------------------------------------------------------
               s_initial |                              001 |                               00
                  cycle1 |                              010 |                               10
                  cycle2 |                              100 |                               11
---------------------------------------------------------------------------------------------------
INFO: [Synth 8-3354] encoded FSM with state register 'currstate_reg' using encoding 'one-hot' in module 'ControlUnit'
WARNING: [Synth 8-327] inferring latch for variable 'en_count2_reg' [C:/Users/guivi/Downloads/P3_baseline/nn_rd_mems.xpr/nn_rd_mems/nn_rd_mems.srcs/sources_1/imports/Project_3/ControlUnit.vhd:48]
---------------------------------------------------------------------------------
Finished RTL Optimization Phase 2 : Time (s): cpu = 00:00:13 ; elapsed = 00:00:20 . Memory (MB): peak = 1449.188 ; gain = 591.250
---------------------------------------------------------------------------------
---------------------------------------------------------------------------------
Start RTL Component Statistics 
---------------------------------------------------------------------------------
Detailed RTL Component Info : 
+---Adders : 
	   2 Input   36 Bit       Adders := 2     
	   2 Input   25 Bit       Adders := 2     
	   2 Input    7 Bit       Adders := 2     
	   2 Input    4 Bit       Adders := 2     
+---XORs : 
	   2 Input      1 Bit         XORs := 5     
+---Registers : 
	               36 Bit    Registers := 2     
	               16 Bit    Registers := 1     
	                7 Bit    Registers := 2     
	                5 Bit    Registers := 1     
	                4 Bit    Registers := 4     
	                1 Bit    Registers := 3     
+---Muxes : 
	   2 Input  512 Bit        Muxes := 2     
	   2 Input   16 Bit        Muxes := 4     
	   2 Input   12 Bit        Muxes := 1     
	   4 Input    8 Bit        Muxes := 1     
	   2 Input    7 Bit        Muxes := 1     
	   4 Input    4 Bit        Muxes := 3     
	   3 Input    3 Bit        Muxes := 1     
	   2 Input    3 Bit        Muxes := 1     
	   4 Input    1 Bit        Muxes := 1     
	   3 Input    1 Bit        Muxes := 4     
	   2 Input    1 Bit        Muxes := 10    
---------------------------------------------------------------------------------
Finished RTL Component Statistics 
---------------------------------------------------------------------------------
---------------------------------------------------------------------------------
Start Part Resource Summary
---------------------------------------------------------------------------------
Part Resources:
DSPs: 90 (col length:60)
BRAMs: 100 (col length: RAMB18 60 RAMB36 30)
---------------------------------------------------------------------------------
Finished Part Resource Summary
---------------------------------------------------------------------------------
---------------------------------------------------------------------------------
Start Cross Boundary and Area Optimization
---------------------------------------------------------------------------------
WARNING: [Synth 8-7080] Parallel synthesis criteria is not met
DSP Report: Generating DSP inst_mems/inst_datapath/mul2_sg1, operation Mode is: A*B.
DSP Report: operator inst_mems/inst_datapath/mul2_sg1 is absorbed into DSP inst_mems/inst_datapath/mul2_sg1.
DSP Report: Generating DSP inst_mems/inst_datapath/res2_add_sg10, operation Mode is: PCIN+A*B.
DSP Report: operator inst_mems/inst_datapath/res2_add_sg10 is absorbed into DSP inst_mems/inst_datapath/res2_add_sg10.
DSP Report: operator inst_mems/inst_datapath/mul2_sg2 is absorbed into DSP inst_mems/inst_datapath/res2_add_sg10.
DSP Report: Generating DSP inst_mems/inst_datapath/mul2_sg3, operation Mode is: A*B.
DSP Report: operator inst_mems/inst_datapath/mul2_sg3 is absorbed into DSP inst_mems/inst_datapath/mul2_sg3.
DSP Report: Generating DSP inst_mems/inst_datapath/res2_add_sg20, operation Mode is: PCIN+A*B.
DSP Report: operator inst_mems/inst_datapath/res2_add_sg20 is absorbed into DSP inst_mems/inst_datapath/res2_add_sg20.
DSP Report: operator inst_mems/inst_datapath/mul2_sg4 is absorbed into DSP inst_mems/inst_datapath/res2_add_sg20.
DSP Report: Generating DSP inst_circuito/inst_datapath/mul2_sg1, operation Mode is: A*B.
DSP Report: operator inst_circuito/inst_datapath/mul2_sg1 is absorbed into DSP inst_circuito/inst_datapath/mul2_sg1.
DSP Report: Generating DSP inst_circuito/inst_datapath/res2_add_sg10, operation Mode is: PCIN+A*B.
DSP Report: operator inst_circuito/inst_datapath/res2_add_sg10 is absorbed into DSP inst_circuito/inst_datapath/res2_add_sg10.
DSP Report: operator inst_circuito/inst_datapath/mul2_sg2 is absorbed into DSP inst_circuito/inst_datapath/res2_add_sg10.
DSP Report: Generating DSP inst_circuito/inst_datapath/mul2_sg3, operation Mode is: A*B.
DSP Report: operator inst_circuito/inst_datapath/mul2_sg3 is absorbed into DSP inst_circuito/inst_datapath/mul2_sg3.
DSP Report: Generating DSP inst_circuito/inst_datapath/res2_add_sg20, operation Mode is: PCIN+A*B.
DSP Report: operator inst_circuito/inst_datapath/res2_add_sg20 is absorbed into DSP inst_circuito/inst_datapath/res2_add_sg20.
DSP Report: operator inst_circuito/inst_datapath/mul2_sg4 is absorbed into DSP inst_circuito/inst_datapath/res2_add_sg20.
WARNING: [Synth 8-3332] Sequential element (inst_circuito/inst_control/en_count1_reg) is unused and will be removed from module fpga_basicIO_mems.
WARNING: [Synth 8-3332] Sequential element (inst_circuito/inst_control/FSM_onehot_currstate_reg[2]) is unused and will be removed from module fpga_basicIO_mems.
WARNING: [Synth 8-3332] Sequential element (inst_circuito/inst_control/FSM_onehot_currstate_reg[1]) is unused and will be removed from module fpga_basicIO_mems.
WARNING: [Synth 8-3332] Sequential element (inst_circuito/inst_control/FSM_onehot_currstate_reg[0]) is unused and will be removed from module fpga_basicIO_mems.
WARNING: [Synth 8-3332] Sequential element (inst_circuito/inst_control/en_count2_reg) is unused and will be removed from module fpga_basicIO_mems.
---------------------------------------------------------------------------------
Finished Cross Boundary and Area Optimization : Time (s): cpu = 00:00:16 ; elapsed = 00:00:23 . Memory (MB): peak = 1449.188 ; gain = 591.250
---------------------------------------------------------------------------------
 Sort Area is  inst_circuito/inst_datapath/mul2_sg1_5 : 0 0 : 817 1705 : Used 1 time 0
 Sort Area is  inst_circuito/inst_datapath/mul2_sg1_5 : 0 1 : 888 1705 : Used 1 time 0
 Sort Area is  inst_circuito/inst_datapath/mul2_sg3_4 : 0 0 : 817 1705 : Used 1 time 0
 Sort Area is  inst_circuito/inst_datapath/mul2_sg3_4 : 0 1 : 888 1705 : Used 1 time 0
 Sort Area is  inst_mems/inst_datapath/mul2_sg1_3 : 0 0 : 817 1705 : Used 1 time 0
 Sort Area is  inst_mems/inst_datapath/mul2_sg1_3 : 0 1 : 888 1705 : Used 1 time 0
 Sort Area is  inst_mems/inst_datapath/mul2_sg3_0 : 0 0 : 817 1705 : Used 1 time 0
 Sort Area is  inst_mems/inst_datapath/mul2_sg3_0 : 0 1 : 888 1705 : Used 1 time 0
---------------------------------------------------------------------------------
Start ROM, RAM, DSP, Shift Register and Retiming Reporting
---------------------------------------------------------------------------------

DSP: Preliminary Mapping Report (see note below. The ' indicates corresponding REG is set)
+------------+-------------+--------+--------+--------+--------+--------+------+------+------+------+-------+------+------+
|Module Name | DSP Mapping | A Size | B Size | C Size | D Size | P Size | AREG | BREG | CREG | DREG | ADREG | MREG | PREG | 
+------------+-------------+--------+--------+--------+--------+--------+------+------+------+------+-------+------+------+
|Datapath    | A*B         | 16     | 8      | -      | -      | 24     | 0    | 0    | -    | -    | -     | 0    | 0    | 
|Datapath    | PCIN+A*B    | 16     | 8      | -      | -      | 24     | 0    | 0    | -    | -    | -     | 0    | 0    | 
|Datapath    | A*B         | 16     | 8      | -      | -      | 24     | 0    | 0    | -    | -    | -     | 0    | 0    | 
|Datapath    | PCIN+A*B    | 16     | 8      | -      | -      | 24     | 0    | 0    | -    | -    | -     | 0    | 0    | 
|Datapath    | A*B         | 16     | 8      | -      | -      | 24     | 0    | 0    | -    | -    | -     | 0    | 0    | 
|Datapath    | PCIN+A*B    | 16     | 8      | -      | -      | 24     | 0    | 0    | -    | -    | -     | 0    | 0    | 
|Datapath    | A*B         | 16     | 8      | -      | -      | 24     | 0    | 0    | -    | -    | -     | 0    | 0    | 
|Datapath    | PCIN+A*B    | 16     | 8      | -      | -      | 24     | 0    | 0    | -    | -    | -     | 0    | 0    | 
+------------+-------------+--------+--------+--------+--------+--------+------+------+------+------+-------+------+------+

Note: The table above is a preliminary report that shows the DSPs inferred at the current stage of the synthesis flow. Some DSP may be reimplemented as non DSP primitives later in the synthesis flow. Multiple instantiated DSPs are reported only once.
---------------------------------------------------------------------------------
Finished ROM, RAM, DSP, Shift Register and Retiming Reporting
---------------------------------------------------------------------------------
---------------------------------------------------------------------------------
Start Applying XDC Timing Constraints
---------------------------------------------------------------------------------
---------------------------------------------------------------------------------
Finished Applying XDC Timing Constraints : Time (s): cpu = 00:00:20 ; elapsed = 00:00:29 . Memory (MB): peak = 1449.188 ; gain = 591.250
---------------------------------------------------------------------------------
---------------------------------------------------------------------------------
Start Timing Optimization
---------------------------------------------------------------------------------
---------------------------------------------------------------------------------
Finished Timing Optimization : Time (s): cpu = 00:00:20 ; elapsed = 00:00:30 . Memory (MB): peak = 1449.188 ; gain = 591.250
---------------------------------------------------------------------------------
---------------------------------------------------------------------------------
Start Technology Mapping
---------------------------------------------------------------------------------
---------------------------------------------------------------------------------
Finished Technology Mapping : Time (s): cpu = 00:00:21 ; elapsed = 00:00:30 . Memory (MB): peak = 1449.188 ; gain = 591.250
---------------------------------------------------------------------------------
---------------------------------------------------------------------------------
Start IO Insertion
---------------------------------------------------------------------------------
---------------------------------------------------------------------------------
Start Flattening Before IO Insertion
---------------------------------------------------------------------------------
---------------------------------------------------------------------------------
Finished Flattening Before IO Insertion
---------------------------------------------------------------------------------
---------------------------------------------------------------------------------
Start Final Netlist Cleanup
---------------------------------------------------------------------------------
---------------------------------------------------------------------------------
Finished Final Netlist Cleanup
---------------------------------------------------------------------------------
---------------------------------------------------------------------------------
Finished IO Insertion : Time (s): cpu = 00:00:24 ; elapsed = 00:00:37 . Memory (MB): peak = 1449.188 ; gain = 591.250
---------------------------------------------------------------------------------
---------------------------------------------------------------------------------
Start Renaming Generated Instances
---------------------------------------------------------------------------------
---------------------------------------------------------------------------------
Finished Renaming Generated Instances : Time (s): cpu = 00:00:24 ; elapsed = 00:00:37 . Memory (MB): peak = 1449.188 ; gain = 591.250
---------------------------------------------------------------------------------
---------------------------------------------------------------------------------
Start Rebuilding User Hierarchy
---------------------------------------------------------------------------------
---------------------------------------------------------------------------------
Finished Rebuilding User Hierarchy : Time (s): cpu = 00:00:24 ; elapsed = 00:00:37 . Memory (MB): peak = 1449.188 ; gain = 591.250
---------------------------------------------------------------------------------
---------------------------------------------------------------------------------
Start Renaming Generated Ports
---------------------------------------------------------------------------------
---------------------------------------------------------------------------------
Finished Renaming Generated Ports : Time (s): cpu = 00:00:24 ; elapsed = 00:00:37 . Memory (MB): peak = 1449.188 ; gain = 591.250
---------------------------------------------------------------------------------
---------------------------------------------------------------------------------
Start Handling Custom Attributes
---------------------------------------------------------------------------------
---------------------------------------------------------------------------------
Finished Handling Custom Attributes : Time (s): cpu = 00:00:24 ; elapsed = 00:00:37 . Memory (MB): peak = 1449.188 ; gain = 591.250
---------------------------------------------------------------------------------
---------------------------------------------------------------------------------
Start Renaming Generated Nets
---------------------------------------------------------------------------------
---------------------------------------------------------------------------------
Finished Renaming Generated Nets : Time (s): cpu = 00:00:24 ; elapsed = 00:00:37 . Memory (MB): peak = 1449.188 ; gain = 591.250
---------------------------------------------------------------------------------
---------------------------------------------------------------------------------
Start Writing Synthesis Report
---------------------------------------------------------------------------------

Report BlackBoxes: 
+------+--------------+----------+
|      |BlackBox name |Instances |
+------+--------------+----------+
|1     |Q08toBCD      |         1|
|2     |images_mem    |         1|
|3     |weights1      |         1|
|4     |weights2      |         1|
+------+--------------+----------+

Report Cell Usage: 
+------+----------------+------+
|      |Cell            |Count |
+------+----------------+------+
|1     |Q08toBCD_bbox   |     1|
|2     |images_mem_bbox |     1|
|3     |weights1_bbox   |     1|
|4     |weights2_bbox   |     1|
|5     |BUFG            |     1|
|6     |CARRY4          |     5|
|7     |LUT1            |     1|
|8     |LUT2            |     4|
|9     |LUT3            |    17|
|10    |LUT5            |    22|
|11    |LUT6            |    30|
|12    |MUXF7           |     9|
|13    |FDRE            |    25|
|14    |IBUF            |     6|
|15    |OBUF            |    28|
+------+----------------+------+
---------------------------------------------------------------------------------
Finished Writing Synthesis Report : Time (s): cpu = 00:00:24 ; elapsed = 00:00:37 . Memory (MB): peak = 1449.188 ; gain = 591.250
---------------------------------------------------------------------------------
Synthesis finished with 0 errors, 0 critical warnings and 8 warnings.
Synthesis Optimization Runtime : Time (s): cpu = 00:00:17 ; elapsed = 00:00:35 . Memory (MB): peak = 1449.188 ; gain = 555.945
Synthesis Optimization Complete : Time (s): cpu = 00:00:24 ; elapsed = 00:00:37 . Memory (MB): peak = 1449.188 ; gain = 591.250
INFO: [Project 1-571] Translating synthesized netlist
Netlist sorting complete. Time (s): cpu = 00:00:00 ; elapsed = 00:00:00.004 . Memory (MB): peak = 1449.188 ; gain = 0.000
INFO: [Netlist 29-17] Analyzing 14 Unisim elements for replacement
INFO: [Netlist 29-28] Unisim Transformation completed in 0 CPU seconds
INFO: [Project 1-570] Preparing netlist for logic optimization
INFO: [Opt 31-138] Pushed 0 inverter(s) to 0 load pin(s).
Netlist sorting complete. Time (s): cpu = 00:00:00 ; elapsed = 00:00:00 . Memory (MB): peak = 1449.188 ; gain = 0.000
INFO: [Project 1-111] Unisim Transformation Summary:
No Unisim elements were transformed.

O sistema n∆o pode encontrar o caminho especificado.
Synth Design complete | Checksum: bb8041f7
INFO: [Common 17-83] Releasing license: Synthesis
52 Infos, 93 Warnings, 0 Critical Warnings and 0 Errors encountered.
synth_design completed successfully
synth_design: Time (s): cpu = 00:00:27 ; elapsed = 00:00:44 . Memory (MB): peak = 1449.188 ; gain = 983.480
Write ShapeDB Complete: Time (s): cpu = 00:00:00 ; elapsed = 00:00:00.004 . Memory (MB): peak = 1449.188 ; gain = 0.000
INFO: [Common 17-1381] The checkpoint 'C:/Users/guivi/Downloads/P3_baseline/nn_rd_mems.xpr/nn_rd_mems/nn_rd_mems.runs/synth_1/fpga_basicIO_mems.dcp' has been generated.
INFO: [runtcl-4] Executing : report_utilization -file fpga_basicIO_mems_utilization_synth.rpt -pb fpga_basicIO_mems_utilization_synth.pb
INFO: [Common 17-206] Exiting Vivado at Thu Oct 26 16:49:35 2023...
