
*** Running vivado
    with args -log images_mem.vds -m64 -product Vivado -mode batch -messageDb vivado.pb -notrace -source images_mem.tcl


ECHO est  desativado.
ECHO est  desativado.

****** Vivado v2023.1 (64-bit)
  **** SW Build 3865809 on Sun May  7 15:05:29 MDT 2023
  **** IP Build 3864474 on Sun May  7 20:36:21 MDT 2023
  **** SharedData Build 3865790 on Sun May 07 13:33:03 MDT 2023
    ** Copyright 1986-2022 Xilinx, Inc. All Rights Reserved.
    ** Copyright 2022-2023 Advanced Micro Devices, Inc. All Rights Reserved.

source images_mem.tcl -notrace
create_project: Time (s): cpu = 00:00:06 ; elapsed = 00:00:09 . Memory (MB): peak = 467.402 ; gain = 200.047
INFO: [IP_Flow 19-6924] IPCACHE: Running cache check for IP inst: images_mem
INFO: [IP_Flow 19-6922] IPCACHE: Exporting cached entry 8bd6a82c9b4cb2ec to dir: C:/Users/guivi/Documents/PSD/projeto3_limpo_arquive.xpr/nn_rd_mems/nn_rd_mems.runs/images_mem_synth_1
INFO: [IP_Flow 19-6928] IPCACHE: copied cached file c:/Users/guivi/Documents/PSD/projeto3_limpo_arquive.xpr/nn_rd_mems/nn_rd_mems.cache/ip/2023.1/8/b/8bd6a82c9b4cb2ec/images_mem.dcp to C:/Users/guivi/Documents/PSD/projeto3_limpo_arquive.xpr/nn_rd_mems/nn_rd_mems.runs/images_mem_synth_1/images_mem.dcp.
INFO: [IP_Flow 19-6928] IPCACHE: copied cached file c:/Users/guivi/Documents/PSD/projeto3_limpo_arquive.xpr/nn_rd_mems/nn_rd_mems.cache/ip/2023.1/8/b/8bd6a82c9b4cb2ec/images_mem_sim_netlist.v to C:/Users/guivi/Documents/PSD/projeto3_limpo_arquive.xpr/nn_rd_mems/nn_rd_mems.runs/images_mem_synth_1/images_mem_sim_netlist.v.
INFO: [IP_Flow 19-6928] IPCACHE: copied cached file c:/Users/guivi/Documents/PSD/projeto3_limpo_arquive.xpr/nn_rd_mems/nn_rd_mems.cache/ip/2023.1/8/b/8bd6a82c9b4cb2ec/images_mem_sim_netlist.vhdl to C:/Users/guivi/Documents/PSD/projeto3_limpo_arquive.xpr/nn_rd_mems/nn_rd_mems.runs/images_mem_synth_1/images_mem_sim_netlist.vhdl.
INFO: [IP_Flow 19-6928] IPCACHE: copied cached file c:/Users/guivi/Documents/PSD/projeto3_limpo_arquive.xpr/nn_rd_mems/nn_rd_mems.cache/ip/2023.1/8/b/8bd6a82c9b4cb2ec/images_mem_stub.v to C:/Users/guivi/Documents/PSD/projeto3_limpo_arquive.xpr/nn_rd_mems/nn_rd_mems.runs/images_mem_synth_1/images_mem_stub.v.
INFO: [IP_Flow 19-6928] IPCACHE: copied cached file c:/Users/guivi/Documents/PSD/projeto3_limpo_arquive.xpr/nn_rd_mems/nn_rd_mems.cache/ip/2023.1/8/b/8bd6a82c9b4cb2ec/images_mem_stub.vhdl to C:/Users/guivi/Documents/PSD/projeto3_limpo_arquive.xpr/nn_rd_mems/nn_rd_mems.runs/images_mem_synth_1/images_mem_stub.vhdl.
INFO: [IP_Flow 19-4838] Using cached IP synthesis design for IP images_mem, cache-ID = 8bd6a82c9b4cb2ec.
INFO: [Common 17-206] Exiting Vivado at Wed Nov  1 14:42:16 2023...
