#-----------------------------------------------------------
# Vivado v2023.2 (64-bit)
# SW Build 4029153 on Fri Oct 13 20:14:34 MDT 2023
# IP Build 4028589 on Sat Oct 14 00:45:43 MDT 2023
# SharedData Build 4025554 on Tue Oct 10 17:18:54 MDT 2023
# Start of session at: Thu Oct 26 10:16:57 2023
# Process ID: 19496
# Current directory: C:/Users/guivi/OneDrive - Universidade de Lisboa/Documentos/Faculdade/GitHub/PSD/Project_3/P3_baseline/nn_rd_mems.xpr/nn_rd_mems
# Command line: vivado.exe -gui_launcher_event rodinguilauncherevent2356 C:\Users\guivi\OneDrive - Universidade de Lisboa\Documentos\Faculdade\GitHub\PSD\Project_3\P3_baseline\nn_rd_mems.xpr\nn_rd_mems\nn_rd_mems.xpr
# Log file: C:/Users/guivi/OneDrive - Universidade de Lisboa/Documentos/Faculdade/GitHub/PSD/Project_3/P3_baseline/nn_rd_mems.xpr/nn_rd_mems/vivado.log
# Journal file: C:/Users/guivi/OneDrive - Universidade de Lisboa/Documentos/Faculdade/GitHub/PSD/Project_3/P3_baseline/nn_rd_mems.xpr/nn_rd_mems\vivado.jou
# Running On: Victor_Yoga, OS: Windows, CPU Frequency: 2096 MHz, CPU Physical cores: 12, Host memory: 7879 MB
#-----------------------------------------------------------
start_gui
WARNING: [Board 49-26] cannot add Board Part xilinx.com:k24c:part0:1.0 available at C:/Xilinx/Vivado/2023.2/data/xhub/boards/XilinxBoardStore/boards/Xilinx/k24c/1.0/board.xml as part xck24-ubva530-2lv-c specified in board_part file is either invalid or not available
WARNING: [Board 49-26] cannot add Board Part xilinx.com:k24i:part0:1.0 available at C:/Xilinx/Vivado/2023.2/data/xhub/boards/XilinxBoardStore/boards/Xilinx/k24i/1.0/board.xml as part xck24-ubva530-2lvi-i specified in board_part file is either invalid or not available
WARNING: [Board 49-26] cannot add Board Part xilinx.com:k26c:part0:1.2 available at C:/Xilinx/Vivado/2023.2/data/xhub/boards/XilinxBoardStore/boards/Xilinx/k26c/1.2/board.xml as part xck26-sfvc784-2lv-c specified in board_part file is either invalid or not available
WARNING: [Board 49-26] cannot add Board Part xilinx.com:k26c:part0:1.3 available at C:/Xilinx/Vivado/2023.2/data/xhub/boards/XilinxBoardStore/boards/Xilinx/k26c/1.3/board.xml as part xck26-sfvc784-2lv-c specified in board_part file is either invalid or not available
WARNING: [Board 49-26] cannot add Board Part xilinx.com:k26c:part0:1.4 available at C:/Xilinx/Vivado/2023.2/data/xhub/boards/XilinxBoardStore/boards/Xilinx/k26c/1.4/board.xml as part xck26-sfvc784-2lv-c specified in board_part file is either invalid or not available
WARNING: [Board 49-26] cannot add Board Part xilinx.com:k26i:part0:1.2 available at C:/Xilinx/Vivado/2023.2/data/xhub/boards/XilinxBoardStore/boards/Xilinx/k26i/1.2/board.xml as part xck26-sfvc784-2lvi-i specified in board_part file is either invalid or not available
WARNING: [Board 49-26] cannot add Board Part xilinx.com:k26i:part0:1.3 available at C:/Xilinx/Vivado/2023.2/data/xhub/boards/XilinxBoardStore/boards/Xilinx/k26i/1.3/board.xml as part xck26-sfvc784-2lvi-i specified in board_part file is either invalid or not available
WARNING: [Board 49-26] cannot add Board Part xilinx.com:k26i:part0:1.4 available at C:/Xilinx/Vivado/2023.2/data/xhub/boards/XilinxBoardStore/boards/Xilinx/k26i/1.4/board.xml as part xck26-sfvc784-2lvi-i specified in board_part file is either invalid or not available
WARNING: [Board 49-26] cannot add Board Part xilinx.com:kc705:part0:1.6 available at C:/Xilinx/Vivado/2023.2/data/xhub/boards/XilinxBoardStore/boards/Xilinx/kc705/1.6/board.xml as part xc7k325tffg900-2 specified in board_part file is either invalid or not available
WARNING: [Board 49-26] cannot add Board Part xilinx.com:kcu105:part0:1.6 available at C:/Xilinx/Vivado/2023.2/data/xhub/boards/XilinxBoardStore/boards/Xilinx/kcu105/1.6/board.xml as part xcku040-ffva1156-2-e specified in board_part file is either invalid or not available
WARNING: [Board 49-26] cannot add Board Part xilinx.com:kcu105:part0:1.7 available at C:/Xilinx/Vivado/2023.2/data/xhub/boards/XilinxBoardStore/boards/Xilinx/kcu105/1.7/board.xml as part xcku040-ffva1156-2-e specified in board_part file is either invalid or not available
WARNING: [Board 49-26] cannot add Board Part xilinx.com:kcu116:part0:1.4 available at C:/Xilinx/Vivado/2023.2/data/xhub/boards/XilinxBoardStore/boards/Xilinx/kcu116/1.4/board.xml as part xcku5p-ffvb676-2-e specified in board_part file is either invalid or not available
WARNING: [Board 49-26] cannot add Board Part xilinx.com:kcu116:part0:1.5 available at C:/Xilinx/Vivado/2023.2/data/xhub/boards/XilinxBoardStore/boards/Xilinx/kcu116/1.5/board.xml as part xcku5p-ffvb676-2-e specified in board_part file is either invalid or not available
WARNING: [Board 49-26] cannot add Board Part xilinx.com:kcu1500:part0:1.2 available at C:/Xilinx/Vivado/2023.2/data/xhub/boards/XilinxBoardStore/boards/Xilinx/kcu1500/1.2/board.xml as part xcku115-flvb2104-2-e specified in board_part file is either invalid or not available
WARNING: [Board 49-26] cannot add Board Part xilinx.com:kd240_som:part0:1.0 available at C:/Xilinx/Vivado/2023.2/data/xhub/boards/XilinxBoardStore/boards/Xilinx/kd240_som/1.0/board.xml as part xck24-ubva530-2lv-c specified in board_part file is either invalid or not available
WARNING: [Board 49-26] cannot add Board Part xilinx.com:kr260_som:part0:1.0 available at C:/Xilinx/Vivado/2023.2/data/xhub/boards/XilinxBoardStore/boards/Xilinx/kr260_som/1.0/board.xml as part xck26-sfvc784-2lv-c specified in board_part file is either invalid or not available
WARNING: [Board 49-26] cannot add Board Part xilinx.com:kr260_som:part0:1.1 available at C:/Xilinx/Vivado/2023.2/data/xhub/boards/XilinxBoardStore/boards/Xilinx/kr260_som/1.1/board.xml as part xck26-sfvc784-2lv-c specified in board_part file is either invalid or not available
WARNING: [Board 49-26] cannot add Board Part xilinx.com:kv260_som:part0:1.2 available at C:/Xilinx/Vivado/2023.2/data/xhub/boards/XilinxBoardStore/boards/Xilinx/kv260_som/1.2/board.xml as part xck26-sfvc784-2lv-c specified in board_part file is either invalid or not available
WARNING: [Board 49-26] cannot add Board Part xilinx.com:kv260_som:part0:1.3 available at C:/Xilinx/Vivado/2023.2/data/xhub/boards/XilinxBoardStore/boards/Xilinx/kv260_som/1.3/board.xml as part xck26-sfvc784-2lv-c specified in board_part file is either invalid or not available
WARNING: [Board 49-26] cannot add Board Part xilinx.com:kv260_som:part0:1.4 available at C:/Xilinx/Vivado/2023.2/data/xhub/boards/XilinxBoardStore/boards/Xilinx/kv260_som/1.4/board.xml as part xck26-sfvc784-2lv-c specified in board_part file is either invalid or not available
WARNING: [Board 49-26] cannot add Board Part xilinx.com:sp701:part0:1.0 available at C:/Xilinx/Vivado/2023.2/data/xhub/boards/XilinxBoardStore/boards/Xilinx/sp701/1.0/board.xml as part xc7s100fgga676-2 specified in board_part file is either invalid or not available
WARNING: [Board 49-26] cannot add Board Part xilinx.com:sp701:part0:1.1 available at C:/Xilinx/Vivado/2023.2/data/xhub/boards/XilinxBoardStore/boards/Xilinx/sp701/1.1/board.xml as part xc7s100fgga676-2 specified in board_part file is either invalid or not available
WARNING: [Board 49-26] cannot add Board Part xilinx.com:vc707:part0:1.4 available at C:/Xilinx/Vivado/2023.2/data/xhub/boards/XilinxBoardStore/boards/Xilinx/vc707/1.4/board.xml as part xc7vx485tffg1761-2 specified in board_part file is either invalid or not available
WARNING: [Board 49-26] cannot add Board Part xilinx.com:vc709:part0:1.8 available at C:/Xilinx/Vivado/2023.2/data/xhub/boards/XilinxBoardStore/boards/Xilinx/vc709/1.8/board.xml as part xc7vx690tffg1761-2 specified in board_part file is either invalid or not available
WARNING: [Board 49-26] cannot add Board Part xilinx.com:vck190:part0:2.2 available at C:/Xilinx/Vivado/2023.2/data/xhub/boards/XilinxBoardStore/boards/Xilinx/vck190/production/2.2/board.xml as part xcvc1902-vsva2197-2mp-e-s specified in board_part file is either invalid or not available
WARNING: [Board 49-26] cannot add Board Part xilinx.com:vck190:part0:3.0 available at C:/Xilinx/Vivado/2023.2/data/xhub/boards/XilinxBoardStore/boards/Xilinx/vck190/production/3.0/board.xml as part xcvc1902-vsva2197-2mp-e-s specified in board_part file is either invalid or not available
WARNING: [Board 49-26] cannot add Board Part xilinx.com:vck190:part0:3.1 available at C:/Xilinx/Vivado/2023.2/data/xhub/boards/XilinxBoardStore/boards/Xilinx/vck190/production/3.1/board.xml as part xcvc1902-vsva2197-2mp-e-s specified in board_part file is either invalid or not available
WARNING: [Board 49-26] cannot add Board Part xilinx.com:vck190:part0:3.2 available at C:/Xilinx/Vivado/2023.2/data/xhub/boards/XilinxBoardStore/boards/Xilinx/vck190/production/3.2/board.xml as part xcvc1902-vsva2197-2mp-e-s specified in board_part file is either invalid or not available
WARNING: [Board 49-26] cannot add Board Part xilinx.com:vck190_newl:part0:1.0 available at C:/Xilinx/Vivado/2023.2/data/xhub/boards/XilinxBoardStore/boards/Xilinx/vck190_newl/production/1.0/board.xml as part xcvc1902-vsva2197-2mp-e-s specified in board_part file is either invalid or not available
WARNING: [Board 49-26] cannot add Board Part xilinx.com:vck190_newl:part0:1.1 available at C:/Xilinx/Vivado/2023.2/data/xhub/boards/XilinxBoardStore/boards/Xilinx/vck190_newl/production/1.1/board.xml as part xcvc1902-vsva2197-2mp-e-s specified in board_part file is either invalid or not available
WARNING: [Board 49-26] cannot add Board Part xilinx.com:vcu108:part0:1.6 available at C:/Xilinx/Vivado/2023.2/data/xhub/boards/XilinxBoardStore/boards/Xilinx/vcu108/1.6/board.xml as part xcvu095-ffva2104-2-e specified in board_part file is either invalid or not available
WARNING: [Board 49-26] cannot add Board Part xilinx.com:vcu108:part0:1.7 available at C:/Xilinx/Vivado/2023.2/data/xhub/boards/XilinxBoardStore/boards/Xilinx/vcu108/1.7/board.xml as part xcvu095-ffva2104-2-e specified in board_part file is either invalid or not available
WARNING: [Board 49-26] cannot add Board Part xilinx.com:vcu110:part0:1.4 available at C:/Xilinx/Vivado/2023.2/data/xhub/boards/XilinxBoardStore/boards/Xilinx/vcu110/1.4/board.xml as part xcvu190-flgc2104-2-e specified in board_part file is either invalid or not available
WARNING: [Board 49-26] cannot add Board Part xilinx.com:vcu118:part0:2.0 available at C:/Xilinx/Vivado/2023.2/data/xhub/boards/XilinxBoardStore/boards/Xilinx/vcu118/2.0/board.xml as part xcvu9p-flga2104-2l-e specified in board_part file is either invalid or not available
WARNING: [Board 49-26] cannot add Board Part xilinx.com:vcu118:part0:2.3 available at C:/Xilinx/Vivado/2023.2/data/xhub/boards/XilinxBoardStore/boards/Xilinx/vcu118/2.3/board.xml as part xcvu9p-flga2104-2l-e specified in board_part file is either invalid or not available
WARNING: [Board 49-26] cannot add Board Part xilinx.com:vcu118:part0:2.4 available at C:/Xilinx/Vivado/2023.2/data/xhub/boards/XilinxBoardStore/boards/Xilinx/vcu118/2.4/board.xml as part xcvu9p-flga2104-2l-e specified in board_part file is either invalid or not available
WARNING: [Board 49-26] cannot add Board Part xilinx.com:vcu128:part0:1.0 available at C:/Xilinx/Vivado/2023.2/data/xhub/boards/XilinxBoardStore/boards/Xilinx/vcu128/production/1.0/board.xml as part xcvu37p-fsvh2892-2l-e specified in board_part file is either invalid or not available
WARNING: [Board 49-26] cannot add Board Part xilinx.com:vcu129:part0:1.0 available at C:/Xilinx/Vivado/2023.2/data/xhub/boards/XilinxBoardStore/boards/Xilinx/vcu129/production/1.0/board.xml as part xcvu29p-fsga2577-2l-e specified in board_part file is either invalid or not available
WARNING: [Board 49-26] cannot add Board Part xilinx.com:vcu1525:part0:1.3 available at C:/Xilinx/Vivado/2023.2/data/xhub/boards/XilinxBoardStore/boards/Xilinx/vcu1525/1.3/board.xml as part xcvu9p-fsgd2104-2l-e specified in board_part file is either invalid or not available
WARNING: [Board 49-26] cannot add Board Part xilinx.com:vek280:part0:1.0 available at C:/Xilinx/Vivado/2023.2/data/xhub/boards/XilinxBoardStore/boards/Xilinx/vek280/production/1.0/board.xml as part xcve2802-vsvh1760-2mp-e-s specified in board_part file is either invalid or not available
WARNING: [Board 49-26] cannot add Board Part xilinx.com:vek280_es:part0:1.0 available at C:/Xilinx/Vivado/2023.2/data/xhub/boards/XilinxBoardStore/boards/Xilinx/vek280/es/rev_a/1.0/board.xml as part xcve2802-vsvh1760-2lp-e-s-es1 specified in board_part file is either invalid or not available
WARNING: [Board 49-26] cannot add Board Part xilinx.com:vek280_es:part0:1.1 available at C:/Xilinx/Vivado/2023.2/data/xhub/boards/XilinxBoardStore/boards/Xilinx/vek280/es/rev_a/1.1/board.xml as part xcve2802-vsvh1760-2lp-e-s-es1 specified in board_part file is either invalid or not available
WARNING: [Board 49-26] cannot add Board Part xilinx.com:vek280_es_revb:part0:1.0 available at C:/Xilinx/Vivado/2023.2/data/xhub/boards/XilinxBoardStore/boards/Xilinx/vek280/es/rev_b/1.0/board.xml as part xcve2802-vsvh1760-2mp-e-s-es1 specified in board_part file is either invalid or not available
WARNING: [Board 49-26] cannot add Board Part xilinx.com:vek280_es_revb:part0:1.1 available at C:/Xilinx/Vivado/2023.2/data/xhub/boards/XilinxBoardStore/boards/Xilinx/vek280/es/rev_b/1.1/board.xml as part xcve2802-vsvh1760-2mp-e-s-es1 specified in board_part file is either invalid or not available
WARNING: [Board 49-26] cannot add Board Part xilinx.com:vermeo_t1_mpsoc:part0:1.0 available at C:/Xilinx/Vivado/2023.2/data/xhub/boards/XilinxBoardStore/boards/Xilinx/vermeo_t1_mpsoc/1.0/board.xml as part xczu19eg-ffvd1760-2l-e specified in board_part file is either invalid or not available
WARNING: [Board 49-26] cannot add Board Part xilinx.com:vermeo_t1_rfsoc:part0:1.0 available at C:/Xilinx/Vivado/2023.2/data/xhub/boards/XilinxBoardStore/boards/Xilinx/vermeo_t1_rfsoc/1.0/board.xml as part xczu21dr-ffvd1156-2l-e specified in board_part file is either invalid or not available
WARNING: [Board 49-26] cannot add Board Part xilinx.com:vhk158:part0:1.0 available at C:/Xilinx/Vivado/2023.2/data/xhub/boards/XilinxBoardStore/boards/Xilinx/vhk158/production/1.0/board.xml as part xcvh1582-vsva3697-2mp-e-s specified in board_part file is either invalid or not available
WARNING: [Board 49-26] cannot add Board Part xilinx.com:vhk158:part0:1.1 available at C:/Xilinx/Vivado/2023.2/data/xhub/boards/XilinxBoardStore/boards/Xilinx/vhk158/production/1.1/board.xml as part xcvh1582-vsva3697-2mp-e-s specified in board_part file is either invalid or not available
WARNING: [Board 49-26] cannot add Board Part xilinx.com:vhk158_es:part0:1.0 available at C:/Xilinx/Vivado/2023.2/data/xhub/boards/XilinxBoardStore/boards/Xilinx/vhk158/es/1.0/board.xml as part xcvh1582-vsva3697-2mp-e-s-es1 specified in board_part file is either invalid or not available
WARNING: [Board 49-26] cannot add Board Part xilinx.com:vhk158_es:part0:1.1 available at C:/Xilinx/Vivado/2023.2/data/xhub/boards/XilinxBoardStore/boards/Xilinx/vhk158/es/1.1/board.xml as part xcvh1582-vsva3697-2mp-e-s-es1 specified in board_part file is either invalid or not available
WARNING: [Board 49-26] cannot add Board Part xilinx.com:vmk180:part0:2.2 available at C:/Xilinx/Vivado/2023.2/data/xhub/boards/XilinxBoardStore/boards/Xilinx/vmk180/production/2.2/board.xml as part xcvm1802-vsva2197-2mp-e-s specified in board_part file is either invalid or not available
WARNING: [Board 49-26] cannot add Board Part xilinx.com:vmk180:part0:3.0 available at C:/Xilinx/Vivado/2023.2/data/xhub/boards/XilinxBoardStore/boards/Xilinx/vmk180/production/3.0/board.xml as part xcvm1802-vsva2197-2mp-e-s specified in board_part file is either invalid or not available
WARNING: [Board 49-26] cannot add Board Part xilinx.com:vmk180:part0:3.1 available at C:/Xilinx/Vivado/2023.2/data/xhub/boards/XilinxBoardStore/boards/Xilinx/vmk180/production/3.1/board.xml as part xcvm1802-vsva2197-2mp-e-s specified in board_part file is either invalid or not available
WARNING: [Board 49-26] cannot add Board Part xilinx.com:vmk180:part0:3.2 available at C:/Xilinx/Vivado/2023.2/data/xhub/boards/XilinxBoardStore/boards/Xilinx/vmk180/production/3.2/board.xml as part xcvm1802-vsva2197-2mp-e-s specified in board_part file is either invalid or not available
WARNING: [Board 49-26] cannot add Board Part xilinx.com:vmk180_newl:part0:1.0 available at C:/Xilinx/Vivado/2023.2/data/xhub/boards/XilinxBoardStore/boards/Xilinx/vmk180_newl/production/1.0/board.xml as part xcvm1802-vsva2197-2mp-e-s specified in board_part file is either invalid or not available
WARNING: [Board 49-26] cannot add Board Part xilinx.com:vmk180_newl:part0:1.1 available at C:/Xilinx/Vivado/2023.2/data/xhub/boards/XilinxBoardStore/boards/Xilinx/vmk180_newl/production/1.1/board.xml as part xcvm1802-vsva2197-2mp-e-s specified in board_part file is either invalid or not available
WARNING: [Board 49-26] cannot add Board Part xilinx.com:vpk120:part0:1.0 available at C:/Xilinx/Vivado/2023.2/data/xhub/boards/XilinxBoardStore/boards/Xilinx/vpk120/production/1.0/board.xml as part xcvp1202-vsva2785-2mp-e-s specified in board_part file is either invalid or not available
WARNING: [Board 49-26] cannot add Board Part xilinx.com:vpk120:part0:1.1 available at C:/Xilinx/Vivado/2023.2/data/xhub/boards/XilinxBoardStore/boards/Xilinx/vpk120/production/1.1/board.xml as part xcvp1202-vsva2785-2mp-e-s specified in board_part file is either invalid or not available
WARNING: [Board 49-26] cannot add Board Part xilinx.com:vpk120:part0:1.2 available at C:/Xilinx/Vivado/2023.2/data/xhub/boards/XilinxBoardStore/boards/Xilinx/vpk120/production/1.2/board.xml as part xcvp1202-vsva2785-2mp-e-s specified in board_part file is either invalid or not available
WARNING: [Board 49-26] cannot add Board Part xilinx.com:vpk180:part0:1.0 available at C:/Xilinx/Vivado/2023.2/data/xhub/boards/XilinxBoardStore/boards/Xilinx/vpk180/production/1.0/board.xml as part xcvp1802-lsvc4072-2mp-e-s specified in board_part file is either invalid or not available
WARNING: [Board 49-26] cannot add Board Part xilinx.com:vpk180:part0:1.1 available at C:/Xilinx/Vivado/2023.2/data/xhub/boards/XilinxBoardStore/boards/Xilinx/vpk180/production/1.1/board.xml as part xcvp1802-lsvc4072-2mp-e-s specified in board_part file is either invalid or not available
WARNING: [Board 49-26] cannot add Board Part xilinx.com:zc702:part0:1.4 available at C:/Xilinx/Vivado/2023.2/data/xhub/boards/XilinxBoardStore/boards/Xilinx/zc702/1.4/board.xml as part xc7z020clg484-1 specified in board_part file is either invalid or not available
WARNING: [Board 49-26] cannot add Board Part xilinx.com:zc706:part0:1.4 available at C:/Xilinx/Vivado/2023.2/data/xhub/boards/XilinxBoardStore/boards/Xilinx/zc706/1.4/board.xml as part xc7z045ffg900-2 specified in board_part file is either invalid or not available
WARNING: [Board 49-26] cannot add Board Part xilinx.com:zcu102:part0:3.3 available at C:/Xilinx/Vivado/2023.2/data/xhub/boards/XilinxBoardStore/boards/Xilinx/zcu102/3.3/board.xml as part xczu9eg-ffvb1156-2-e specified in board_part file is either invalid or not available
WARNING: [Board 49-26] cannot add Board Part xilinx.com:zcu102:part0:3.4 available at C:/Xilinx/Vivado/2023.2/data/xhub/boards/XilinxBoardStore/boards/Xilinx/zcu102/3.4/board.xml as part xczu9eg-ffvb1156-2-e specified in board_part file is either invalid or not available
WARNING: [Board 49-26] cannot add Board Part xilinx.com:zcu104:part0:1.1 available at C:/Xilinx/Vivado/2023.2/data/xhub/boards/XilinxBoardStore/boards/Xilinx/zcu104/1.1/board.xml as part xczu7ev-ffvc1156-2-e specified in board_part file is either invalid or not available
WARNING: [Board 49-26] cannot add Board Part xilinx.com:zcu106:part0:2.4 available at C:/Xilinx/Vivado/2023.2/data/xhub/boards/XilinxBoardStore/boards/Xilinx/zcu106/2.4/board.xml as part xczu7ev-ffvc1156-2-e specified in board_part file is either invalid or not available
WARNING: [Board 49-26] cannot add Board Part xilinx.com:zcu106:part0:2.5 available at C:/Xilinx/Vivado/2023.2/data/xhub/boards/XilinxBoardStore/boards/Xilinx/zcu106/2.5/board.xml as part xczu7ev-ffvc1156-2-e specified in board_part file is either invalid or not available
WARNING: [Board 49-26] cannot add Board Part xilinx.com:zcu106:part0:2.6 available at C:/Xilinx/Vivado/2023.2/data/xhub/boards/XilinxBoardStore/boards/Xilinx/zcu106/2.6/board.xml as part xczu7ev-ffvc1156-2-e specified in board_part file is either invalid or not available
WARNING: [Board 49-26] cannot add Board Part xilinx.com:zcu111:part0:1.2 available at C:/Xilinx/Vivado/2023.2/data/xhub/boards/XilinxBoardStore/boards/Xilinx/zcu111/1.2/board.xml as part xczu28dr-ffvg1517-2-e specified in board_part file is either invalid or not available
WARNING: [Board 49-26] cannot add Board Part xilinx.com:zcu111:part0:1.3 available at C:/Xilinx/Vivado/2023.2/data/xhub/boards/XilinxBoardStore/boards/Xilinx/zcu111/1.3/board.xml as part xczu28dr-ffvg1517-2-e specified in board_part file is either invalid or not available
WARNING: [Board 49-26] cannot add Board Part xilinx.com:zcu111:part0:1.4 available at C:/Xilinx/Vivado/2023.2/data/xhub/boards/XilinxBoardStore/boards/Xilinx/zcu111/1.4/board.xml as part xczu28dr-ffvg1517-2-e specified in board_part file is either invalid or not available
WARNING: [Board 49-26] cannot add Board Part xilinx.com:zcu1275:part0:1.0 available at C:/Xilinx/Vivado/2023.2/data/xhub/boards/XilinxBoardStore/boards/Xilinx/zcu1275/1.0/board.xml as part xczu29dr-ffvf1760-2-e specified in board_part file is either invalid or not available
WARNING: [Board 49-26] cannot add Board Part xilinx.com:zcu1285:part0:1.0 available at C:/Xilinx/Vivado/2023.2/data/xhub/boards/XilinxBoardStore/boards/Xilinx/zcu1285/1.0/board.xml as part xczu39dr-ffvf1760-2-i specified in board_part file is either invalid or not available
WARNING: [Board 49-26] cannot add Board Part xilinx.com:zcu208:part0:2.0 available at C:/Xilinx/Vivado/2023.2/data/xhub/boards/XilinxBoardStore/boards/Xilinx/zcu208/production/2.0/board.xml as part xczu48dr-fsvg1517-2-e specified in board_part file is either invalid or not available
WARNING: [Board 49-26] cannot add Board Part xilinx.com:zcu208ld:part0:2.0 available at C:/Xilinx/Vivado/2023.2/data/xhub/boards/XilinxBoardStore/boards/Xilinx/zcu208ld/production/2.0/board.xml as part xczu58dr-fsvg1517-2-i specified in board_part file is either invalid or not available
WARNING: [Board 49-26] cannot add Board Part xilinx.com:zcu216:part0:2.0 available at C:/Xilinx/Vivado/2023.2/data/xhub/boards/XilinxBoardStore/boards/Xilinx/zcu216/production/2.0/board.xml as part xczu49dr-ffvf1760-2-e specified in board_part file is either invalid or not available
WARNING: [Board 49-26] cannot add Board Part xilinx.com:zcu216ld:part0:2.0 available at C:/Xilinx/Vivado/2023.2/data/xhub/boards/XilinxBoardStore/boards/Xilinx/zcu216ld/production/2.0/board.xml as part xczu59dr-ffvf1760-2-i specified in board_part file is either invalid or not available
WARNING: [Board 49-26] cannot add Board Part xilinx.com:zcu670:part0:2.0 available at C:/Xilinx/Vivado/2023.2/data/xhub/boards/XilinxBoardStore/boards/Xilinx/zcu670/2.0/board.xml as part xczu67dr-fsve1156-2-i specified in board_part file is either invalid or not available
WARNING: [Board 49-26] cannot add Board Part xilinx.com:zcu670ld:part0:1.0 available at C:/Xilinx/Vivado/2023.2/data/xhub/boards/XilinxBoardStore/boards/Xilinx/zcu670ld/1.0/board.xml as part xczu57dr-fsve1156-2-i specified in board_part file is either invalid or not available
open_project {C:/Users/guivi/OneDrive - Universidade de Lisboa/Documentos/Faculdade/GitHub/PSD/Project_3/P3_baseline/nn_rd_mems.xpr/nn_rd_mems/nn_rd_mems.xpr}
INFO: [ProjectBase 1-489] The host OS only allows 260 characters in a normal path. The project is stored in a path with more than 80 characters. If you experience issues with IP, Block Designs, or files not being found, please consider moving the project to a location with a shorter path. Alternately consider using the OS subst command to map part of the path to a drive letter.
Current project path is 'C:/Users/guivi/OneDrive - Universidade de Lisboa/Documentos/Faculdade/GitHub/PSD/Project_3/P3_baseline/nn_rd_mems.xpr/nn_rd_mems'
INFO: [Project 1-313] Project file moved from 'C:/Users/Horacio/AppData/Roaming/Xilinx/Vivado/.Xil/Vivado-4604-DESKTOP-MA7RD37/PrjAr/_X_' since last save.
Scanning sources...
Finished scanning sources
INFO: [Project 1-1877] Auto incremental dir location 'C:/Users/PrSD/nn_rd_mems/nn_rd_mems.srcs/utils_1/imports/synth_1' of run 'synth_1' is not writable, setting it to default location 'C:/Users/guivi/OneDrive - Universidade de Lisboa/Documentos/Faculdade/GitHub/PSD/Project_3/P3_baseline/nn_rd_mems.xpr/nn_rd_mems/nn_rd_mems.srcs/utils_1/imports/synth_1'.
INFO: [Project 1-1877] Auto incremental dir location 'C:/Users/PrSD/nn_rd_mems/nn_rd_mems.srcs/utils_1/imports/images_mem_synth_1' of run 'images_mem_synth_1' is not writable, setting it to default location 'C:/Users/guivi/OneDrive - Universidade de Lisboa/Documentos/Faculdade/GitHub/PSD/Project_3/P3_baseline/nn_rd_mems.xpr/nn_rd_mems/nn_rd_mems.srcs/utils_1/imports/images_mem_synth_1'.
INFO: [Project 1-1877] Auto incremental dir location 'C:/Users/PrSD/nn_rd_mems/nn_rd_mems.srcs/utils_1/imports/images_mem_synth_1' of run 'images_mem_synth_1' is not writable, setting it to default location 'C:/Users/guivi/OneDrive - Universidade de Lisboa/Documentos/Faculdade/GitHub/PSD/Project_3/P3_baseline/nn_rd_mems.xpr/nn_rd_mems/nn_rd_mems.srcs/utils_1/imports/images_mem_synth_1'.
INFO: [Project 1-1877] Auto incremental dir location 'C:/Users/PrSD/nn_rd_mems/nn_rd_mems.srcs/utils_1/imports/weights1_synth_1' of run 'weights1_synth_1' is not writable, setting it to default location 'C:/Users/guivi/OneDrive - Universidade de Lisboa/Documentos/Faculdade/GitHub/PSD/Project_3/P3_baseline/nn_rd_mems.xpr/nn_rd_mems/nn_rd_mems.srcs/utils_1/imports/weights1_synth_1'.
INFO: [Project 1-1877] Auto incremental dir location 'C:/Users/PrSD/nn_rd_mems/nn_rd_mems.srcs/utils_1/imports/weights1_synth_1' of run 'weights1_synth_1' is not writable, setting it to default location 'C:/Users/guivi/OneDrive - Universidade de Lisboa/Documentos/Faculdade/GitHub/PSD/Project_3/P3_baseline/nn_rd_mems.xpr/nn_rd_mems/nn_rd_mems.srcs/utils_1/imports/weights1_synth_1'.
INFO: [Project 1-1877] Auto incremental dir location 'C:/Users/PrSD/nn_rd_mems/nn_rd_mems.srcs/utils_1/imports/weights2_synth_1' of run 'weights2_synth_1' is not writable, setting it to default location 'C:/Users/guivi/OneDrive - Universidade de Lisboa/Documentos/Faculdade/GitHub/PSD/Project_3/P3_baseline/nn_rd_mems.xpr/nn_rd_mems/nn_rd_mems.srcs/utils_1/imports/weights2_synth_1'.
INFO: [Project 1-1877] Auto incremental dir location 'C:/Users/PrSD/nn_rd_mems/nn_rd_mems.srcs/utils_1/imports/weights2_synth_1' of run 'weights2_synth_1' is not writable, setting it to default location 'C:/Users/guivi/OneDrive - Universidade de Lisboa/Documentos/Faculdade/GitHub/PSD/Project_3/P3_baseline/nn_rd_mems.xpr/nn_rd_mems/nn_rd_mems.srcs/utils_1/imports/weights2_synth_1'.
INFO: [Project 1-1877] Auto incremental dir location 'C:/Users/PrSD/nn_rd_mems/nn_rd_mems.srcs/utils_1/imports/Q08toBCD_synth_1' of run 'Q08toBCD_synth_1' is not writable, setting it to default location 'C:/Users/guivi/OneDrive - Universidade de Lisboa/Documentos/Faculdade/GitHub/PSD/Project_3/P3_baseline/nn_rd_mems.xpr/nn_rd_mems/nn_rd_mems.srcs/utils_1/imports/Q08toBCD_synth_1'.
INFO: [Project 1-1877] Auto incremental dir location 'C:/Users/PrSD/nn_rd_mems/nn_rd_mems.srcs/utils_1/imports/Q08toBCD_synth_1' of run 'Q08toBCD_synth_1' is not writable, setting it to default location 'C:/Users/guivi/OneDrive - Universidade de Lisboa/Documentos/Faculdade/GitHub/PSD/Project_3/P3_baseline/nn_rd_mems.xpr/nn_rd_mems/nn_rd_mems.srcs/utils_1/imports/Q08toBCD_synth_1'.
INFO: [Project 1-1877] Auto incremental dir location 'C:/Users/PrSD/nn_rd_mems/nn_rd_mems.srcs/utils_1/imports/impl_1' of run 'impl_1' is not writable, setting it to default location 'C:/Users/guivi/OneDrive - Universidade de Lisboa/Documentos/Faculdade/GitHub/PSD/Project_3/P3_baseline/nn_rd_mems.xpr/nn_rd_mems/nn_rd_mems.srcs/utils_1/imports/impl_1'.
INFO: [Project 1-1877] Auto incremental dir location 'C:/Users/PrSD/nn_rd_mems/nn_rd_mems.srcs/utils_1/imports/impl_1' of run 'impl_1' is not writable, setting it to default location 'C:/Users/guivi/OneDrive - Universidade de Lisboa/Documentos/Faculdade/GitHub/PSD/Project_3/P3_baseline/nn_rd_mems.xpr/nn_rd_mems/nn_rd_mems.srcs/utils_1/imports/impl_1'.
INFO: [Project 1-1877] Auto incremental dir location 'C:/Users/PrSD/nn_rd_mems/nn_rd_mems.srcs/utils_1/imports/images_mem_impl_1' of run 'images_mem_impl_1' is not writable, setting it to default location 'C:/Users/guivi/OneDrive - Universidade de Lisboa/Documentos/Faculdade/GitHub/PSD/Project_3/P3_baseline/nn_rd_mems.xpr/nn_rd_mems/nn_rd_mems.srcs/utils_1/imports/images_mem_impl_1'.
INFO: [Project 1-1877] Auto incremental dir location 'C:/Users/PrSD/nn_rd_mems/nn_rd_mems.srcs/utils_1/imports/images_mem_impl_1' of run 'images_mem_impl_1' is not writable, setting it to default location 'C:/Users/guivi/OneDrive - Universidade de Lisboa/Documentos/Faculdade/GitHub/PSD/Project_3/P3_baseline/nn_rd_mems.xpr/nn_rd_mems/nn_rd_mems.srcs/utils_1/imports/images_mem_impl_1'.
INFO: [Project 1-1877] Auto incremental dir location 'C:/Users/PrSD/nn_rd_mems/nn_rd_mems.srcs/utils_1/imports/weights1_impl_1' of run 'weights1_impl_1' is not writable, setting it to default location 'C:/Users/guivi/OneDrive - Universidade de Lisboa/Documentos/Faculdade/GitHub/PSD/Project_3/P3_baseline/nn_rd_mems.xpr/nn_rd_mems/nn_rd_mems.srcs/utils_1/imports/weights1_impl_1'.
INFO: [Project 1-1877] Auto incremental dir location 'C:/Users/PrSD/nn_rd_mems/nn_rd_mems.srcs/utils_1/imports/weights1_impl_1' of run 'weights1_impl_1' is not writable, setting it to default location 'C:/Users/guivi/OneDrive - Universidade de Lisboa/Documentos/Faculdade/GitHub/PSD/Project_3/P3_baseline/nn_rd_mems.xpr/nn_rd_mems/nn_rd_mems.srcs/utils_1/imports/weights1_impl_1'.
INFO: [Project 1-1877] Auto incremental dir location 'C:/Users/PrSD/nn_rd_mems/nn_rd_mems.srcs/utils_1/imports/weights2_impl_1' of run 'weights2_impl_1' is not writable, setting it to default location 'C:/Users/guivi/OneDrive - Universidade de Lisboa/Documentos/Faculdade/GitHub/PSD/Project_3/P3_baseline/nn_rd_mems.xpr/nn_rd_mems/nn_rd_mems.srcs/utils_1/imports/weights2_impl_1'.
INFO: [Project 1-1877] Auto incremental dir location 'C:/Users/PrSD/nn_rd_mems/nn_rd_mems.srcs/utils_1/imports/weights2_impl_1' of run 'weights2_impl_1' is not writable, setting it to default location 'C:/Users/guivi/OneDrive - Universidade de Lisboa/Documentos/Faculdade/GitHub/PSD/Project_3/P3_baseline/nn_rd_mems.xpr/nn_rd_mems/nn_rd_mems.srcs/utils_1/imports/weights2_impl_1'.
INFO: [Project 1-1877] Auto incremental dir location 'C:/Users/PrSD/nn_rd_mems/nn_rd_mems.srcs/utils_1/imports/Q08toBCD_impl_1' of run 'Q08toBCD_impl_1' is not writable, setting it to default location 'C:/Users/guivi/OneDrive - Universidade de Lisboa/Documentos/Faculdade/GitHub/PSD/Project_3/P3_baseline/nn_rd_mems.xpr/nn_rd_mems/nn_rd_mems.srcs/utils_1/imports/Q08toBCD_impl_1'.
INFO: [Project 1-1877] Auto incremental dir location 'C:/Users/PrSD/nn_rd_mems/nn_rd_mems.srcs/utils_1/imports/Q08toBCD_impl_1' of run 'Q08toBCD_impl_1' is not writable, setting it to default location 'C:/Users/guivi/OneDrive - Universidade de Lisboa/Documentos/Faculdade/GitHub/PSD/Project_3/P3_baseline/nn_rd_mems.xpr/nn_rd_mems/nn_rd_mems.srcs/utils_1/imports/Q08toBCD_impl_1'.
INFO: [IP_Flow 19-234] Refreshing IP repositories
INFO: [IP_Flow 19-1704] No user IP repositories specified
INFO: [IP_Flow 19-2313] Loaded Vivado IP repository 'C:/Xilinx/Vivado/2023.2/data/ip'.
WARNING: [IP_Flow 19-2162] IP 'images_mem' is locked:
* IP definition 'Block Memory Generator (8.4)' for IP 'images_mem' (customized with software release 2023.1) has a different revision in the IP Catalog.
WARNING: [IP_Flow 19-2162] IP 'weights1' is locked:
* IP definition 'Block Memory Generator (8.4)' for IP 'weights1' (customized with software release 2023.1) has a different revision in the IP Catalog.
WARNING: [IP_Flow 19-2162] IP 'weights2' is locked:
* IP definition 'Block Memory Generator (8.4)' for IP 'weights2' (customized with software release 2023.1) has a different revision in the IP Catalog.
WARNING: [IP_Flow 19-2162] IP 'Q08toBCD' is locked:
* IP definition 'Distributed Memory Generator (8.0)' for IP 'Q08toBCD' (customized with software release 2023.1) has a different revision in the IP Catalog.
INFO: [Project 1-230] Project 'nn_rd_mems.xpr' upgraded for this version of Vivado.
open_project: Time (s): cpu = 00:00:04 ; elapsed = 00:00:06 . Memory (MB): peak = 1267.137 ; gain = 75.004
update_compile_order -fileset sources_1
report_ip_status -name ip_status 
import_files -norecurse {{C:/Users/guivi/OneDrive - Universidade de Lisboa/Documentos/Faculdade/GitHub/PSD/Project_3/ControlUnit.vhd} {C:/Users/guivi/OneDrive - Universidade de Lisboa/Documentos/Faculdade/GitHub/PSD/Project_3/Datapath.vhd} {C:/Users/guivi/OneDrive - Universidade de Lisboa/Documentos/Faculdade/GitHub/PSD/Project_3/Circuit.vhd}}
update_compile_order -fileset sources_1
set_property SOURCE_SET sources_1 [get_filesets sim_1]
import_files -fileset sim_1 -norecurse {{C:/Users/guivi/OneDrive - Universidade de Lisboa/Documentos/Faculdade/GitHub/PSD/Project_3/Testbench.vhd}}
update_compile_order -fileset sim_1
import_files -force -norecurse {{C:/Users/guivi/OneDrive - Universidade de Lisboa/Documentos/Faculdade/GitHub/PSD/Project_3/ControlUnit.vhd}}
update_compile_order -fileset sources_1
WARNING: [filemgmt 20-1445] Cannot import file 'C:/Users/guivi/OneDrive - Universidade de Lisboa/Documentos/Faculdade/GitHub/PSD/Project_3/P3_baseline/nn_rd_mems.xpr/nn_rd_mems/nn_rd_mems.srcs/sources_1/imports/Project_3/Circuit.vhd' on top of itself. Importing a file from the imported source directory can cause this problem.
WARNING: [filemgmt 20-1445] Cannot import file 'C:/Users/guivi/OneDrive - Universidade de Lisboa/Documentos/Faculdade/GitHub/PSD/Project_3/P3_baseline/nn_rd_mems.xpr/nn_rd_mems/nn_rd_mems.srcs/sources_1/imports/Project_3/Datapath.vhd' on top of itself. Importing a file from the imported source directory can cause this problem.
WARNING: [filemgmt 20-1445] Cannot import file 'C:/Users/guivi/OneDrive - Universidade de Lisboa/Documentos/Faculdade/GitHub/PSD/Project_3/P3_baseline/nn_rd_mems.xpr/nn_rd_mems/nn_rd_mems.srcs/sources_1/imports/Project_3/ControlUnit.vhd' on top of itself. Importing a file from the imported source directory can cause this problem.
add_files -norecurse {{C:/Users/guivi/OneDrive - Universidade de Lisboa/Documentos/Faculdade/GitHub/PSD/Project_3/P3_baseline/nn_rd_mems.xpr/nn_rd_mems/nn_rd_mems.srcs/sources_1/imports/Project_3/ControlUnit.vhd} {C:/Users/guivi/OneDrive - Universidade de Lisboa/Documentos/Faculdade/GitHub/PSD/Project_3/P3_baseline/nn_rd_mems.xpr/nn_rd_mems/nn_rd_mems.srcs/sources_1/imports/Project_3/Datapath.vhd} {C:/Users/guivi/OneDrive - Universidade de Lisboa/Documentos/Faculdade/GitHub/PSD/Project_3/P3_baseline/nn_rd_mems.xpr/nn_rd_mems/nn_rd_mems.srcs/sources_1/imports/Project_3/Circuit.vhd}}
WARNING: [filemgmt 56-12] File 'C:/Users/guivi/OneDrive - Universidade de Lisboa/Documentos/Faculdade/GitHub/PSD/Project_3/P3_baseline/nn_rd_mems.xpr/nn_rd_mems/nn_rd_mems.srcs/sources_1/imports/Project_3/ControlUnit.vhd' cannot be added to the project because it already exists in the project, skipping this file
WARNING: [filemgmt 56-12] File 'C:/Users/guivi/OneDrive - Universidade de Lisboa/Documentos/Faculdade/GitHub/PSD/Project_3/P3_baseline/nn_rd_mems.xpr/nn_rd_mems/nn_rd_mems.srcs/sources_1/imports/Project_3/Datapath.vhd' cannot be added to the project because it already exists in the project, skipping this file
WARNING: [filemgmt 56-12] File 'C:/Users/guivi/OneDrive - Universidade de Lisboa/Documentos/Faculdade/GitHub/PSD/Project_3/P3_baseline/nn_rd_mems.xpr/nn_rd_mems/nn_rd_mems.srcs/sources_1/imports/Project_3/Circuit.vhd' cannot be added to the project because it already exists in the project, skipping this file
WARNING: [filemgmt 56-199] Attempt to get parsing info during refresh. "On-the-fly" syntax checking information may be incorrect. [C:\Users\guivi\OneDrive - Universidade de Lisboa\Documentos\Faculdade\GitHub\PSD\Project_3\P3_baseline\nn_rd_mems.xpr\nn_rd_mems\nn_rd_mems.srcs\sources_1\imports\Project_3\ControlUnit.vhd:]
WARNING: [filemgmt 56-199] Attempt to get parsing info during refresh. "On-the-fly" syntax checking information may be incorrect. [C:\Users\guivi\OneDrive - Universidade de Lisboa\Documentos\Faculdade\GitHub\PSD\Project_3\P3_baseline\nn_rd_mems.xpr\nn_rd_mems\nn_rd_mems.srcs\sources_1\imports\Project_3\Datapath.vhd:]
ERROR: [Common 17-180] Spawn failed: No error
launch_runs synth_1 -jobs 6
WARNING: [Project 1-577] IP run images_mem_synth_1 is available but is out of date. Since the IP is locked, the synthesis checkpoint cannot be updated. The out-of-date checkpoint will be used and it may result in incorrect behavior.
Please select 'Report IP Status' from the 'Tools/Report' menu or run the Tcl command 'report_ip_status' for more information.
WARNING: [Project 1-577] IP run weights1_synth_1 is available but is out of date. Since the IP is locked, the synthesis checkpoint cannot be updated. The out-of-date checkpoint will be used and it may result in incorrect behavior.
Please select 'Report IP Status' from the 'Tools/Report' menu or run the Tcl command 'report_ip_status' for more information.
WARNING: [Project 1-577] IP run weights2_synth_1 is available but is out of date. Since the IP is locked, the synthesis checkpoint cannot be updated. The out-of-date checkpoint will be used and it may result in incorrect behavior.
Please select 'Report IP Status' from the 'Tools/Report' menu or run the Tcl command 'report_ip_status' for more information.
WARNING: [Project 1-577] IP run Q08toBCD_synth_1 is available but is out of date. Since the IP is locked, the synthesis checkpoint cannot be updated. The out-of-date checkpoint will be used and it may result in incorrect behavior.
Please select 'Report IP Status' from the 'Tools/Report' menu or run the Tcl command 'report_ip_status' for more information.
WARNING: [Runs 36-337] The following IPs are either missing output products or output products are not up-to-date for Synthesis target. Since these IPs are locked, no update to the output products can be done. 
Please select 'Report IP Status' from the 'Tools/Report' menu or run Tcl command 'report_ip_status' for more information.
C:/Users/guivi/OneDrive - Universidade de Lisboa/Documentos/Faculdade/GitHub/PSD/Project_3/P3_baseline/nn_rd_mems.xpr/nn_rd_mems/nn_rd_mems.srcs/sources_1/ip/images_mem/images_mem.xci

WARNING: [Runs 36-337] The following IPs are either missing output products or output products are not up-to-date for Synthesis target. Since these IPs are locked, no update to the output products can be done. 
Please select 'Report IP Status' from the 'Tools/Report' menu or run Tcl command 'report_ip_status' for more information.
C:/Users/guivi/OneDrive - Universidade de Lisboa/Documentos/Faculdade/GitHub/PSD/Project_3/P3_baseline/nn_rd_mems.xpr/nn_rd_mems/nn_rd_mems.srcs/sources_1/ip/weights1/weights1.xci

WARNING: [Runs 36-337] The following IPs are either missing output products or output products are not up-to-date for Synthesis target. Since these IPs are locked, no update to the output products can be done. 
Please select 'Report IP Status' from the 'Tools/Report' menu or run Tcl command 'report_ip_status' for more information.
C:/Users/guivi/OneDrive - Universidade de Lisboa/Documentos/Faculdade/GitHub/PSD/Project_3/P3_baseline/nn_rd_mems.xpr/nn_rd_mems/nn_rd_mems.srcs/sources_1/ip/weights2/weights2.xci

WARNING: [Runs 36-337] The following IPs are either missing output products or output products are not up-to-date for Synthesis target. Since these IPs are locked, no update to the output products can be done. 
Please select 'Report IP Status' from the 'Tools/Report' menu or run Tcl command 'report_ip_status' for more information.
C:/Users/guivi/OneDrive - Universidade de Lisboa/Documentos/Faculdade/GitHub/PSD/Project_3/P3_baseline/nn_rd_mems.xpr/nn_rd_mems/nn_rd_mems.srcs/sources_1/ip/Q08toBCD/Q08toBCD.xci

WARNING: [Project 1-576] IP 'C:/Users/guivi/OneDrive - Universidade de Lisboa/Documentos/Faculdade/GitHub/PSD/Project_3/P3_baseline/nn_rd_mems.xpr/nn_rd_mems/nn_rd_mems.srcs/sources_1/ip/images_mem/images_mem.xci' in run images_mem_synth_1 is locked, no out-of-context (OOC) run will be launched. The run may not be able to complete.
Please select 'Report IP Status' from 'Tools/Report' or run the Tcl command 'report_ip_status' for more information.
WARNING: [Project 1-576] IP 'C:/Users/guivi/OneDrive - Universidade de Lisboa/Documentos/Faculdade/GitHub/PSD/Project_3/P3_baseline/nn_rd_mems.xpr/nn_rd_mems/nn_rd_mems.srcs/sources_1/ip/weights1/weights1.xci' in run weights1_synth_1 is locked, no out-of-context (OOC) run will be launched. The run may not be able to complete.
Please select 'Report IP Status' from 'Tools/Report' or run the Tcl command 'report_ip_status' for more information.
WARNING: [Project 1-576] IP 'C:/Users/guivi/OneDrive - Universidade de Lisboa/Documentos/Faculdade/GitHub/PSD/Project_3/P3_baseline/nn_rd_mems.xpr/nn_rd_mems/nn_rd_mems.srcs/sources_1/ip/weights2/weights2.xci' in run weights2_synth_1 is locked, no out-of-context (OOC) run will be launched. The run may not be able to complete.
Please select 'Report IP Status' from 'Tools/Report' or run the Tcl command 'report_ip_status' for more information.
WARNING: [Project 1-576] IP 'C:/Users/guivi/OneDrive - Universidade de Lisboa/Documentos/Faculdade/GitHub/PSD/Project_3/P3_baseline/nn_rd_mems.xpr/nn_rd_mems/nn_rd_mems.srcs/sources_1/ip/Q08toBCD/Q08toBCD.xci' in run Q08toBCD_synth_1 is locked, no out-of-context (OOC) run will be launched. The run may not be able to complete.
Please select 'Report IP Status' from 'Tools/Report' or run the Tcl command 'report_ip_status' for more information.
[Thu Oct 26 10:23:31 2023] Launched images_mem_synth_1, weights1_synth_1, weights2_synth_1, Q08toBCD_synth_1...
Run output will be captured here:
images_mem_synth_1: C:/Users/guivi/OneDrive - Universidade de Lisboa/Documentos/Faculdade/GitHub/PSD/Project_3/P3_baseline/nn_rd_mems.xpr/nn_rd_mems/nn_rd_mems.runs/images_mem_synth_1/runme.log
weights1_synth_1: C:/Users/guivi/OneDrive - Universidade de Lisboa/Documentos/Faculdade/GitHub/PSD/Project_3/P3_baseline/nn_rd_mems.xpr/nn_rd_mems/nn_rd_mems.runs/weights1_synth_1/runme.log
weights2_synth_1: C:/Users/guivi/OneDrive - Universidade de Lisboa/Documentos/Faculdade/GitHub/PSD/Project_3/P3_baseline/nn_rd_mems.xpr/nn_rd_mems/nn_rd_mems.runs/weights2_synth_1/runme.log
Q08toBCD_synth_1: C:/Users/guivi/OneDrive - Universidade de Lisboa/Documentos/Faculdade/GitHub/PSD/Project_3/P3_baseline/nn_rd_mems.xpr/nn_rd_mems/nn_rd_mems.runs/Q08toBCD_synth_1/runme.log
[Thu Oct 26 10:23:31 2023] Launched synth_1...
Run output will be captured here: C:/Users/guivi/OneDrive - Universidade de Lisboa/Documentos/Faculdade/GitHub/PSD/Project_3/P3_baseline/nn_rd_mems.xpr/nn_rd_mems/nn_rd_mems.runs/synth_1/runme.log
get_board_parts
digilentinc.com:basys3:part0:1.2 xilinx.com:ac701:part0:1.4
exit
INFO: [Common 17-206] Exiting Vivado at Thu Oct 26 10:26:31 2023...
