Time resolution is 1 ps
 Block Memory Generator module loading initial data...
 Block Memory Generator data initialization complete.
Block Memory Generator module testbench.uut.inst_datapath.inst_datapath.instance_images.inst.\native_mem_module.blk_mem_gen_v8_4_6_inst  is using a behavioral model for simulation which will not precisely model memory collision behavior.
 Block Memory Generator module loading initial data...
 Block Memory Generator data initialization complete.
Block Memory Generator module testbench.uut.inst_datapath.inst_datapath.instance_weights1.inst.\native_mem_module.blk_mem_gen_v8_4_6_inst  is using a behavioral model for simulation which will not precisely model memory collision behavior.
 Block Memory Generator module loading initial data...
 Block Memory Generator data initialization complete.
Block Memory Generator module testbench.uut.inst_datapath.inst_datapath.instance_weights2.inst.\native_mem_module.blk_mem_gen_v8_4_6_inst  is using a behavioral model for simulation which will not precisely model memory collision behavior.
blk_mem_gen_v8_4_6 WARNING: Address f00 is outside range for A Read
blk_mem_gen_v8_4_6 WARNING: Address f00 is outside range for A Read
blk_mem_gen_v8_4_6 WARNING: Address f01 is outside range for A Read
blk_mem_gen_v8_4_6 WARNING: Address f01 is outside range for A Read
blk_mem_gen_v8_4_6 WARNING: Address f02 is outside range for A Read
blk_mem_gen_v8_4_6 WARNING: Address f02 is outside range for A Read
blk_mem_gen_v8_4_6 WARNING: Address f03 is outside range for A Read
blk_mem_gen_v8_4_6 WARNING: Address f03 is outside range for A Read
blk_mem_gen_v8_4_6 WARNING: Address f04 is outside range for A Read
blk_mem_gen_v8_4_6 WARNING: Address f04 is outside range for A Read
blk_mem_gen_v8_4_6 WARNING: Address f05 is outside range for A Read
blk_mem_gen_v8_4_6 WARNING: Address f05 is outside range for A Read
blk_mem_gen_v8_4_6 WARNING: Address f06 is outside range for A Read
blk_mem_gen_v8_4_6 WARNING: Address f06 is outside range for A Read
blk_mem_gen_v8_4_6 WARNING: Address f07 is outside range for A Read
blk_mem_gen_v8_4_6 WARNING: Address f07 is outside range for A Read
blk_mem_gen_v8_4_6 WARNING: Address f08 is outside range for A Read
blk_mem_gen_v8_4_6 WARNING: Address f08 is outside range for A Read
blk_mem_gen_v8_4_6 WARNING: Address f09 is outside range for A Read
blk_mem_gen_v8_4_6 WARNING: Address f09 is outside range for A Read
blk_mem_gen_v8_4_6 WARNING: Address f0a is outside range for A Read
blk_mem_gen_v8_4_6 WARNING: Address f0a is outside range for A Read
blk_mem_gen_v8_4_6 WARNING: Address f0b is outside range for A Read
blk_mem_gen_v8_4_6 WARNING: Address f0b is outside range for A Read
blk_mem_gen_v8_4_6 WARNING: Address f0c is outside range for A Read
blk_mem_gen_v8_4_6 WARNING: Address f0c is outside range for A Read
blk_mem_gen_v8_4_6 WARNING: Address f0d is outside range for A Read
blk_mem_gen_v8_4_6 WARNING: Address f0d is outside range for A Read
blk_mem_gen_v8_4_6 WARNING: Address f0e is outside range for A Read
blk_mem_gen_v8_4_6 WARNING: Address f0e is outside range for A Read
blk_mem_gen_v8_4_6 WARNING: Address f0f is outside range for A Read
blk_mem_gen_v8_4_6 WARNING: Address f0f is outside range for A Read
blk_mem_gen_v8_4_6 WARNING: Address f10 is outside range for A Read
blk_mem_gen_v8_4_6 WARNING: Address f10 is outside range for A Read
blk_mem_gen_v8_4_6 WARNING: Address f11 is outside range for A Read
blk_mem_gen_v8_4_6 WARNING: Address f11 is outside range for A Read
blk_mem_gen_v8_4_6 WARNING: Address f12 is outside range for A Read
blk_mem_gen_v8_4_6 WARNING: Address f12 is outside range for A Read
blk_mem_gen_v8_4_6 WARNING: Address f13 is outside range for A Read
blk_mem_gen_v8_4_6 WARNING: Address f13 is outside range for A Read
blk_mem_gen_v8_4_6 WARNING: Address f14 is outside range for A Read
blk_mem_gen_v8_4_6 WARNING: Address f14 is outside range for A Read
blk_mem_gen_v8_4_6 WARNING: Address f15 is outside range for A Read
blk_mem_gen_v8_4_6 WARNING: Address f15 is outside range for A Read
blk_mem_gen_v8_4_6 WARNING: Address f16 is outside range for A Read
blk_mem_gen_v8_4_6 WARNING: Address f16 is outside range for A Read
blk_mem_gen_v8_4_6 WARNING: Address f17 is outside range for A Read
blk_mem_gen_v8_4_6 WARNING: Address f17 is outside range for A Read
blk_mem_gen_v8_4_6 WARNING: Address f18 is outside range for A Read
blk_mem_gen_v8_4_6 WARNING: Address f18 is outside range for A Read
blk_mem_gen_v8_4_6 WARNING: Address f19 is outside range for A Read
blk_mem_gen_v8_4_6 WARNING: Address f19 is outside range for A Read
blk_mem_gen_v8_4_6 WARNING: Address f1a is outside range for A Read
blk_mem_gen_v8_4_6 WARNING: Address f1a is outside range for A Read
blk_mem_gen_v8_4_6 WARNING: Address f1b is outside range for A Read
blk_mem_gen_v8_4_6 WARNING: Address f1b is outside range for A Read
blk_mem_gen_v8_4_6 WARNING: Address f1c is outside range for A Read
blk_mem_gen_v8_4_6 WARNING: Address f1c is outside range for A Read
blk_mem_gen_v8_4_6 WARNING: Address f1d is outside range for A Read
blk_mem_gen_v8_4_6 WARNING: Address f1d is outside range for A Read
blk_mem_gen_v8_4_6 WARNING: Address f1e is outside range for A Read
blk_mem_gen_v8_4_6 WARNING: Address f1e is outside range for A Read
blk_mem_gen_v8_4_6 WARNING: Address f1f is outside range for A Read
blk_mem_gen_v8_4_6 WARNING: Address f1f is outside range for A Read
blk_mem_gen_v8_4_6 WARNING: Address f20 is outside range for A Read
blk_mem_gen_v8_4_6 WARNING: Address f20 is outside range for A Read
blk_mem_gen_v8_4_6 WARNING: Address f21 is outside range for A Read
blk_mem_gen_v8_4_6 WARNING: Address f21 is outside range for A Read
blk_mem_gen_v8_4_6 WARNING: Address f22 is outside range for A Read
blk_mem_gen_v8_4_6 WARNING: Address f22 is outside range for A Read
blk_mem_gen_v8_4_6 WARNING: Address f23 is outside range for A Read
blk_mem_gen_v8_4_6 WARNING: Address f23 is outside range for A Read
blk_mem_gen_v8_4_6 WARNING: Address f24 is outside range for A Read
blk_mem_gen_v8_4_6 WARNING: Address f24 is outside range for A Read
blk_mem_gen_v8_4_6 WARNING: Address f25 is outside range for A Read
blk_mem_gen_v8_4_6 WARNING: Address f25 is outside range for A Read
blk_mem_gen_v8_4_6 WARNING: Address f26 is outside range for A Read
blk_mem_gen_v8_4_6 WARNING: Address f26 is outside range for A Read
blk_mem_gen_v8_4_6 WARNING: Address f27 is outside range for A Read
blk_mem_gen_v8_4_6 WARNING: Address f27 is outside range for A Read
blk_mem_gen_v8_4_6 WARNING: Address f28 is outside range for A Read
blk_mem_gen_v8_4_6 WARNING: Address f28 is outside range for A Read
blk_mem_gen_v8_4_6 WARNING: Address f29 is outside range for A Read
blk_mem_gen_v8_4_6 WARNING: Address f29 is outside range for A Read
blk_mem_gen_v8_4_6 WARNING: Address f2a is outside range for A Read
blk_mem_gen_v8_4_6 WARNING: Address f2a is outside range for A Read
blk_mem_gen_v8_4_6 WARNING: Address f2b is outside range for A Read
blk_mem_gen_v8_4_6 WARNING: Address f2b is outside range for A Read
blk_mem_gen_v8_4_6 WARNING: Address f2c is outside range for A Read
blk_mem_gen_v8_4_6 WARNING: Address f2c is outside range for A Read
blk_mem_gen_v8_4_6 WARNING: Address f2d is outside range for A Read
blk_mem_gen_v8_4_6 WARNING: Address f2d is outside range for A Read
blk_mem_gen_v8_4_6 WARNING: Address f2e is outside range for A Read
blk_mem_gen_v8_4_6 WARNING: Address f2e is outside range for A Read
blk_mem_gen_v8_4_6 WARNING: Address f2f is outside range for A Read
blk_mem_gen_v8_4_6 WARNING: Address f2f is outside range for A Read
blk_mem_gen_v8_4_6 WARNING: Address f30 is outside range for A Read
blk_mem_gen_v8_4_6 WARNING: Address f30 is outside range for A Read
blk_mem_gen_v8_4_6 WARNING: Address f31 is outside range for A Read
blk_mem_gen_v8_4_6 WARNING: Address f31 is outside range for A Read
blk_mem_gen_v8_4_6 WARNING: Address f32 is outside range for A Read
blk_mem_gen_v8_4_6 WARNING: Address f32 is outside range for A Read
blk_mem_gen_v8_4_6 WARNING: Address f33 is outside range for A Read
blk_mem_gen_v8_4_6 WARNING: Address f33 is outside range for A Read
blk_mem_gen_v8_4_6 WARNING: Address f34 is outside range for A Read
blk_mem_gen_v8_4_6 WARNING: Address f34 is outside range for A Read
blk_mem_gen_v8_4_6 WARNING: Address f35 is outside range for A Read
blk_mem_gen_v8_4_6 WARNING: Address f35 is outside range for A Read
blk_mem_gen_v8_4_6 WARNING: Address f36 is outside range for A Read
blk_mem_gen_v8_4_6 WARNING: Address f36 is outside range for A Read
blk_mem_gen_v8_4_6 WARNING: Address f37 is outside range for A Read
blk_mem_gen_v8_4_6 WARNING: Address f37 is outside range for A Read
blk_mem_gen_v8_4_6 WARNING: Address f38 is outside range for A Read
blk_mem_gen_v8_4_6 WARNING: Address f38 is outside range for A Read
blk_mem_gen_v8_4_6 WARNING: Address f39 is outside range for A Read
blk_mem_gen_v8_4_6 WARNING: Address f39 is outside range for A Read
blk_mem_gen_v8_4_6 WARNING: Address f3a is outside range for A Read
blk_mem_gen_v8_4_6 WARNING: Address f3a is outside range for A Read
blk_mem_gen_v8_4_6 WARNING: Address f3b is outside range for A Read
blk_mem_gen_v8_4_6 WARNING: Address f3b is outside range for A Read
blk_mem_gen_v8_4_6 WARNING: Address f3c is outside range for A Read
blk_mem_gen_v8_4_6 WARNING: Address f3c is outside range for A Read
blk_mem_gen_v8_4_6 WARNING: Address f3d is outside range for A Read
blk_mem_gen_v8_4_6 WARNING: Address f3d is outside range for A Read
blk_mem_gen_v8_4_6 WARNING: Address f3e is outside range for A Read
blk_mem_gen_v8_4_6 WARNING: Address f3e is outside range for A Read
blk_mem_gen_v8_4_6 WARNING: Address f3f is outside range for A Read
blk_mem_gen_v8_4_6 WARNING: Address f3f is outside range for A Read
blk_mem_gen_v8_4_6 WARNING: Address f40 is outside range for A Read
blk_mem_gen_v8_4_6 WARNING: Address f40 is outside range for A Read
blk_mem_gen_v8_4_6 WARNING: Address f41 is outside range for A Read
blk_mem_gen_v8_4_6 WARNING: Address f41 is outside range for A Read
blk_mem_gen_v8_4_6 WARNING: Address f42 is outside range for A Read
blk_mem_gen_v8_4_6 WARNING: Address f42 is outside range for A Read
blk_mem_gen_v8_4_6 WARNING: Address f43 is outside range for A Read
blk_mem_gen_v8_4_6 WARNING: Address f43 is outside range for A Read
blk_mem_gen_v8_4_6 WARNING: Address f44 is outside range for A Read
blk_mem_gen_v8_4_6 WARNING: Address f44 is outside range for A Read
blk_mem_gen_v8_4_6 WARNING: Address f45 is outside range for A Read
blk_mem_gen_v8_4_6 WARNING: Address f45 is outside range for A Read
blk_mem_gen_v8_4_6 WARNING: Address f46 is outside range for A Read
blk_mem_gen_v8_4_6 WARNING: Address f46 is outside range for A Read
blk_mem_gen_v8_4_6 WARNING: Address f47 is outside range for A Read
blk_mem_gen_v8_4_6 WARNING: Address f47 is outside range for A Read
blk_mem_gen_v8_4_6 WARNING: Address f48 is outside range for A Read
blk_mem_gen_v8_4_6 WARNING: Address f48 is outside range for A Read
blk_mem_gen_v8_4_6 WARNING: Address f49 is outside range for A Read
blk_mem_gen_v8_4_6 WARNING: Address f49 is outside range for A Read
blk_mem_gen_v8_4_6 WARNING: Address f4a is outside range for A Read
blk_mem_gen_v8_4_6 WARNING: Address f4a is outside range for A Read
blk_mem_gen_v8_4_6 WARNING: Address f4b is outside range for A Read
blk_mem_gen_v8_4_6 WARNING: Address f4b is outside range for A Read
blk_mem_gen_v8_4_6 WARNING: Address f4c is outside range for A Read
blk_mem_gen_v8_4_6 WARNING: Address f4c is outside range for A Read
blk_mem_gen_v8_4_6 WARNING: Address f4d is outside range for A Read
blk_mem_gen_v8_4_6 WARNING: Address f4d is outside range for A Read
blk_mem_gen_v8_4_6 WARNING: Address f4e is outside range for A Read
blk_mem_gen_v8_4_6 WARNING: Address f4e is outside range for A Read
blk_mem_gen_v8_4_6 WARNING: Address f4f is outside range for A Read
blk_mem_gen_v8_4_6 WARNING: Address f4f is outside range for A Read
blk_mem_gen_v8_4_6 WARNING: Address f50 is outside range for A Read
blk_mem_gen_v8_4_6 WARNING: Address f50 is outside range for A Read
blk_mem_gen_v8_4_6 WARNING: Address f51 is outside range for A Read
blk_mem_gen_v8_4_6 WARNING: Address f51 is outside range for A Read
blk_mem_gen_v8_4_6 WARNING: Address f52 is outside range for A Read
blk_mem_gen_v8_4_6 WARNING: Address f52 is outside range for A Read
blk_mem_gen_v8_4_6 WARNING: Address f53 is outside range for A Read
blk_mem_gen_v8_4_6 WARNING: Address f53 is outside range for A Read
blk_mem_gen_v8_4_6 WARNING: Address f54 is outside range for A Read
blk_mem_gen_v8_4_6 WARNING: Address f54 is outside range for A Read
blk_mem_gen_v8_4_6 WARNING: Address f55 is outside range for A Read
blk_mem_gen_v8_4_6 WARNING: Address f55 is outside range for A Read
blk_mem_gen_v8_4_6 WARNING: Address f56 is outside range for A Read
blk_mem_gen_v8_4_6 WARNING: Address f56 is outside range for A Read
blk_mem_gen_v8_4_6 WARNING: Address f57 is outside range for A Read
blk_mem_gen_v8_4_6 WARNING: Address f57 is outside range for A Read
blk_mem_gen_v8_4_6 WARNING: Address f58 is outside range for A Read
blk_mem_gen_v8_4_6 WARNING: Address f58 is outside range for A Read
blk_mem_gen_v8_4_6 WARNING: Address f59 is outside range for A Read
blk_mem_gen_v8_4_6 WARNING: Address f59 is outside range for A Read
blk_mem_gen_v8_4_6 WARNING: Address f5a is outside range for A Read
blk_mem_gen_v8_4_6 WARNING: Address f5a is outside range for A Read
blk_mem_gen_v8_4_6 WARNING: Address f5b is outside range for A Read
blk_mem_gen_v8_4_6 WARNING: Address f5b is outside range for A Read
blk_mem_gen_v8_4_6 WARNING: Address f5c is outside range for A Read
blk_mem_gen_v8_4_6 WARNING: Address f5c is outside range for A Read
blk_mem_gen_v8_4_6 WARNING: Address f5d is outside range for A Read
blk_mem_gen_v8_4_6 WARNING: Address f5d is outside range for A Read
blk_mem_gen_v8_4_6 WARNING: Address f5e is outside range for A Read
blk_mem_gen_v8_4_6 WARNING: Address f5e is outside range for A Read
blk_mem_gen_v8_4_6 WARNING: Address f5f is outside range for A Read
blk_mem_gen_v8_4_6 WARNING: Address f5f is outside range for A Read
blk_mem_gen_v8_4_6 WARNING: Address f60 is outside range for A Read
blk_mem_gen_v8_4_6 WARNING: Address f60 is outside range for A Read
blk_mem_gen_v8_4_6 WARNING: Address f61 is outside range for A Read
blk_mem_gen_v8_4_6 WARNING: Address f61 is outside range for A Read
blk_mem_gen_v8_4_6 WARNING: Address f62 is outside range for A Read
blk_mem_gen_v8_4_6 WARNING: Address f62 is outside range for A Read
blk_mem_gen_v8_4_6 WARNING: Address f63 is outside range for A Read
blk_mem_gen_v8_4_6 WARNING: Address f63 is outside range for A Read
blk_mem_gen_v8_4_6 WARNING: Address f64 is outside range for A Read
blk_mem_gen_v8_4_6 WARNING: Address f64 is outside range for A Read
blk_mem_gen_v8_4_6 WARNING: Address f65 is outside range for A Read
blk_mem_gen_v8_4_6 WARNING: Address f65 is outside range for A Read
blk_mem_gen_v8_4_6 WARNING: Address f66 is outside range for A Read
blk_mem_gen_v8_4_6 WARNING: Address f66 is outside range for A Read
blk_mem_gen_v8_4_6 WARNING: Address f67 is outside range for A Read
blk_mem_gen_v8_4_6 WARNING: Address f67 is outside range for A Read
blk_mem_gen_v8_4_6 WARNING: Address f68 is outside range for A Read
blk_mem_gen_v8_4_6 WARNING: Address f68 is outside range for A Read
blk_mem_gen_v8_4_6 WARNING: Address f69 is outside range for A Read
blk_mem_gen_v8_4_6 WARNING: Address f69 is outside range for A Read
blk_mem_gen_v8_4_6 WARNING: Address f6a is outside range for A Read
blk_mem_gen_v8_4_6 WARNING: Address f6a is outside range for A Read
blk_mem_gen_v8_4_6 WARNING: Address f6b is outside range for A Read
blk_mem_gen_v8_4_6 WARNING: Address f6b is outside range for A Read
blk_mem_gen_v8_4_6 WARNING: Address f6c is outside range for A Read
blk_mem_gen_v8_4_6 WARNING: Address f6c is outside range for A Read
blk_mem_gen_v8_4_6 WARNING: Address f6d is outside range for A Read
blk_mem_gen_v8_4_6 WARNING: Address f6d is outside range for A Read
blk_mem_gen_v8_4_6 WARNING: Address f6e is outside range for A Read
blk_mem_gen_v8_4_6 WARNING: Address f6e is outside range for A Read
blk_mem_gen_v8_4_6 WARNING: Address f6f is outside range for A Read
blk_mem_gen_v8_4_6 WARNING: Address f6f is outside range for A Read
blk_mem_gen_v8_4_6 WARNING: Address f70 is outside range for A Read
blk_mem_gen_v8_4_6 WARNING: Address f70 is outside range for A Read
blk_mem_gen_v8_4_6 WARNING: Address f71 is outside range for A Read
blk_mem_gen_v8_4_6 WARNING: Address f71 is outside range for A Read
blk_mem_gen_v8_4_6 WARNING: Address f72 is outside range for A Read
blk_mem_gen_v8_4_6 WARNING: Address f72 is outside range for A Read
blk_mem_gen_v8_4_6 WARNING: Address f73 is outside range for A Read
blk_mem_gen_v8_4_6 WARNING: Address f73 is outside range for A Read
blk_mem_gen_v8_4_6 WARNING: Address f74 is outside range for A Read
blk_mem_gen_v8_4_6 WARNING: Address f74 is outside range for A Read
blk_mem_gen_v8_4_6 WARNING: Address f75 is outside range for A Read
blk_mem_gen_v8_4_6 WARNING: Address f75 is outside range for A Read
blk_mem_gen_v8_4_6 WARNING: Address f76 is outside range for A Read
blk_mem_gen_v8_4_6 WARNING: Address f76 is outside range for A Read
blk_mem_gen_v8_4_6 WARNING: Address f77 is outside range for A Read
blk_mem_gen_v8_4_6 WARNING: Address f77 is outside range for A Read
blk_mem_gen_v8_4_6 WARNING: Address f78 is outside range for A Read
blk_mem_gen_v8_4_6 WARNING: Address f78 is outside range for A Read
blk_mem_gen_v8_4_6 WARNING: Address f79 is outside range for A Read
blk_mem_gen_v8_4_6 WARNING: Address f79 is outside range for A Read
blk_mem_gen_v8_4_6 WARNING: Address f7a is outside range for A Read
blk_mem_gen_v8_4_6 WARNING: Address f7a is outside range for A Read
blk_mem_gen_v8_4_6 WARNING: Address f7b is outside range for A Read
blk_mem_gen_v8_4_6 WARNING: Address f7b is outside range for A Read
blk_mem_gen_v8_4_6 WARNING: Address f7c is outside range for A Read
blk_mem_gen_v8_4_6 WARNING: Address f7c is outside range for A Read
blk_mem_gen_v8_4_6 WARNING: Address f7d is outside range for A Read
blk_mem_gen_v8_4_6 WARNING: Address f7d is outside range for A Read
blk_mem_gen_v8_4_6 WARNING: Address f7e is outside range for A Read
blk_mem_gen_v8_4_6 WARNING: Address f7e is outside range for A Read
blk_mem_gen_v8_4_6 WARNING: Address f7f is outside range for A Read
blk_mem_gen_v8_4_6 WARNING: Address f7f is outside range for A Read
blk_mem_gen_v8_4_6 WARNING: Address f80 is outside range for A Read
blk_mem_gen_v8_4_6 WARNING: Address f80 is outside range for A Read
blk_mem_gen_v8_4_6 WARNING: Address f81 is outside range for A Read
blk_mem_gen_v8_4_6 WARNING: Address f81 is outside range for A Read
blk_mem_gen_v8_4_6 WARNING: Address f82 is outside range for A Read
blk_mem_gen_v8_4_6 WARNING: Address f82 is outside range for A Read
blk_mem_gen_v8_4_6 WARNING: Address f83 is outside range for A Read
blk_mem_gen_v8_4_6 WARNING: Address f83 is outside range for A Read
blk_mem_gen_v8_4_6 WARNING: Address f84 is outside range for A Read
blk_mem_gen_v8_4_6 WARNING: Address f84 is outside range for A Read
blk_mem_gen_v8_4_6 WARNING: Address f85 is outside range for A Read
blk_mem_gen_v8_4_6 WARNING: Address f85 is outside range for A Read
blk_mem_gen_v8_4_6 WARNING: Address f86 is outside range for A Read
blk_mem_gen_v8_4_6 WARNING: Address f86 is outside range for A Read
blk_mem_gen_v8_4_6 WARNING: Address f87 is outside range for A Read
blk_mem_gen_v8_4_6 WARNING: Address f87 is outside range for A Read
blk_mem_gen_v8_4_6 WARNING: Address f88 is outside range for A Read
blk_mem_gen_v8_4_6 WARNING: Address f88 is outside range for A Read
blk_mem_gen_v8_4_6 WARNING: Address f89 is outside range for A Read
blk_mem_gen_v8_4_6 WARNING: Address f89 is outside range for A Read
blk_mem_gen_v8_4_6 WARNING: Address f8a is outside range for A Read
blk_mem_gen_v8_4_6 WARNING: Address f8a is outside range for A Read
blk_mem_gen_v8_4_6 WARNING: Address f8b is outside range for A Read
blk_mem_gen_v8_4_6 WARNING: Address f8b is outside range for A Read
blk_mem_gen_v8_4_6 WARNING: Address f8c is outside range for A Read
blk_mem_gen_v8_4_6 WARNING: Address f8c is outside range for A Read
blk_mem_gen_v8_4_6 WARNING: Address f8d is outside range for A Read
blk_mem_gen_v8_4_6 WARNING: Address f8d is outside range for A Read
blk_mem_gen_v8_4_6 WARNING: Address f8e is outside range for A Read
blk_mem_gen_v8_4_6 WARNING: Address f8e is outside range for A Read
blk_mem_gen_v8_4_6 WARNING: Address f8f is outside range for A Read
blk_mem_gen_v8_4_6 WARNING: Address f8f is outside range for A Read
blk_mem_gen_v8_4_6 WARNING: Address f90 is outside range for A Read
blk_mem_gen_v8_4_6 WARNING: Address f90 is outside range for A Read
blk_mem_gen_v8_4_6 WARNING: Address f91 is outside range for A Read
blk_mem_gen_v8_4_6 WARNING: Address f91 is outside range for A Read
blk_mem_gen_v8_4_6 WARNING: Address f92 is outside range for A Read
blk_mem_gen_v8_4_6 WARNING: Address f92 is outside range for A Read
blk_mem_gen_v8_4_6 WARNING: Address f93 is outside range for A Read
blk_mem_gen_v8_4_6 WARNING: Address f93 is outside range for A Read
blk_mem_gen_v8_4_6 WARNING: Address f94 is outside range for A Read
blk_mem_gen_v8_4_6 WARNING: Address f94 is outside range for A Read
blk_mem_gen_v8_4_6 WARNING: Address f95 is outside range for A Read
blk_mem_gen_v8_4_6 WARNING: Address f95 is outside range for A Read
blk_mem_gen_v8_4_6 WARNING: Address f96 is outside range for A Read
blk_mem_gen_v8_4_6 WARNING: Address f96 is outside range for A Read
blk_mem_gen_v8_4_6 WARNING: Address f97 is outside range for A Read
blk_mem_gen_v8_4_6 WARNING: Address f97 is outside range for A Read
blk_mem_gen_v8_4_6 WARNING: Address f98 is outside range for A Read
blk_mem_gen_v8_4_6 WARNING: Address f98 is outside range for A Read
blk_mem_gen_v8_4_6 WARNING: Address f99 is outside range for A Read
blk_mem_gen_v8_4_6 WARNING: Address f99 is outside range for A Read
blk_mem_gen_v8_4_6 WARNING: Address f9a is outside range for A Read
blk_mem_gen_v8_4_6 WARNING: Address f9a is outside range for A Read
blk_mem_gen_v8_4_6 WARNING: Address f9b is outside range for A Read
blk_mem_gen_v8_4_6 WARNING: Address f9b is outside range for A Read
blk_mem_gen_v8_4_6 WARNING: Address f9c is outside range for A Read
blk_mem_gen_v8_4_6 WARNING: Address f9c is outside range for A Read
blk_mem_gen_v8_4_6 WARNING: Address f9d is outside range for A Read
blk_mem_gen_v8_4_6 WARNING: Address f9d is outside range for A Read
blk_mem_gen_v8_4_6 WARNING: Address f9e is outside range for A Read
blk_mem_gen_v8_4_6 WARNING: Address f9e is outside range for A Read
blk_mem_gen_v8_4_6 WARNING: Address f9f is outside range for A Read
blk_mem_gen_v8_4_6 WARNING: Address f9f is outside range for A Read
blk_mem_gen_v8_4_6 WARNING: Address fa0 is outside range for A Read
blk_mem_gen_v8_4_6 WARNING: Address fa0 is outside range for A Read
blk_mem_gen_v8_4_6 WARNING: Address fa1 is outside range for A Read
blk_mem_gen_v8_4_6 WARNING: Address fa1 is outside range for A Read
blk_mem_gen_v8_4_6 WARNING: Address fa2 is outside range for A Read
blk_mem_gen_v8_4_6 WARNING: Address fa2 is outside range for A Read
blk_mem_gen_v8_4_6 WARNING: Address fa3 is outside range for A Read
blk_mem_gen_v8_4_6 WARNING: Address fa3 is outside range for A Read
blk_mem_gen_v8_4_6 WARNING: Address fa4 is outside range for A Read
blk_mem_gen_v8_4_6 WARNING: Address fa4 is outside range for A Read
blk_mem_gen_v8_4_6 WARNING: Address fa5 is outside range for A Read
blk_mem_gen_v8_4_6 WARNING: Address fa5 is outside range for A Read
blk_mem_gen_v8_4_6 WARNING: Address fa6 is outside range for A Read
blk_mem_gen_v8_4_6 WARNING: Address fa6 is outside range for A Read
blk_mem_gen_v8_4_6 WARNING: Address fa7 is outside range for A Read
blk_mem_gen_v8_4_6 WARNING: Address fa7 is outside range for A Read
blk_mem_gen_v8_4_6 WARNING: Address fa8 is outside range for A Read
blk_mem_gen_v8_4_6 WARNING: Address fa8 is outside range for A Read
blk_mem_gen_v8_4_6 WARNING: Address fa9 is outside range for A Read
blk_mem_gen_v8_4_6 WARNING: Address fa9 is outside range for A Read
blk_mem_gen_v8_4_6 WARNING: Address faa is outside range for A Read
blk_mem_gen_v8_4_6 WARNING: Address faa is outside range for A Read
blk_mem_gen_v8_4_6 WARNING: Address fab is outside range for A Read
blk_mem_gen_v8_4_6 WARNING: Address fab is outside range for A Read
blk_mem_gen_v8_4_6 WARNING: Address fac is outside range for A Read
blk_mem_gen_v8_4_6 WARNING: Address fac is outside range for A Read
blk_mem_gen_v8_4_6 WARNING: Address fad is outside range for A Read
blk_mem_gen_v8_4_6 WARNING: Address fad is outside range for A Read
blk_mem_gen_v8_4_6 WARNING: Address fae is outside range for A Read
blk_mem_gen_v8_4_6 WARNING: Address fae is outside range for A Read
blk_mem_gen_v8_4_6 WARNING: Address faf is outside range for A Read
blk_mem_gen_v8_4_6 WARNING: Address faf is outside range for A Read
blk_mem_gen_v8_4_6 WARNING: Address fb0 is outside range for A Read
blk_mem_gen_v8_4_6 WARNING: Address fb0 is outside range for A Read
blk_mem_gen_v8_4_6 WARNING: Address fb1 is outside range for A Read
blk_mem_gen_v8_4_6 WARNING: Address fb1 is outside range for A Read
blk_mem_gen_v8_4_6 WARNING: Address fb2 is outside range for A Read
blk_mem_gen_v8_4_6 WARNING: Address fb2 is outside range for A Read
blk_mem_gen_v8_4_6 WARNING: Address fb3 is outside range for A Read
blk_mem_gen_v8_4_6 WARNING: Address fb3 is outside range for A Read
blk_mem_gen_v8_4_6 WARNING: Address fb4 is outside range for A Read
blk_mem_gen_v8_4_6 WARNING: Address fb4 is outside range for A Read
blk_mem_gen_v8_4_6 WARNING: Address fb5 is outside range for A Read
blk_mem_gen_v8_4_6 WARNING: Address fb5 is outside range for A Read
blk_mem_gen_v8_4_6 WARNING: Address fb6 is outside range for A Read
blk_mem_gen_v8_4_6 WARNING: Address fb6 is outside range for A Read
blk_mem_gen_v8_4_6 WARNING: Address fb7 is outside range for A Read
blk_mem_gen_v8_4_6 WARNING: Address fb7 is outside range for A Read
blk_mem_gen_v8_4_6 WARNING: Address fb8 is outside range for A Read
blk_mem_gen_v8_4_6 WARNING: Address fb8 is outside range for A Read
blk_mem_gen_v8_4_6 WARNING: Address fb9 is outside range for A Read
blk_mem_gen_v8_4_6 WARNING: Address fb9 is outside range for A Read
blk_mem_gen_v8_4_6 WARNING: Address fba is outside range for A Read
blk_mem_gen_v8_4_6 WARNING: Address fba is outside range for A Read
blk_mem_gen_v8_4_6 WARNING: Address fbb is outside range for A Read
blk_mem_gen_v8_4_6 WARNING: Address fbb is outside range for A Read
blk_mem_gen_v8_4_6 WARNING: Address fbc is outside range for A Read
blk_mem_gen_v8_4_6 WARNING: Address fbc is outside range for A Read
blk_mem_gen_v8_4_6 WARNING: Address fbd is outside range for A Read
blk_mem_gen_v8_4_6 WARNING: Address fbd is outside range for A Read
blk_mem_gen_v8_4_6 WARNING: Address fbe is outside range for A Read
blk_mem_gen_v8_4_6 WARNING: Address fbe is outside range for A Read
blk_mem_gen_v8_4_6 WARNING: Address fbf is outside range for A Read
blk_mem_gen_v8_4_6 WARNING: Address fbf is outside range for A Read
blk_mem_gen_v8_4_6 WARNING: Address fc0 is outside range for A Read
blk_mem_gen_v8_4_6 WARNING: Address fc0 is outside range for A Read
blk_mem_gen_v8_4_6 WARNING: Address fc1 is outside range for A Read
blk_mem_gen_v8_4_6 WARNING: Address fc1 is outside range for A Read
blk_mem_gen_v8_4_6 WARNING: Address fc2 is outside range for A Read
blk_mem_gen_v8_4_6 WARNING: Address fc2 is outside range for A Read
blk_mem_gen_v8_4_6 WARNING: Address fc3 is outside range for A Read
blk_mem_gen_v8_4_6 WARNING: Address fc3 is outside range for A Read
blk_mem_gen_v8_4_6 WARNING: Address fc4 is outside range for A Read
blk_mem_gen_v8_4_6 WARNING: Address fc4 is outside range for A Read
blk_mem_gen_v8_4_6 WARNING: Address fc5 is outside range for A Read
blk_mem_gen_v8_4_6 WARNING: Address fc5 is outside range for A Read
blk_mem_gen_v8_4_6 WARNING: Address fc6 is outside range for A Read
blk_mem_gen_v8_4_6 WARNING: Address fc6 is outside range for A Read
blk_mem_gen_v8_4_6 WARNING: Address fc7 is outside range for A Read
blk_mem_gen_v8_4_6 WARNING: Address fc7 is outside range for A Read
blk_mem_gen_v8_4_6 WARNING: Address fc8 is outside range for A Read
blk_mem_gen_v8_4_6 WARNING: Address fc8 is outside range for A Read
blk_mem_gen_v8_4_6 WARNING: Address fc9 is outside range for A Read
blk_mem_gen_v8_4_6 WARNING: Address fc9 is outside range for A Read
blk_mem_gen_v8_4_6 WARNING: Address fca is outside range for A Read
blk_mem_gen_v8_4_6 WARNING: Address fca is outside range for A Read
blk_mem_gen_v8_4_6 WARNING: Address fcb is outside range for A Read
blk_mem_gen_v8_4_6 WARNING: Address fcb is outside range for A Read
blk_mem_gen_v8_4_6 WARNING: Address fcc is outside range for A Read
blk_mem_gen_v8_4_6 WARNING: Address fcc is outside range for A Read
blk_mem_gen_v8_4_6 WARNING: Address fcd is outside range for A Read
blk_mem_gen_v8_4_6 WARNING: Address fcd is outside range for A Read
blk_mem_gen_v8_4_6 WARNING: Address fce is outside range for A Read
blk_mem_gen_v8_4_6 WARNING: Address fce is outside range for A Read
blk_mem_gen_v8_4_6 WARNING: Address fcf is outside range for A Read
blk_mem_gen_v8_4_6 WARNING: Address fcf is outside range for A Read
blk_mem_gen_v8_4_6 WARNING: Address fd0 is outside range for A Read
blk_mem_gen_v8_4_6 WARNING: Address fd0 is outside range for A Read
blk_mem_gen_v8_4_6 WARNING: Address fd1 is outside range for A Read
blk_mem_gen_v8_4_6 WARNING: Address fd1 is outside range for A Read
blk_mem_gen_v8_4_6 WARNING: Address fd2 is outside range for A Read
blk_mem_gen_v8_4_6 WARNING: Address fd2 is outside range for A Read
blk_mem_gen_v8_4_6 WARNING: Address fd3 is outside range for A Read
blk_mem_gen_v8_4_6 WARNING: Address fd3 is outside range for A Read
blk_mem_gen_v8_4_6 WARNING: Address fd4 is outside range for A Read
blk_mem_gen_v8_4_6 WARNING: Address fd4 is outside range for A Read
blk_mem_gen_v8_4_6 WARNING: Address fd5 is outside range for A Read
blk_mem_gen_v8_4_6 WARNING: Address fd5 is outside range for A Read
blk_mem_gen_v8_4_6 WARNING: Address fd6 is outside range for A Read
blk_mem_gen_v8_4_6 WARNING: Address fd6 is outside range for A Read
blk_mem_gen_v8_4_6 WARNING: Address fd7 is outside range for A Read
blk_mem_gen_v8_4_6 WARNING: Address fd7 is outside range for A Read
blk_mem_gen_v8_4_6 WARNING: Address fd8 is outside range for A Read
blk_mem_gen_v8_4_6 WARNING: Address fd8 is outside range for A Read
blk_mem_gen_v8_4_6 WARNING: Address fd9 is outside range for A Read
blk_mem_gen_v8_4_6 WARNING: Address fd9 is outside range for A Read
blk_mem_gen_v8_4_6 WARNING: Address fda is outside range for A Read
blk_mem_gen_v8_4_6 WARNING: Address fda is outside range for A Read
blk_mem_gen_v8_4_6 WARNING: Address fdb is outside range for A Read
blk_mem_gen_v8_4_6 WARNING: Address fdb is outside range for A Read
blk_mem_gen_v8_4_6 WARNING: Address fdc is outside range for A Read
blk_mem_gen_v8_4_6 WARNING: Address fdc is outside range for A Read
blk_mem_gen_v8_4_6 WARNING: Address fdd is outside range for A Read
blk_mem_gen_v8_4_6 WARNING: Address fdd is outside range for A Read
blk_mem_gen_v8_4_6 WARNING: Address fde is outside range for A Read
blk_mem_gen_v8_4_6 WARNING: Address fde is outside range for A Read
blk_mem_gen_v8_4_6 WARNING: Address fdf is outside range for A Read
blk_mem_gen_v8_4_6 WARNING: Address fdf is outside range for A Read
blk_mem_gen_v8_4_6 WARNING: Address fe0 is outside range for A Read
blk_mem_gen_v8_4_6 WARNING: Address fe0 is outside range for A Read
blk_mem_gen_v8_4_6 WARNING: Address fe1 is outside range for A Read
blk_mem_gen_v8_4_6 WARNING: Address fe1 is outside range for A Read
blk_mem_gen_v8_4_6 WARNING: Address fe2 is outside range for A Read
blk_mem_gen_v8_4_6 WARNING: Address fe2 is outside range for A Read
blk_mem_gen_v8_4_6 WARNING: Address fe3 is outside range for A Read
blk_mem_gen_v8_4_6 WARNING: Address fe3 is outside range for A Read
blk_mem_gen_v8_4_6 WARNING: Address fe4 is outside range for A Read
blk_mem_gen_v8_4_6 WARNING: Address fe4 is outside range for A Read
blk_mem_gen_v8_4_6 WARNING: Address fe5 is outside range for A Read
blk_mem_gen_v8_4_6 WARNING: Address fe5 is outside range for A Read
blk_mem_gen_v8_4_6 WARNING: Address fe6 is outside range for A Read
blk_mem_gen_v8_4_6 WARNING: Address fe6 is outside range for A Read
blk_mem_gen_v8_4_6 WARNING: Address fe7 is outside range for A Read
blk_mem_gen_v8_4_6 WARNING: Address fe7 is outside range for A Read
blk_mem_gen_v8_4_6 WARNING: Address fe8 is outside range for A Read
blk_mem_gen_v8_4_6 WARNING: Address fe8 is outside range for A Read
blk_mem_gen