
*** Running vivado
    with args -log weights2.vds -m64 -product Vivado -mode batch -messageDb vivado.pb -notrace -source weights2.tcl


ECHO est  desativado.
ECHO est  desativado.

****** Vivado v2023.1 (64-bit)
  **** SW Build 3865809 on Sun May  7 15:05:29 MDT 2023
  **** IP Build 3864474 on Sun May  7 20:36:21 MDT 2023
  **** SharedData Build 3865790 on Sun May 07 13:33:03 MDT 2023
    ** Copyright 1986-2022 Xilinx, Inc. All Rights Reserved.
    ** Copyright 2022-2023 Advanced Micro Devices, Inc. All Rights Reserved.

source weights2.tcl -notrace
create_project: Time (s): cpu = 00:00:05 ; elapsed = 00:00:09 . Memory (MB): peak = 467.727 ; gain = 198.391
INFO: [IP_Flow 19-6924] IPCACHE: Running cache check for IP inst: weights2
INFO: [IP_Flow 19-6922] IPCACHE: Exporting cached entry c361d7e381fc68c6 to dir: C:/Users/guivi/Documents/PSD/projeto3_limpo_arquive.xpr/nn_rd_mems/nn_rd_mems.runs/weights2_synth_1
INFO: [IP_Flow 19-6928] IPCACHE: copied cached file c:/Users/guivi/Documents/PSD/projeto3_limpo_arquive.xpr/nn_rd_mems/nn_rd_mems.cache/ip/2023.1/c/3/c361d7e381fc68c6/weights2.dcp to C:/Users/guivi/Documents/PSD/projeto3_limpo_arquive.xpr/nn_rd_mems/nn_rd_mems.runs/weights2_synth_1/weights2.dcp.
INFO: [IP_Flow 19-6928] IPCACHE: copied cached file c:/Users/guivi/Documents/PSD/projeto3_limpo_arquive.xpr/nn_rd_mems/nn_rd_mems.cache/ip/2023.1/c/3/c361d7e381fc68c6/weights2_sim_netlist.v to C:/Users/guivi/Documents/PSD/projeto3_limpo_arquive.xpr/nn_rd_mems/nn_rd_mems.runs/weights2_synth_1/weights2_sim_netlist.v.
INFO: [IP_Flow 19-6928] IPCACHE: copied cached file c:/Users/guivi/Documents/PSD/projeto3_limpo_arquive.xpr/nn_rd_mems/nn_rd_mems.cache/ip/2023.1/c/3/c361d7e381fc68c6/weights2_sim_netlist.vhdl to C:/Users/guivi/Documents/PSD/projeto3_limpo_arquive.xpr/nn_rd_mems/nn_rd_mems.runs/weights2_synth_1/weights2_sim_netlist.vhdl.
INFO: [IP_Flow 19-6928] IPCACHE: copied cached file c:/Users/guivi/Documents/PSD/projeto3_limpo_arquive.xpr/nn_rd_mems/nn_rd_mems.cache/ip/2023.1/c/3/c361d7e381fc68c6/weights2_stub.v to C:/Users/guivi/Documents/PSD/projeto3_limpo_arquive.xpr/nn_rd_mems/nn_rd_mems.runs/weights2_synth_1/weights2_stub.v.
INFO: [IP_Flow 19-6928] IPCACHE: copied cached file c:/Users/guivi/Documents/PSD/projeto3_limpo_arquive.xpr/nn_rd_mems/nn_rd_mems.cache/ip/2023.1/c/3/c361d7e381fc68c6/weights2_stub.vhdl to C:/Users/guivi/Documents/PSD/projeto3_limpo_arquive.xpr/nn_rd_mems/nn_rd_mems.runs/weights2_synth_1/weights2_stub.vhdl.
INFO: [IP_Flow 19-4838] Using cached IP synthesis design for IP weights2, cache-ID = c361d7e381fc68c6.
INFO: [Common 17-206] Exiting Vivado at Wed Nov  1 14:42:16 2023...
