********************************************************************************
* Unified simulation Tcl App stack trace dump
*
* File: .usf.tcl_error.log (Wed Nov  1 13:15:26 2023)
*
* This file is generated by the unified simulation automation and contains the
* tcl stack trace of error returned by the simulator App for the current run.
*
********************************************************************************
ERROR: [Common 17-39] 'send_msg_id' failed due to earlier errors.

    while executing
"send_msg_id USF-XSim-011 ERROR "Failed to open file to write ($ini_file)\n""
    (procedure "usf_realign_custom_simmodel_libraries" line 55)
    invoked from within
"usf_realign_custom_simmodel_libraries $file"
    (procedure "usf_xsim_setup_simulation" line 182)
    invoked from within
"usf_xsim_setup_simulation"
    (procedure "tclapp::xilinx::xsim::setup" line 24)
    invoked from within
"tclapp::xilinx::xsim::setup { -simset sim_1 -mode behavioral -run_dir {C:/Users/guivi/OneDrive - Universidade de Lisboa/Documentos/Faculdade/GitHub/PS..."
